#
# There is insufficient memory for the Java Runtime Environment to continue.
# Native memory allocation (mmap) failed to map 65536 bytes for Failed to commit metaspace.
# Possible reasons:
#   The system is out of physical RAM or swap space
#   The process is running with CompressedOops enabled, and the Java Heap may be blocking the growth of the native heap
# Possible solutions:
#   Reduce memory load on the system
#   Increase physical memory or swap space
#   Check if swap backing store is full
#   Decrease Java heap size (-Xmx/-Xms)
#   Decrease number of Java threads
#   Decrease Java thread stack sizes (-Xss)
#   Set larger code cache with -XX:ReservedCodeCacheSize=
#   JVM is running with Unscaled Compressed Oops mode in which the Java heap is
#     placed in the first 4GB address space. The Java Heap base address is the
#     maximum limit for the native heap growth. Please use -XX:HeapBaseMinAddress
#     to set the Java Heap base and to place the Java Heap above 4GB virtual address.
# This output file may be truncated or incomplete.
#
#  Out of Memory Error (virtualSpaceNode.cpp:110), pid=2812, tid=13664
#
# JRE version: Java(TM) SE Runtime Environment (17.0.2+8) (build 17.0.2+8-LTS-86)
# Java VM: Java HotSpot(TM) 64-Bit Server VM (17.0.2+8-LTS-86, mixed mode, emulated-client, tiered, compressed oops, compressed class ptrs, g1 gc, windows-amd64)
# No core dump will be written. Minidumps are not enabled by default on client versions of Windows
#

---------------  S U M M A R Y ------------

Command Line: -XX:TieredStopAtLevel=1 -Dspring.output.ansi.enabled=always -Dcom.sun.management.jmxremote -Dspring.jmx.enabled=true -Dspring.liveBeansView.mbeanDomain -Dspring.application.admin.enabled=true -Dmanagement.endpoints.jmx.exposure.include=* -javaagent:A:\installed games\IntelliJ IDEA 2021.3\lib\idea_rt.jar=1304:A:\installed games\IntelliJ IDEA 2021.3\bin -Dfile.encoding=UTF-8 com.example.e_ticket_uz_railway.ETicketUzRailwayApplication

Host: AMD Ryzen 7 6800H with Radeon Graphics         , 16 cores, 7G,  Windows 11 , 64 bit Build 22621 (10.0.22621.1635)
Time: Sat May 20 22:57:07 2023 West Asia Standard Time elapsed time: 0.394360 seconds (0d 0h 0m 0s)

---------------  T H R E A D  ---------------

Current thread (0x000002471a4a9cf0):  JavaThread "main" [_thread_in_vm, id=13664, stack(0x00000099acd00000,0x00000099ace00000)]

Stack: [0x00000099acd00000,0x00000099ace00000]
Native frames: (J=compiled Java code, j=interpreted, Vv=VM code, C=native code)
V  [jvm.dll+0x670baa]
V  [jvm.dll+0x7cfcb4]
V  [jvm.dll+0x7d145e]
V  [jvm.dll+0x7d1ac3]
V  [jvm.dll+0x242bc5]
V  [jvm.dll+0x7cbc5b]
V  [jvm.dll+0x616966]
V  [jvm.dll+0x6169ca]
V  [jvm.dll+0x6191da]
V  [jvm.dll+0x617306]
V  [jvm.dll+0x23718f]
V  [jvm.dll+0x621015]
V  [jvm.dll+0x1e7e2b]
V  [jvm.dll+0x1e8365]
V  [jvm.dll+0x1e8d9f]
V  [jvm.dll+0x1de251]
V  [jvm.dll+0x537c30]
V  [jvm.dll+0x1eea37]
V  [jvm.dll+0x74a15b]
V  [jvm.dll+0x74b502]
V  [jvm.dll+0x74b838]
V  [jvm.dll+0x23af1e]
V  [jvm.dll+0x23b16f]
V  [jvm.dll+0x5559e3]
V  [jvm.dll+0x557e64]
V  [jvm.dll+0x37eefe]
V  [jvm.dll+0x37e9a2]
C  0x0000024721d07b28

Java frames: (J=compiled Java code, j=interpreted, Vv=VM code)
j  java.util.logging.LogManager.<clinit>()V+16 java.logging@17.0.2
v  ~StubRoutines::call_stub
j  jdk.internal.reflect.NativeMethodAccessorImpl.invoke0(Ljava/lang/reflect/Method;Ljava/lang/Object;[Ljava/lang/Object;)Ljava/lang/Object;+0 java.base@17.0.2
j  jdk.internal.reflect.NativeMethodAccessorImpl.invoke(Ljava/lang/Object;[Ljava/lang/Object;)Ljava/lang/Object;+133 java.base@17.0.2
j  jdk.internal.reflect.DelegatingMethodAccessorImpl.invoke(Ljava/lang/Object;[Ljava/lang/Object;)Ljava/lang/Object;+6 java.base@17.0.2
j  java.lang.reflect.Method.invoke(Ljava/lang/Object;[Ljava/lang/Object;)Ljava/lang/Object;+59 java.base@17.0.2
j  sun.management.ManagementFactoryHelper$LoggingMXBeanAccess.getMXBeanImplementation()Ljava/lang/Object;+35 java.management@17.0.2
j  sun.management.ManagementFactoryHelper$LoggingMXBeanAccess.<init>()V+5 java.management@17.0.2
j  sun.management.ManagementFactoryHelper$PlatformLoggingImpl.getInstance()Lsun/management/ManagementFactoryHelper$PlatformLoggingImpl;+8 java.management@17.0.2
j  sun.management.ManagementFactoryHelper$PlatformLoggingImpl.<clinit>()V+0 java.management@17.0.2
v  ~StubRoutines::call_stub
j  sun.management.ManagementFactoryHelper.getPlatformLoggingMXBean()Ljava/lang/management/PlatformLoggingMXBean;+6 java.management@17.0.2
j  java.lang.management.DefaultPlatformMBeanProvider$9.nameToMBeanMap()Ljava/util/Map;+2 java.management@17.0.2
j  java.lang.management.ManagementFactory.lambda$getPlatformMBeanServer$0(Lsun/management/spi/PlatformMBeanProvider$PlatformComponent;)Ljava/util/stream/Stream;+1 java.management@17.0.2
j  java.lang.management.ManagementFactory$$Lambda$19+0x00000001000b63d0.apply(Ljava/lang/Object;)Ljava/lang/Object;+4 java.management@17.0.2
j  java.util.stream.ReferencePipeline$7$1.accept(Ljava/lang/Object;)V+8 java.base@17.0.2
j  java.util.stream.ReferencePipeline$2$1.accept(Ljava/lang/Object;)V+21 java.base@17.0.2
j  java.util.HashMap$ValueSpliterator.forEachRemaining(Ljava/util/function/Consumer;)V+145 java.base@17.0.2
j  java.util.stream.AbstractPipeline.copyInto(Ljava/util/stream/Sink;Ljava/util/Spliterator;)V+32 java.base@17.0.2
j  java.util.stream.AbstractPipeline.wrapAndCopyInto(Ljava/util/stream/Sink;Ljava/util/Spliterator;)Ljava/util/stream/Sink;+13 java.base@17.0.2
j  java.util.stream.ForEachOps$ForEachOp.evaluateSequential(Ljava/util/stream/PipelineHelper;Ljava/util/Spliterator;)Ljava/lang/Void;+3 java.base@17.0.2
j  java.util.stream.ForEachOps$ForEachOp$OfRef.evaluateSequential(Ljava/util/stream/PipelineHelper;Ljava/util/Spliterator;)Ljava/lang/Object;+3 java.base@17.0.2
j  java.util.stream.AbstractPipeline.evaluate(Ljava/util/stream/TerminalOp;)Ljava/lang/Object;+88 java.base@17.0.2
j  java.util.stream.ReferencePipeline.forEach(Ljava/util/function/Consumer;)V+6 java.base@17.0.2
j  java.lang.management.ManagementFactory.getPlatformMBeanServer()Ljavax/management/MBeanServer;+68 java.management@17.0.2
j  sun.management.jmxremote.ConnectorBootstrap.startLocalConnectorServer()Ljavax/management/remote/JMXConnectorServer;+88 jdk.management.agent@17.0.2
j  jdk.internal.agent.Agent.startLocalManagementAgent()V+13 jdk.management.agent@17.0.2
j  jdk.internal.agent.Agent.startAgent(Ljava/util/Properties;)V+58 jdk.management.agent@17.0.2
j  jdk.internal.agent.Agent.startAgent()V+20 jdk.management.agent@17.0.2
v  ~StubRoutines::call_stub

---------------  P R O C E S S  ---------------

Threads class SMR info:
_java_thread_list=0x000002472d9f9320, length=14, elements={
0x000002471a4a9cf0, 0x000002472c930260, 0x000002472c8e24a0, 0x000002472c900e70,
0x000002472c901820, 0x000002472c903380, 0x000002472d428980, 0x000002472d42bd40,
0x000002472d42de70, 0x000002472d427fe0, 0x000002472d4e2020, 0x000002472d4e29f0,
0x000002472d4284b0, 0x000002472d4267d0
}

Java Threads: ( => current thread )
=>0x000002471a4a9cf0 JavaThread "main" [_thread_in_vm, id=13664, stack(0x00000099acd00000,0x00000099ace00000)]
  0x000002472c930260 JavaThread "Reference Handler" daemon [_thread_blocked, id=22752, stack(0x00000099ad400000,0x00000099ad500000)]
  0x000002472c8e24a0 JavaThread "Finalizer" daemon [_thread_blocked, id=5652, stack(0x00000099ad500000,0x00000099ad600000)]
  0x000002472c900e70 JavaThread "Signal Dispatcher" daemon [_thread_blocked, id=23040, stack(0x00000099ad600000,0x00000099ad700000)]
  0x000002472c901820 JavaThread "Attach Listener" daemon [_thread_blocked, id=8256, stack(0x00000099ad700000,0x00000099ad800000)]
  0x000002472c903380 JavaThread "Service Thread" daemon [_thread_blocked, id=9268, stack(0x00000099ad800000,0x00000099ad900000)]
  0x000002472d428980 JavaThread "Monitor Deflation Thread" daemon [_thread_blocked, id=24680, stack(0x00000099ad900000,0x00000099ada00000)]
  0x000002472d42bd40 JavaThread "C1 CompilerThread0" daemon [_thread_blocked, id=8492, stack(0x00000099ada00000,0x00000099adb00000)]
  0x000002472d42de70 JavaThread "Sweeper thread" daemon [_thread_blocked, id=10136, stack(0x00000099adb00000,0x00000099adc00000)]
  0x000002472d427fe0 JavaThread "Common-Cleaner" daemon [_thread_blocked, id=22124, stack(0x00000099adc00000,0x00000099add00000)]
  0x000002472d4e2020 JavaThread "C1 CompilerThread1" daemon [_thread_blocked, id=25432, stack(0x00000099add00000,0x00000099ade00000)]
  0x000002472d4e29f0 JavaThread "C1 CompilerThread2" daemon [_thread_blocked, id=6596, stack(0x00000099ade00000,0x00000099adf00000)]
  0x000002472d4284b0 JavaThread "Monitor Ctrl-Break" daemon [_thread_in_native, id=15940, stack(0x00000099adf00000,0x00000099ae000000)]
  0x000002472d4267d0 JavaThread "Notification Thread" daemon [_thread_blocked, id=10944, stack(0x00000099ae000000,0x00000099ae100000)]

Other Threads:
  0x000002472c8a3520 VMThread "VM Thread" [stack: 0x00000099ad300000,0x00000099ad400000] [id=24892]
  0x000002471a4e6520 GCTaskThread "GC Thread#0" [stack: 0x00000099ace00000,0x00000099acf00000] [id=25476]
  0x000002471a4f5e40 ConcurrentGCThread "G1 Main Marker" [stack: 0x00000099acf00000,0x00000099ad000000] [id=8488]
  0x000002471a4f8000 ConcurrentGCThread "G1 Conc#0" [stack: 0x00000099ad000000,0x00000099ad100000] [id=22616]
  0x000002471a56ebf0 ConcurrentGCThread "G1 Refine#0" [stack: 0x00000099ad100000,0x00000099ad200000] [id=14256]
  0x000002472c756b10 ConcurrentGCThread "G1 Service" [stack: 0x00000099ad200000,0x00000099ad300000] [id=10316]

Threads with active compile tasks:

VM state: not at safepoint (normal execution)

VM Mutex/Monitor currently owned by a thread:  ([mutex/lock_event])
[0x000002471a4a57c0] Metaspace_lock - owner thread: 0x000002471a4a9cf0

Heap address: 0x000000008bc00000, size: 1860 MB, Compressed Oops mode: 32-bit

CDS archive(s) not mapped
Compressed class space mapped at: 0x0000000100000000-0x0000000140000000, reserved size: 1073741824
Narrow klass base: 0x0000000000000000, Narrow klass shift: 3, Narrow klass range: 0x140000000

GC Precious Log:
 CPUs: 16 total, 16 available
 Memory: 7436M
 Large Page Support: Disabled
 NUMA Support: Disabled
 Compressed Oops: Enabled (32-bit)
 Heap Region Size: 1M
 Heap Min Capacity: 8M
 Heap Initial Capacity: 118M
 Heap Max Capacity: 1860M
 Pre-touch: Disabled
 Parallel Workers: 13
 Concurrent Workers: 3
 Concurrent Refinement Workers: 13
 Periodic GC: Disabled

Heap:
 garbage-first heap   total 120832K, used 8192K [0x000000008bc00000, 0x0000000100000000)
  region size 1024K, 9 young (9216K), 0 survivors (0K)
 Metaspace       used 9261K, committed 9408K, reserved 1064960K
  class space    used 878K, committed 960K, reserved 1048576K

Heap Regions: E=young(eden), S=young(survivor), O=old, HS=humongous(starts), HC=humongous(continues), CS=collection set, F=free, OA=open archive, CA=closed archive, TAMS=top-at-mark-start (previous, next)
|   0|0x000000008bc00000, 0x000000008bd00000, 0x000000008bd00000|100%|HS|  |TAMS 0x000000008bc00000, 0x000000008bc00000| Complete 
|   1|0x000000008bd00000, 0x000000008bd00000, 0x000000008be00000|  0%| F|  |TAMS 0x000000008bd00000, 0x000000008bd00000| Untracked 
|   2|0x000000008be00000, 0x000000008be00000, 0x000000008bf00000|  0%| F|  |TAMS 0x000000008be00000, 0x000000008be00000| Untracked 
|   3|0x000000008bf00000, 0x000000008bf00000, 0x000000008c000000|  0%| F|  |TAMS 0x000000008bf00000, 0x000000008bf00000| Untracked 
|   4|0x000000008c000000, 0x000000008c000000, 0x000000008c100000|  0%| F|  |TAMS 0x000000008c000000, 0x000000008c000000| Untracked 
|   5|0x000000008c100000, 0x000000008c100000, 0x000000008c200000|  0%| F|  |TAMS 0x000000008c100000, 0x000000008c100000| Untracked 
|   6|0x000000008c200000, 0x000000008c200000, 0x000000008c300000|  0%| F|  |TAMS 0x000000008c200000, 0x000000008c200000| Untracked 
|   7|0x000000008c300000, 0x000000008c300000, 0x000000008c400000|  0%| F|  |TAMS 0x000000008c300000, 0x000000008c300000| Untracked 
|   8|0x000000008c400000, 0x000000008c400000, 0x000000008c500000|  0%| F|  |TAMS 0x000000008c400000, 0x000000008c400000| Untracked 
|   9|0x000000008c500000, 0x000000008c500000, 0x000000008c600000|  0%| F|  |TAMS 0x000000008c500000, 0x000000008c500000| Untracked 
|  10|0x000000008c600000, 0x000000008c600000, 0x000000008c700000|  0%| F|  |TAMS 0x000000008c600000, 0x000000008c600000| Untracked 
|  11|0x000000008c700000, 0x000000008c700000, 0x000000008c800000|  0%| F|  |TAMS 0x000000008c700000, 0x000000008c700000| Untracked 
|  12|0x000000008c800000, 0x000000008c800000, 0x000000008c900000|  0%| F|  |TAMS 0x000000008c800000, 0x000000008c800000| Untracked 
|  13|0x000000008c900000, 0x000000008c900000, 0x000000008ca00000|  0%| F|  |TAMS 0x000000008c900000, 0x000000008c900000| Untracked 
|  14|0x000000008ca00000, 0x000000008ca00000, 0x000000008cb00000|  0%| F|  |TAMS 0x000000008ca00000, 0x000000008ca00000| Untracked 
|  15|0x000000008cb00000, 0x000000008cb00000, 0x000000008cc00000|  0%| F|  |TAMS 0x000000008cb00000, 0x000000008cb00000| Untracked 
|  16|0x000000008cc00000, 0x000000008cc00000, 0x000000008cd00000|  0%| F|  |TAMS 0x000000008cc00000, 0x000000008cc00000| Untracked 
|  17|0x000000008cd00000, 0x000000008cd00000, 0x000000008ce00000|  0%| F|  |TAMS 0x000000008cd00000, 0x000000008cd00000| Untracked 
|  18|0x000000008ce00000, 0x000000008ce00000, 0x000000008cf00000|  0%| F|  |TAMS 0x000000008ce00000, 0x000000008ce00000| Untracked 
|  19|0x000000008cf00000, 0x000000008cf00000, 0x000000008d000000|  0%| F|  |TAMS 0x000000008cf00000, 0x000000008cf00000| Untracked 
|  20|0x000000008d000000, 0x000000008d000000, 0x000000008d100000|  0%| F|  |TAMS 0x000000008d000000, 0x000000008d000000| Untracked 
|  21|0x000000008d100000, 0x000000008d100000, 0x000000008d200000|  0%| F|  |TAMS 0x000000008d100000, 0x000000008d100000| Untracked 
|  22|0x000000008d200000, 0x000000008d200000, 0x000000008d300000|  0%| F|  |TAMS 0x000000008d200000, 0x000000008d200000| Untracked 
|  23|0x000000008d300000, 0x000000008d300000, 0x000000008d400000|  0%| F|  |TAMS 0x000000008d300000, 0x000000008d300000| Untracked 
|  24|0x000000008d400000, 0x000000008d400000, 0x000000008d500000|  0%| F|  |TAMS 0x000000008d400000, 0x000000008d400000| Untracked 
|  25|0x000000008d500000, 0x000000008d500000, 0x000000008d600000|  0%| F|  |TAMS 0x000000008d500000, 0x000000008d500000| Untracked 
|  26|0x000000008d600000, 0x000000008d600000, 0x000000008d700000|  0%| F|  |TAMS 0x000000008d600000, 0x000000008d600000| Untracked 
|  27|0x000000008d700000, 0x000000008d700000, 0x000000008d800000|  0%| F|  |TAMS 0x000000008d700000, 0x000000008d700000| Untracked 
|  28|0x000000008d800000, 0x000000008d800000, 0x000000008d900000|  0%| F|  |TAMS 0x000000008d800000, 0x000000008d800000| Untracked 
|  29|0x000000008d900000, 0x000000008d900000, 0x000000008da00000|  0%| F|  |TAMS 0x000000008d900000, 0x000000008d900000| Untracked 
|  30|0x000000008da00000, 0x000000008da00000, 0x000000008db00000|  0%| F|  |TAMS 0x000000008da00000, 0x000000008da00000| Untracked 
|  31|0x000000008db00000, 0x000000008db00000, 0x000000008dc00000|  0%| F|  |TAMS 0x000000008db00000, 0x000000008db00000| Untracked 
|  32|0x000000008dc00000, 0x000000008dc00000, 0x000000008dd00000|  0%| F|  |TAMS 0x000000008dc00000, 0x000000008dc00000| Untracked 
|  33|0x000000008dd00000, 0x000000008dd00000, 0x000000008de00000|  0%| F|  |TAMS 0x000000008dd00000, 0x000000008dd00000| Untracked 
|  34|0x000000008de00000, 0x000000008de00000, 0x000000008df00000|  0%| F|  |TAMS 0x000000008de00000, 0x000000008de00000| Untracked 
|  35|0x000000008df00000, 0x000000008df00000, 0x000000008e000000|  0%| F|  |TAMS 0x000000008df00000, 0x000000008df00000| Untracked 
|  36|0x000000008e000000, 0x000000008e000000, 0x000000008e100000|  0%| F|  |TAMS 0x000000008e000000, 0x000000008e000000| Untracked 
|  37|0x000000008e100000, 0x000000008e100000, 0x000000008e200000|  0%| F|  |TAMS 0x000000008e100000, 0x000000008e100000| Untracked 
|  38|0x000000008e200000, 0x000000008e200000, 0x000000008e300000|  0%| F|  |TAMS 0x000000008e200000, 0x000000008e200000| Untracked 
|  39|0x000000008e300000, 0x000000008e300000, 0x000000008e400000|  0%| F|  |TAMS 0x000000008e300000, 0x000000008e300000| Untracked 
|  40|0x000000008e400000, 0x000000008e400000, 0x000000008e500000|  0%| F|  |TAMS 0x000000008e400000, 0x000000008e400000| Untracked 
|  41|0x000000008e500000, 0x000000008e500000, 0x000000008e600000|  0%| F|  |TAMS 0x000000008e500000, 0x000000008e500000| Untracked 
|  42|0x000000008e600000, 0x000000008e600000, 0x000000008e700000|  0%| F|  |TAMS 0x000000008e600000, 0x000000008e600000| Untracked 
|  43|0x000000008e700000, 0x000000008e700000, 0x000000008e800000|  0%| F|  |TAMS 0x000000008e700000, 0x000000008e700000| Untracked 
|  44|0x000000008e800000, 0x000000008e800000, 0x000000008e900000|  0%| F|  |TAMS 0x000000008e800000, 0x000000008e800000| Untracked 
|  45|0x000000008e900000, 0x000000008e900000, 0x000000008ea00000|  0%| F|  |TAMS 0x000000008e900000, 0x000000008e900000| Untracked 
|  46|0x000000008ea00000, 0x000000008ea00000, 0x000000008eb00000|  0%| F|  |TAMS 0x000000008ea00000, 0x000000008ea00000| Untracked 
|  47|0x000000008eb00000, 0x000000008eb00000, 0x000000008ec00000|  0%| F|  |TAMS 0x000000008eb00000, 0x000000008eb00000| Untracked 
|  48|0x000000008ec00000, 0x000000008ec00000, 0x000000008ed00000|  0%| F|  |TAMS 0x000000008ec00000, 0x000000008ec00000| Untracked 
|  49|0x000000008ed00000, 0x000000008ed00000, 0x000000008ee00000|  0%| F|  |TAMS 0x000000008ed00000, 0x000000008ed00000| Untracked 
|  50|0x000000008ee00000, 0x000000008ee00000, 0x000000008ef00000|  0%| F|  |TAMS 0x000000008ee00000, 0x000000008ee00000| Untracked 
|  51|0x000000008ef00000, 0x000000008ef00000, 0x000000008f000000|  0%| F|  |TAMS 0x000000008ef00000, 0x000000008ef00000| Untracked 
|  52|0x000000008f000000, 0x000000008f000000, 0x000000008f100000|  0%| F|  |TAMS 0x000000008f000000, 0x000000008f000000| Untracked 
|  53|0x000000008f100000, 0x000000008f100000, 0x000000008f200000|  0%| F|  |TAMS 0x000000008f100000, 0x000000008f100000| Untracked 
|  54|0x000000008f200000, 0x000000008f200000, 0x000000008f300000|  0%| F|  |TAMS 0x000000008f200000, 0x000000008f200000| Untracked 
|  55|0x000000008f300000, 0x000000008f300000, 0x000000008f400000|  0%| F|  |TAMS 0x000000008f300000, 0x000000008f300000| Untracked 
|  56|0x000000008f400000, 0x000000008f400000, 0x000000008f500000|  0%| F|  |TAMS 0x000000008f400000, 0x000000008f400000| Untracked 
|  57|0x000000008f500000, 0x000000008f500000, 0x000000008f600000|  0%| F|  |TAMS 0x000000008f500000, 0x000000008f500000| Untracked 
|  58|0x000000008f600000, 0x000000008f600000, 0x000000008f700000|  0%| F|  |TAMS 0x000000008f600000, 0x000000008f600000| Untracked 
|  59|0x000000008f700000, 0x000000008f700000, 0x000000008f800000|  0%| F|  |TAMS 0x000000008f700000, 0x000000008f700000| Untracked 
|  60|0x000000008f800000, 0x000000008f800000, 0x000000008f900000|  0%| F|  |TAMS 0x000000008f800000, 0x000000008f800000| Untracked 
|  61|0x000000008f900000, 0x000000008f900000, 0x000000008fa00000|  0%| F|  |TAMS 0x000000008f900000, 0x000000008f900000| Untracked 
|  62|0x000000008fa00000, 0x000000008fa00000, 0x000000008fb00000|  0%| F|  |TAMS 0x000000008fa00000, 0x000000008fa00000| Untracked 
|  63|0x000000008fb00000, 0x000000008fb00000, 0x000000008fc00000|  0%| F|  |TAMS 0x000000008fb00000, 0x000000008fb00000| Untracked 
|  64|0x000000008fc00000, 0x000000008fc00000, 0x000000008fd00000|  0%| F|  |TAMS 0x000000008fc00000, 0x000000008fc00000| Untracked 
|  65|0x000000008fd00000, 0x000000008fd00000, 0x000000008fe00000|  0%| F|  |TAMS 0x000000008fd00000, 0x000000008fd00000| Untracked 
|  66|0x000000008fe00000, 0x000000008fe00000, 0x000000008ff00000|  0%| F|  |TAMS 0x000000008fe00000, 0x000000008fe00000| Untracked 
|  67|0x000000008ff00000, 0x000000008ff00000, 0x0000000090000000|  0%| F|  |TAMS 0x000000008ff00000, 0x000000008ff00000| Untracked 
|  68|0x0000000090000000, 0x0000000090000000, 0x0000000090100000|  0%| F|  |TAMS 0x0000000090000000, 0x0000000090000000| Untracked 
|  69|0x0000000090100000, 0x0000000090100000, 0x0000000090200000|  0%| F|  |TAMS 0x0000000090100000, 0x0000000090100000| Untracked 
|  70|0x0000000090200000, 0x0000000090200000, 0x0000000090300000|  0%| F|  |TAMS 0x0000000090200000, 0x0000000090200000| Untracked 
|  71|0x0000000090300000, 0x0000000090300000, 0x0000000090400000|  0%| F|  |TAMS 0x0000000090300000, 0x0000000090300000| Untracked 
|  72|0x0000000090400000, 0x0000000090400000, 0x0000000090500000|  0%| F|  |TAMS 0x0000000090400000, 0x0000000090400000| Untracked 
|  73|0x0000000090500000, 0x0000000090500000, 0x0000000090600000|  0%| F|  |TAMS 0x0000000090500000, 0x0000000090500000| Untracked 
|  74|0x0000000090600000, 0x0000000090600000, 0x0000000090700000|  0%| F|  |TAMS 0x0000000090600000, 0x0000000090600000| Untracked 
|  75|0x0000000090700000, 0x0000000090700000, 0x0000000090800000|  0%| F|  |TAMS 0x0000000090700000, 0x0000000090700000| Untracked 
|  76|0x0000000090800000, 0x0000000090800000, 0x0000000090900000|  0%| F|  |TAMS 0x0000000090800000, 0x0000000090800000| Untracked 
|  77|0x0000000090900000, 0x0000000090900000, 0x0000000090a00000|  0%| F|  |TAMS 0x0000000090900000, 0x0000000090900000| Untracked 
|  78|0x0000000090a00000, 0x0000000090a00000, 0x0000000090b00000|  0%| F|  |TAMS 0x0000000090a00000, 0x0000000090a00000| Untracked 
|  79|0x0000000090b00000, 0x0000000090b00000, 0x0000000090c00000|  0%| F|  |TAMS 0x0000000090b00000, 0x0000000090b00000| Untracked 
|  80|0x0000000090c00000, 0x0000000090c00000, 0x0000000090d00000|  0%| F|  |TAMS 0x0000000090c00000, 0x0000000090c00000| Untracked 
|  81|0x0000000090d00000, 0x0000000090d00000, 0x0000000090e00000|  0%| F|  |TAMS 0x0000000090d00000, 0x0000000090d00000| Untracked 
|  82|0x0000000090e00000, 0x0000000090e00000, 0x0000000090f00000|  0%| F|  |TAMS 0x0000000090e00000, 0x0000000090e00000| Untracked 
|  83|0x0000000090f00000, 0x0000000090f00000, 0x0000000091000000|  0%| F|  |TAMS 0x0000000090f00000, 0x0000000090f00000| Untracked 
|  84|0x0000000091000000, 0x0000000091000000, 0x0000000091100000|  0%| F|  |TAMS 0x0000000091000000, 0x0000000091000000| Untracked 
|  85|0x0000000091100000, 0x0000000091100000, 0x0000000091200000|  0%| F|  |TAMS 0x0000000091100000, 0x0000000091100000| Untracked 
|  86|0x0000000091200000, 0x0000000091200000, 0x0000000091300000|  0%| F|  |TAMS 0x0000000091200000, 0x0000000091200000| Untracked 
|  87|0x0000000091300000, 0x0000000091300000, 0x0000000091400000|  0%| F|  |TAMS 0x0000000091300000, 0x0000000091300000| Untracked 
|  88|0x0000000091400000, 0x0000000091400000, 0x0000000091500000|  0%| F|  |TAMS 0x0000000091400000, 0x0000000091400000| Untracked 
|  89|0x0000000091500000, 0x0000000091500000, 0x0000000091600000|  0%| F|  |TAMS 0x0000000091500000, 0x0000000091500000| Untracked 
|  90|0x0000000091600000, 0x0000000091600000, 0x0000000091700000|  0%| F|  |TAMS 0x0000000091600000, 0x0000000091600000| Untracked 
|  91|0x0000000091700000, 0x0000000091700000, 0x0000000091800000|  0%| F|  |TAMS 0x0000000091700000, 0x0000000091700000| Untracked 
|  92|0x0000000091800000, 0x0000000091800000, 0x0000000091900000|  0%| F|  |TAMS 0x0000000091800000, 0x0000000091800000| Untracked 
|  93|0x0000000091900000, 0x0000000091900000, 0x0000000091a00000|  0%| F|  |TAMS 0x0000000091900000, 0x0000000091900000| Untracked 
|  94|0x0000000091a00000, 0x0000000091a00000, 0x0000000091b00000|  0%| F|  |TAMS 0x0000000091a00000, 0x0000000091a00000| Untracked 
|  95|0x0000000091b00000, 0x0000000091b00000, 0x0000000091c00000|  0%| F|  |TAMS 0x0000000091b00000, 0x0000000091b00000| Untracked 
|  96|0x0000000091c00000, 0x0000000091c00000, 0x0000000091d00000|  0%| F|  |TAMS 0x0000000091c00000, 0x0000000091c00000| Untracked 
|  97|0x0000000091d00000, 0x0000000091d00000, 0x0000000091e00000|  0%| F|  |TAMS 0x0000000091d00000, 0x0000000091d00000| Untracked 
|  98|0x0000000091e00000, 0x0000000091e00000, 0x0000000091f00000|  0%| F|  |TAMS 0x0000000091e00000, 0x0000000091e00000| Untracked 
|  99|0x0000000091f00000, 0x0000000091f00000, 0x0000000092000000|  0%| F|  |TAMS 0x0000000091f00000, 0x0000000091f00000| Untracked 
| 100|0x0000000092000000, 0x0000000092000000, 0x0000000092100000|  0%| F|  |TAMS 0x0000000092000000, 0x0000000092000000| Untracked 
| 101|0x0000000092100000, 0x0000000092100000, 0x0000000092200000|  0%| F|  |TAMS 0x0000000092100000, 0x0000000092100000| Untracked 
| 102|0x0000000092200000, 0x0000000092200000, 0x0000000092300000|  0%| F|  |TAMS 0x0000000092200000, 0x0000000092200000| Untracked 
| 103|0x0000000092300000, 0x0000000092300000, 0x0000000092400000|  0%| F|  |TAMS 0x0000000092300000, 0x0000000092300000| Untracked 
| 104|0x0000000092400000, 0x0000000092400000, 0x0000000092500000|  0%| F|  |TAMS 0x0000000092400000, 0x0000000092400000| Untracked 
| 105|0x0000000092500000, 0x0000000092500000, 0x0000000092600000|  0%| F|  |TAMS 0x0000000092500000, 0x0000000092500000| Untracked 
| 106|0x0000000092600000, 0x0000000092600000, 0x0000000092700000|  0%| F|  |TAMS 0x0000000092600000, 0x0000000092600000| Untracked 
| 107|0x0000000092700000, 0x0000000092700000, 0x0000000092800000|  0%| F|  |TAMS 0x0000000092700000, 0x0000000092700000| Untracked 
| 108|0x0000000092800000, 0x0000000092800000, 0x0000000092900000|  0%| F|  |TAMS 0x0000000092800000, 0x0000000092800000| Untracked 
| 109|0x0000000092900000, 0x0000000092a00000, 0x0000000092a00000|100%| E|  |TAMS 0x0000000092900000, 0x0000000092900000| Complete 
| 110|0x0000000092a00000, 0x0000000092b00000, 0x0000000092b00000|100%| E|CS|TAMS 0x0000000092a00000, 0x0000000092a00000| Complete 
| 111|0x0000000092b00000, 0x0000000092c00000, 0x0000000092c00000|100%| E|CS|TAMS 0x0000000092b00000, 0x0000000092b00000| Complete 
| 112|0x0000000092c00000, 0x0000000092d00000, 0x0000000092d00000|100%| E|  |TAMS 0x0000000092c00000, 0x0000000092c00000| Complete 
| 113|0x0000000092d00000, 0x0000000092e00000, 0x0000000092e00000|100%| E|CS|TAMS 0x0000000092d00000, 0x0000000092d00000| Complete 
| 114|0x0000000092e00000, 0x0000000092f00000, 0x0000000092f00000|100%| E|CS|TAMS 0x0000000092e00000, 0x0000000092e00000| Complete 
| 115|0x0000000092f00000, 0x0000000093000000, 0x0000000093000000|100%| E|CS|TAMS 0x0000000092f00000, 0x0000000092f00000| Complete 
| 116|0x0000000093000000, 0x0000000093100000, 0x0000000093100000|100%| E|CS|TAMS 0x0000000093000000, 0x0000000093000000| Complete 
| 117|0x0000000093100000, 0x0000000093200000, 0x0000000093200000|100%| E|CS|TAMS 0x0000000093100000, 0x0000000093100000| Complete 

Card table byte_map: [0x0000024725710000,0x0000024725ac0000] _byte_map_base: 0x00000247252b2000

Marking Bits (Prev, Next): (CMBitMap*) 0x000002471a4e6b30, (CMBitMap*) 0x000002471a4e6b70
 Prev Bits: [0x0000024725e70000, 0x0000024727b80000)
 Next Bits: [0x0000024727b80000, 0x0000024729890000)

Polling page: 0x0000024719c70000

Metaspace:

Usage:
  Non-class:      8.19 MB used.
      Class:    878.93 KB used.
       Both:      9.04 MB used.

Virtual space:
  Non-class space:       16.00 MB reserved,       8.25 MB ( 52%) committed,  2 nodes.
      Class space:        1.00 GB reserved,     960.00 KB ( <1%) committed,  1 nodes.
             Both:        1.02 GB reserved,       9.19 MB ( <1%) committed. 

Chunk freelists:
   Non-Class:  2.98 MB
       Class:  3.10 MB
        Both:  6.08 MB

MaxMetaspaceSize: unlimited
CompressedClassSpaceSize: 1.00 GB
Initial GC threshold: 21.00 MB
Current GC threshold: 21.00 MB
CDS: off
MetaspaceReclaimPolicy: balanced
 - commit_granule_bytes: 65536.
 - commit_granule_words: 8192.
 - virtual_space_node_default_size: 1048576.
 - enlarge_chunks_in_place: 1.
 - new_chunks_are_fully_committed: 0.
 - uncommit_free_chunks: 1.
 - use_allocation_guard: 0.
 - handle_deallocations: 1.


Internal statistics:

num_allocs_failed_limit: 0.
num_arena_births: 60.
num_arena_deaths: 0.
num_vsnodes_births: 3.
num_vsnodes_deaths: 0.
num_space_committed: 147.
num_space_uncommitted: 0.
num_chunks_returned_to_freelist: 0.
num_chunks_taken_from_freelist: 91.
num_chunk_merges: 0.
num_chunk_splits: 49.
num_chunks_enlarged: 26.
num_purges: 0.
num_inconsistent_stats: 0.

CodeCache: size=49152Kb used=3012Kb max_used=3012Kb free=46139Kb
 bounds [0x0000024721cf0000, 0x0000024721ff0000, 0x0000024724cf0000]
 total_blobs=1036 nmethods=622 adapters=340
 compilation: enabled
              stopped_count=0, restarted_count=0
 full_count=0

Compilation events (20 events):
Event: 0.392 Thread 0x000002472d4e29f0  616       1       java.util.LinkedHashMap$LinkedEntryIterator::next (5 bytes)
Event: 0.392 Thread 0x000002472d4e29f0 nmethod 616 0x0000024721fdd110 code [0x0000024721fdd2a0, 0x0000024721fdd388]
Event: 0.392 Thread 0x000002472d4e29f0  617       1       java.util.LinkedHashMap$LinkedEntryIterator::next (5 bytes)
Event: 0.392 Thread 0x000002472d42bd40 nmethod 615 0x0000024721fdd410 code [0x0000024721fdd5e0, 0x0000024721fdd8b8]
Event: 0.392 Thread 0x000002472d42bd40  613       1       java.lang.PublicMethods::merge (81 bytes)
Event: 0.392 Thread 0x000002472d4e29f0 nmethod 617 0x0000024721fdda90 code [0x0000024721fddc20, 0x0000024721fddd08]
Event: 0.392 Thread 0x000002472d4e29f0  614       1       java.lang.PublicMethods$Key::<init> (24 bytes)
Event: 0.392 Thread 0x000002472d4e2020 nmethod 612 0x0000024721fddd90 code [0x0000024721fddfa0, 0x0000024721fde588]
Event: 0.392 Thread 0x000002472d4e29f0 nmethod 614 0x0000024721fde890 code [0x0000024721fdea20, 0x0000024721fdebf8]
Event: 0.392 Thread 0x000002472d4e2020  618   !   1       java.lang.reflect.Executable::declaredAnnotations (85 bytes)
Event: 0.393 Thread 0x000002472d42bd40 nmethod 613 0x0000024721fded10 code [0x0000024721fdeee0, 0x0000024721fdf288]
Event: 0.393 Thread 0x000002472d4e2020 nmethod 618 0x0000024721fdf590 code [0x0000024721fdf7a0, 0x0000024721fdfb68]
Event: 0.393 Thread 0x000002472d4e2020  619       1       jdk.internal.reflect.ReflectionFactory::copyMethod (11 bytes)
Event: 0.393 Thread 0x000002472d42bd40  620       1       java.lang.reflect.ReflectAccess::copyMethod (5 bytes)
Event: 0.393 Thread 0x000002472d4e29f0  621       1       java.lang.reflect.Method::copy (84 bytes)
Event: 0.393 Thread 0x000002472d42bd40 nmethod 620 0x0000024721fdfe90 code [0x0000024721fe0020, 0x0000024721fe0108]
Event: 0.393 Thread 0x000002472d4e2020 nmethod 619 0x0000024721fe0190 code [0x0000024721fe0320, 0x0000024721fe0448]
Event: 0.393 Thread 0x000002472d42bd40  622       1       java.lang.reflect.Method::<init> (68 bytes)
Event: 0.393 Thread 0x000002472d4e29f0 nmethod 621 0x0000024721fe0590 code [0x0000024721fe0740, 0x0000024721fe0a58]
Event: 0.393 Thread 0x000002472d42bd40 nmethod 622 0x0000024721fe0b10 code [0x0000024721fe0cc0, 0x0000024721fe10f8]

GC Heap History (0 events):
No events

Deoptimization events (0 events):
No events

Classes unloaded (0 events):
No events

Classes redefined (0 events):
No events

Internal exceptions (5 events):
Event: 0.294 Thread 0x000002472d4284b0 Exception <a 'java/lang/NoSuchMethodError'{0x0000000092a90e28}: 'java.lang.Object java.lang.invoke.DirectMethodHandle$Holder.invokeStaticInit(java.lang.Object)'> (0x0000000092a90e28) 
thrown [t:\workspace\open\src\hotspot\share\interpreter\linkResolver.cpp, line 766]
Event: 0.302 Thread 0x000002472d4284b0 Exception <a 'java/lang/NoSuchMethodError'{0x0000000092a9e308}: 'void java.lang.invoke.DirectMethodHandle$Holder.invokeStatic(java.lang.Object, java.lang.Object)'> (0x0000000092a9e308) 
thrown [t:\workspace\open\src\hotspot\share\interpreter\linkResolver.cpp, line 766]
Event: 0.334 Thread 0x000002471a4a9cf0 Exception <a 'java/lang/NoSuchMethodError'{0x0000000092a57088}: 'int java.lang.invoke.DirectMethodHandle$Holder.invokeInterface(java.lang.Object, java.lang.Object)'> (0x0000000092a57088) 
thrown [t:\workspace\open\src\hotspot\share\interpreter\linkResolver.cpp, line 766]
Event: 0.334 Thread 0x000002471a4a9cf0 Exception <a 'java/lang/IncompatibleClassChangeError'{0x0000000092a5a688}: Found class java.lang.Object, but interface was expected> (0x0000000092a5a688) 
thrown [t:\workspace\open\src\hotspot\share\interpreter\linkResolver.cpp, line 833]
Event: 0.381 Thread 0x000002471a4a9cf0 Exception <a 'java/lang/NoSuchMethodError'{0x000000009299ab60}: 'int java.lang.invoke.DirectMethodHandle$Holder.invokeSpecial(java.lang.Object, java.lang.Object, java.lang.Object)'> (0x000000009299ab60) 
thrown [t:\workspace\open\src\hotspot\share\interpreter\linkResolver.cpp, line 766]

VM Operations (6 events):
Event: 0.157 Executing VM operation: HandshakeAllThreads
Event: 0.157 Executing VM operation: HandshakeAllThreads done
Event: 0.291 Executing VM operation: HandshakeAllThreads
Event: 0.291 Executing VM operation: HandshakeAllThreads done
Event: 0.339 Executing VM operation: HandshakeAllThreads
Event: 0.339 Executing VM operation: HandshakeAllThreads done

Events (20 events):
Event: 0.390 loading class java/lang/management/MemoryUsage done
Event: 0.391 loading class sun/management/VMManagementImpl$1
Event: 0.391 loading class sun/management/VMManagementImpl$1 done
Event: 0.391 loading class sun/management/CompilationImpl
Event: 0.391 loading class java/lang/management/CompilationMXBean
Event: 0.391 loading class java/lang/management/CompilationMXBean done
Event: 0.391 loading class sun/management/CompilationImpl done
Event: 0.392 loading class sun/management/ManagementFactoryHelper$PlatformLoggingImpl
Event: 0.392 loading class java/lang/management/PlatformLoggingMXBean
Event: 0.392 loading class java/lang/management/PlatformLoggingMXBean done
Event: 0.392 loading class sun/management/ManagementFactoryHelper$PlatformLoggingImpl done
Event: 0.392 loading class java/util/logging/Logger
Event: 0.393 loading class java/util/logging/Logger done
Event: 0.393 loading class java/lang/SecurityException
Event: 0.393 loading class java/lang/SecurityException done
Event: 0.393 loading class java/io/IOException
Event: 0.393 loading class java/io/IOException done
Event: 0.393 loading class java/util/logging/LoggingMXBean
Event: 0.393 loading class java/util/logging/LoggingMXBean done
Event: 0.393 loading class java/util/logging/Level


Dynamic libraries:
0x00007ff6ca5d0000 - 0x00007ff6ca5e0000 	C:\Program Files\Java\jdk-17.0.2\bin\java.exe
0x00007ff923d30000 - 0x00007ff923f44000 	C:\WINDOWS\SYSTEM32\ntdll.dll
0x00007ff921bd0000 - 0x00007ff921c92000 	C:\WINDOWS\System32\KERNEL32.DLL
0x00007ff921780000 - 0x00007ff921b23000 	C:\WINDOWS\System32\KERNELBASE.dll
0x00007ff921360000 - 0x00007ff921471000 	C:\WINDOWS\System32\ucrtbase.dll
0x00007ff90cc30000 - 0x00007ff90cc48000 	C:\Program Files\Java\jdk-17.0.2\bin\jli.dll
0x00007ff90cbf0000 - 0x00007ff90cc0a000 	C:\Program Files\Java\jdk-17.0.2\bin\VCRUNTIME140.dll
0x00007ff9232d0000 - 0x00007ff92337e000 	C:\WINDOWS\System32\ADVAPI32.dll
0x00007ff921d40000 - 0x00007ff921de7000 	C:\WINDOWS\System32\msvcrt.dll
0x00007ff923030000 - 0x00007ff9230d4000 	C:\WINDOWS\System32\sechost.dll
0x00007ff921fa0000 - 0x00007ff9220b7000 	C:\WINDOWS\System32\RPCRT4.dll
0x00007ff921df0000 - 0x00007ff921f9b000 	C:\WINDOWS\System32\USER32.dll
0x00007ff90d250000 - 0x00007ff90d4de000 	C:\WINDOWS\WinSxS\amd64_microsoft.windows.common-controls_6595b64144ccf1df_6.0.22621.1635_none_270f70857386168e\COMCTL32.dll
0x00007ff921150000 - 0x00007ff921176000 	C:\WINDOWS\System32\win32u.dll
0x00007ff9232a0000 - 0x00007ff9232c9000 	C:\WINDOWS\System32\GDI32.dll
0x00007ff9215f0000 - 0x00007ff921708000 	C:\WINDOWS\System32\gdi32full.dll
0x00007ff921240000 - 0x00007ff9212da000 	C:\WINDOWS\System32\msvcp_win.dll
0x00007ff919ac0000 - 0x00007ff919aca000 	C:\WINDOWS\SYSTEM32\VERSION.dll
0x00007ff922940000 - 0x00007ff922971000 	C:\WINDOWS\System32\IMM32.DLL
0x00007ff912460000 - 0x00007ff91246c000 	C:\Program Files\Java\jdk-17.0.2\bin\vcruntime140_1.dll
0x00007ff8e0fa0000 - 0x00007ff8e102d000 	C:\Program Files\Java\jdk-17.0.2\bin\msvcp140.dll
0x00007ff8d1d80000 - 0x00007ff8d2941000 	C:\Program Files\Java\jdk-17.0.2\bin\server\jvm.dll
0x00007ff922b70000 - 0x00007ff922b78000 	C:\WINDOWS\System32\PSAPI.DLL
0x00007ff8ff230000 - 0x00007ff8ff239000 	C:\WINDOWS\SYSTEM32\WSOCK32.dll
0x00007ff917ef0000 - 0x00007ff917f24000 	C:\WINDOWS\SYSTEM32\WINMM.dll
0x00007ff922e60000 - 0x00007ff922ed1000 	C:\WINDOWS\System32\WS2_32.dll
0x00007ff9201a0000 - 0x00007ff9201b8000 	C:\WINDOWS\SYSTEM32\kernel.appcore.dll
0x00007ff9119c0000 - 0x00007ff9119ca000 	C:\Program Files\Java\jdk-17.0.2\bin\jimage.dll
0x00007ff91e8c0000 - 0x00007ff91eaee000 	C:\WINDOWS\SYSTEM32\DBGHELP.DLL
0x00007ff9225a0000 - 0x00007ff922929000 	C:\WINDOWS\System32\combase.dll
0x00007ff922a90000 - 0x00007ff922b67000 	C:\WINDOWS\System32\OLEAUT32.dll
0x00007ff914650000 - 0x00007ff914682000 	C:\WINDOWS\SYSTEM32\dbgcore.DLL
0x00007ff9212e0000 - 0x00007ff92135b000 	C:\WINDOWS\System32\bcryptPrimitives.dll
0x00007ff91e1d0000 - 0x00007ff91e1de000 	C:\Program Files\Java\jdk-17.0.2\bin\instrument.dll
0x00007ff9071d0000 - 0x00007ff9071f5000 	C:\Program Files\Java\jdk-17.0.2\bin\java.dll
0x00007ff8e0af0000 - 0x00007ff8e0bc6000 	C:\Program Files\Java\jdk-17.0.2\bin\jsvml.dll
0x00007ff923430000 - 0x00007ff923c2a000 	C:\WINDOWS\System32\SHELL32.dll
0x00007ff91f150000 - 0x00007ff91fa1e000 	C:\WINDOWS\SYSTEM32\windows.storage.dll
0x00007ff91f010000 - 0x00007ff91f14e000 	C:\WINDOWS\SYSTEM32\wintypes.dll
0x00007ff922990000 - 0x00007ff922a81000 	C:\WINDOWS\System32\SHCORE.dll
0x00007ff9220c0000 - 0x00007ff92211e000 	C:\WINDOWS\System32\shlwapi.dll
0x00007ff921080000 - 0x00007ff9210a1000 	C:\WINDOWS\SYSTEM32\profapi.dll
0x00007ff8fdf20000 - 0x00007ff8fdf38000 	C:\Program Files\Java\jdk-17.0.2\bin\zip.dll
0x00007ff90ab00000 - 0x00007ff90ab19000 	C:\Program Files\Java\jdk-17.0.2\bin\net.dll
0x00007ff91b880000 - 0x00007ff91b9b7000 	C:\WINDOWS\SYSTEM32\WINHTTP.dll
0x00007ff920610000 - 0x00007ff920679000 	C:\WINDOWS\system32\mswsock.dll
0x00007ff902650000 - 0x00007ff902666000 	C:\Program Files\Java\jdk-17.0.2\bin\nio.dll
0x00007ff915360000 - 0x00007ff91537a000 	A:\installed games\IntelliJ IDEA 2021.3\bin\breakgen64.dll
0x00007ff91fcf0000 - 0x00007ff91fde3000 	C:\WINDOWS\SYSTEM32\DNSAPI.dll
0x00007ff91fc80000 - 0x00007ff91fcad000 	C:\WINDOWS\SYSTEM32\IPHLPAPI.DLL
0x00007ff922930000 - 0x00007ff922939000 	C:\WINDOWS\System32\NSI.dll
0x00007ff919dd0000 - 0x00007ff919dda000 	C:\Windows\System32\rasadhlp.dll
0x00007ff919040000 - 0x00007ff9190c4000 	C:\WINDOWS\System32\fwpuclnt.dll
0x00007ff91e1c0000 - 0x00007ff91e1c9000 	C:\Program Files\Java\jdk-17.0.2\bin\management.dll
0x00007ff91c4a0000 - 0x00007ff91c4ab000 	C:\Program Files\Java\jdk-17.0.2\bin\management_ext.dll

dbghelp: loaded successfully - version: 4.0.5 - missing functions: none
symbol engine: initialized successfully - sym options: 0x614 - pdb path: .;C:\Program Files\Java\jdk-17.0.2\bin;C:\WINDOWS\SYSTEM32;C:\WINDOWS\WinSxS\amd64_microsoft.windows.common-controls_6595b64144ccf1df_6.0.22621.1635_none_270f70857386168e;C:\Program Files\Java\jdk-17.0.2\bin\server;A:\installed games\IntelliJ IDEA 2021.3\bin

VM Arguments:
jvm_args: -XX:TieredStopAtLevel=1 -Dspring.output.ansi.enabled=always -Dcom.sun.management.jmxremote -Dspring.jmx.enabled=true -Dspring.liveBeansView.mbeanDomain -Dspring.application.admin.enabled=true -Dmanagement.endpoints.jmx.exposure.include=* -javaagent:A:\installed games\IntelliJ IDEA 2021.3\lib\idea_rt.jar=1304:A:\installed games\IntelliJ IDEA 2021.3\bin -Dfile.encoding=UTF-8 
java_command: com.example.e_ticket_uz_railway.ETicketUzRailwayApplication
java_class_path (initial): A:\Documents\Java\6-modul\codes\E_Ticket_Uz_Railway\target\classes;C:\Users\turay\.m2\repository\org\springframework\boot\spring-boot-starter-data-jpa\3.0.6\spring-boot-starter-data-jpa-3.0.6.jar;C:\Users\turay\.m2\repository\org\springframework\boot\spring-boot-starter-aop\3.0.6\spring-boot-starter-aop-3.0.6.jar;C:\Users\turay\.m2\repository\org\aspectj\aspectjweaver\1.9.19\aspectjweaver-1.9.19.jar;C:\Users\turay\.m2\repository\org\springframework\boot\spring-boot-starter-jdbc\3.0.6\spring-boot-starter-jdbc-3.0.6.jar;C:\Users\turay\.m2\repository\com\zaxxer\HikariCP\5.0.1\HikariCP-5.0.1.jar;C:\Users\turay\.m2\repository\org\springframework\spring-jdbc\6.0.8\spring-jdbc-6.0.8.jar;C:\Users\turay\.m2\repository\org\hibernate\orm\hibernate-core\6.1.7.Final\hibernate-core-6.1.7.Final.jar;C:\Users\turay\.m2\repository\jakarta\persistence\jakarta.persistence-api\3.1.0\jakarta.persistence-api-3.1.0.jar;C:\Users\turay\.m2\repository\jakarta\transaction\jakarta.transaction-api\2.0.1\jakarta.transaction-api-2.0.1.jar;C:\Users\turay\.m2\repository\org\jboss\logging\jboss-logging\3.5.0.Final\jboss-logging-3.5.0.Final.jar;C:\Users\turay\.m2\repository\org\hibernate\common\hibernate-commons-annotations\6.0.6.Final\hibernate-commons-annotations-6.0.6.Final.jar;C:\Users\turay\.m2\repository\org\jboss\jandex\2.4.2.Final\jandex-2.4.2.Final.jar;C:\Users\turay\.m2\repository\com\fasterxml\classmate\1.5.1\classmate-1.5.1.jar;C:\Users\turay\.m2\repository\net\bytebuddy\byte-buddy\1.12.23\byte-buddy-1.12.23.jar;C:\Users\turay\.m2\repository\org\glassfish\jaxb\jaxb-runtime\4.0.2\jaxb-runtime-4.0.2.jar;C:\Users\turay\.m2\repository\org\glassfish\jaxb\jaxb-core\4.0.2\jaxb-core-4.0.2.jar;C:\Users\turay\.m2\repository\org\eclipse\angus\angus-activation\2.0.0\angus-activation-2.0.0.jar;C:\Users\turay\.m2\repository\org\glassfish\jaxb\txw2\4.0.2\txw2-4.0.2.jar;C:\Users\turay\.m2\repository\com\sun\istack\istack-commons-runtime\4.1.1\istack-commons-runtime-4.1.1.jar;C
Launcher Type: SUN_STANDARD

[Global flags]
     intx CICompilerCount                          = 12                                        {product} {ergonomic}
     uint ConcGCThreads                            = 3                                         {product} {ergonomic}
     uint G1ConcRefinementThreads                  = 13                                        {product} {ergonomic}
   size_t G1HeapRegionSize                         = 1048576                                   {product} {ergonomic}
    uintx GCDrainStackTargetSize                   = 64                                        {product} {ergonomic}
   size_t InitialHeapSize                          = 123731968                                 {product} {ergonomic}
     bool ManagementServer                         = true                                      {product} {command line}
   size_t MarkStackSize                            = 4194304                                   {product} {ergonomic}
   size_t MaxHeapSize                              = 1950351360                                {product} {ergonomic}
   size_t MaxNewSize                               = 1170210816                                {product} {ergonomic}
   size_t MinHeapDeltaBytes                        = 1048576                                   {product} {ergonomic}
   size_t MinHeapSize                              = 8388608                                   {product} {ergonomic}
    uintx NonProfiledCodeHeapSize                  = 0                                      {pd product} {ergonomic}
     bool ProfileInterpreter                       = false                                  {pd product} {command line}
    uintx ProfiledCodeHeapSize                     = 0                                      {pd product} {ergonomic}
   size_t SoftMaxHeapSize                          = 1950351360                             {manageable} {ergonomic}
     intx TieredStopAtLevel                        = 1                                         {product} {command line}
     bool UseCompressedClassPointers               = true                           {product lp64_product} {ergonomic}
     bool UseCompressedOops                        = true                           {product lp64_product} {ergonomic}
     bool UseG1GC                                  = true                                      {product} {ergonomic}
     bool UseLargePagesIndividualAllocation        = false                                  {pd product} {ergonomic}

Logging:
Log output configuration:
 #0: stdout all=warning uptime,level,tags
 #1: stderr all=off uptime,level,tags

Environment Variables:
JAVA_HOME=C:\Program Files\Java\jdk-17.0.2
PATH=C:\Program Files\Common Files\Oracle\Java\javapath;C:\WINDOWS\system32;C:\WINDOWS;C:\WINDOWS\System32\Wbem;C:\WINDOWS\System32\WindowsPowerShell\v1.0\;C:\WINDOWS\System32\OpenSSH\;C:\Program Files\dotnet\;C:\Program Files (x86)\NVIDIA Corporation\PhysX\Common;C:\Program Files\Java\jdk-17.0.2\bin;C:\WINDOWS\system32;C:\WINDOWS;C:\WINDOWS\System32\Wbem;C:\WINDOWS\System32\WindowsPowerShell\v1.0\;C:\WINDOWS\System32\OpenSSH\;C:\Program Files\Git\cmd;C:\Program Files\apache-maven-3.8.7\bin;;C:\Program Files\NVIDIA Corporation\NVIDIA NvDLISR;C:\Users\turay\AppData\Local\Microsoft\WindowsApps;;C:\Users\turay\.dotnet\tools;A:\installed games\IntelliJ IDEA 2021.3\bin;
USERNAME=Asadbek
OS=Windows_NT
PROCESSOR_IDENTIFIER=AMD64 Family 25 Model 68 Stepping 1, AuthenticAMD



---------------  S Y S T E M  ---------------

OS:
 Windows 11 , 64 bit Build 22621 (10.0.22621.1635)
OS uptime: 4 days 10:18 hours

CPU: total 16 (initial active 16) (16 cores per cpu, 2 threads per core) family 25 model 68 stepping 1 microcode 0x0, cx8, cmov, fxsr, ht, mmx, 3dnowpref, sse, sse2, sse3, ssse3, sse4a, sse4.1, sse4.2, popcnt, lzcnt, tsc, tscinvbit, avx, avx2, aes, erms, clmul, bmi1, bmi2, adx, sha, fma, vzeroupper, clflush, clflushopt

Memory: 4k page, system-wide physical 7436M (1106M free)
TotalPageFile size 18385M (AvailPageFile size 4M)
current process WorkingSet (physical memory assigned to process): 44M, peak: 44M
current process commit charge ("private bytes"): 209M, peak: 209M

vm_info: Java HotSpot(TM) 64-Bit Server VM (17.0.2+8-LTS-86) for windows-amd64 JRE (17.0.2+8-LTS-86), built on Dec  7 2021 21:51:03 by "mach5one" with MS VC++ 16.8 / 16.9 (VS2019)

END.
