#
# There is insufficient memory for the Java Runtime Environment to continue.
# Native memory allocation (mmap) failed to map 65536 bytes for Failed to commit metaspace.
# Possible reasons:
#   The system is out of physical RAM or swap space
#   The process is running with CompressedOops enabled, and the Java Heap may be blocking the growth of the native heap
# Possible solutions:
#   Reduce memory load on the system
#   Increase physical memory or swap space
#   Check if swap backing store is full
#   Decrease Java heap size (-Xmx/-Xms)
#   Decrease number of Java threads
#   Decrease Java thread stack sizes (-Xss)
#   Set larger code cache with -XX:ReservedCodeCacheSize=
#   JVM is running with Unscaled Compressed Oops mode in which the Java heap is
#     placed in the first 4GB address space. The Java Heap base address is the
#     maximum limit for the native heap growth. Please use -XX:HeapBaseMinAddress
#     to set the Java Heap base and to place the Java Heap above 4GB virtual address.
# This output file may be truncated or incomplete.
#
#  Out of Memory Error (virtualSpaceNode.cpp:110), pid=16720, tid=3048
#
# JRE version: Java(TM) SE Runtime Environment (17.0.2+8) (build 17.0.2+8-LTS-86)
# Java VM: Java HotSpot(TM) 64-Bit Server VM (17.0.2+8-LTS-86, mixed mode, emulated-client, sharing, tiered, compressed oops, compressed class ptrs, g1 gc, windows-amd64)
# No core dump will be written. Minidumps are not enabled by default on client versions of Windows
#

---------------  S U M M A R Y ------------

Command Line: -XX:TieredStopAtLevel=1 -Dspring.output.ansi.enabled=always -Dcom.sun.management.jmxremote -Dspring.jmx.enabled=true -Dspring.liveBeansView.mbeanDomain -Dspring.application.admin.enabled=true -Dmanagement.endpoints.jmx.exposure.include=* -javaagent:A:\installed games\IntelliJ IDEA 2021.3\lib\idea_rt.jar=1288:A:\installed games\IntelliJ IDEA 2021.3\bin -Dfile.encoding=UTF-8 com.example.e_ticket_uz_railway.ETicketUzRailwayApplication

Host: AMD Ryzen 7 6800H with Radeon Graphics         , 16 cores, 7G,  Windows 11 , 64 bit Build 22621 (10.0.22621.1635)
Time: Sat May 20 22:56:31 2023 West Asia Standard Time elapsed time: 1.094182 seconds (0d 0h 0m 1s)

---------------  T H R E A D  ---------------

Current thread (0x0000019c6f29f010):  JavaThread "background-preinit" [_thread_in_vm, id=3048, stack(0x00000022b7500000,0x00000022b7600000)]

Stack: [0x00000022b7500000,0x00000022b7600000]
Native frames: (J=compiled Java code, j=interpreted, Vv=VM code, C=native code)
V  [jvm.dll+0x670baa]
V  [jvm.dll+0x7cfcb4]
V  [jvm.dll+0x7d145e]
V  [jvm.dll+0x7d1ac3]
V  [jvm.dll+0x242bc5]
V  [jvm.dll+0x7cbc5b]
V  [jvm.dll+0x616966]
V  [jvm.dll+0x1be3ee]
V  [jvm.dll+0x6192a1]
V  [jvm.dll+0x617306]
V  [jvm.dll+0x621057]
V  [jvm.dll+0x1e7e2b]
V  [jvm.dll+0x1e8365]
V  [jvm.dll+0x1e8d9f]
V  [jvm.dll+0x1de251]
V  [jvm.dll+0x537c30]
V  [jvm.dll+0x74ad28]
V  [jvm.dll+0x74ae14]
V  [jvm.dll+0x408cc5]
V  [jvm.dll+0x40ed18]
C  [java.dll+0x17ec]

Java frames: (J=compiled Java code, j=interpreted, Vv=VM code)
J 1106  java.lang.ClassLoader.defineClass1(Ljava/lang/ClassLoader;Ljava/lang/String;[BIILjava/security/ProtectionDomain;Ljava/lang/String;)Ljava/lang/Class; java.base@17.0.2 (0 bytes) @ 0x0000019c635366e3 [0x0000019c63536620+0x00000000000000c3]
J 1133 c1 java.lang.ClassLoader.defineClass(Ljava/lang/String;[BIILjava/security/ProtectionDomain;)Ljava/lang/Class; java.base@17.0.2 (43 bytes) @ 0x0000019c63544d5c [0x0000019c63544c60+0x00000000000000fc]
J 1117 c1 jdk.internal.loader.BuiltinClassLoader.defineClass(Ljava/lang/String;Ljdk/internal/loader/Resource;)Ljava/lang/Class; java.base@17.0.2 (121 bytes) @ 0x0000019c6353ea64 [0x0000019c6353e5a0+0x00000000000004c4]
J 1107 c1 jdk.internal.loader.BuiltinClassLoader.findClassOnClassPathOrNull(Ljava/lang/String;)Ljava/lang/Class; java.base@17.0.2 (64 bytes) @ 0x0000019c63538534 [0x0000019c63538280+0x00000000000002b4]
J 922 c1 jdk.internal.loader.BuiltinClassLoader.loadClassOrNull(Ljava/lang/String;Z)Ljava/lang/Class; java.base@17.0.2 (143 bytes) @ 0x0000019c634e0e5c [0x0000019c634e0a00+0x000000000000045c]
J 1018 c1 jdk.internal.loader.ClassLoaders$AppClassLoader.loadClass(Ljava/lang/String;Z)Ljava/lang/Class; java.base@17.0.2 (40 bytes) @ 0x0000019c635152a4 [0x0000019c63515160+0x0000000000000144]
J 1017 c1 java.lang.ClassLoader.loadClass(Ljava/lang/String;)Ljava/lang/Class; java.base@17.0.2 (7 bytes) @ 0x0000019c63512364 [0x0000019c63512320+0x0000000000000044]
v  ~StubRoutines::call_stub
j  com.fasterxml.jackson.databind.DeserializationContext.<init>(Lcom/fasterxml/jackson/databind/deser/DeserializerFactory;Lcom/fasterxml/jackson/databind/deser/DeserializerCache;)V+27
j  com.fasterxml.jackson.databind.deser.DefaultDeserializationContext.<init>(Lcom/fasterxml/jackson/databind/deser/DeserializerFactory;Lcom/fasterxml/jackson/databind/deser/DeserializerCache;)V+3
j  com.fasterxml.jackson.databind.deser.DefaultDeserializationContext$Impl.<init>(Lcom/fasterxml/jackson/databind/deser/DeserializerFactory;)V+3
j  com.fasterxml.jackson.databind.ObjectMapper.<init>(Lcom/fasterxml/jackson/core/JsonFactory;Lcom/fasterxml/jackson/databind/ser/DefaultSerializerProvider;Lcom/fasterxml/jackson/databind/deser/DefaultDeserializationContext;)V+263
j  com.fasterxml.jackson.databind.ObjectMapper.<init>()V+4
j  org.springframework.http.converter.json.Jackson2ObjectMapperBuilder.build()Lcom/fasterxml/jackson/databind/ObjectMapper;+81
j  org.springframework.http.converter.json.MappingJackson2HttpMessageConverter.<init>()V+4
j  org.springframework.http.converter.support.AllEncompassingFormHttpMessageConverter.<init>()V+55
j  org.springframework.boot.autoconfigure.BackgroundPreinitializer$MessageConverterInitializer.run()V+4
j  org.springframework.boot.autoconfigure.BackgroundPreinitializer$1.runSafely(Ljava/lang/Runnable;)Z+1
j  org.springframework.boot.autoconfigure.BackgroundPreinitializer$1.run()V+32
j  java.lang.Thread.run()V+11 java.base@17.0.2
v  ~StubRoutines::call_stub

---------------  P R O C E S S  ---------------

Threads class SMR info:
_java_thread_list=0x0000019c705188e0, length=22, elements={
0x0000019c5b8a8ea0, 0x0000019c6dca4110, 0x0000019c6dca6ad0, 0x0000019c6dcb8450,
0x0000019c6dcb8e00, 0x0000019c6dcbb7c0, 0x0000019c6dcbc170, 0x0000019c6dcbcbd0,
0x0000019c6dcc6df0, 0x0000019c6dc8cb10, 0x0000019c6dc8d090, 0x0000019c6e86dfe0,
0x0000019c6dd3d670, 0x0000019c6ebfc6f0, 0x0000019c6ebfcbc0, 0x0000019c6eef5020,
0x0000019c6f29f010, 0x0000019c6f3af0c0, 0x0000019c6f3fd7a0, 0x0000019c6f3fdcb0,
0x0000019c70520c90, 0x0000019c70550900
}

Java Threads: ( => current thread )
  0x0000019c5b8a8ea0 JavaThread "main" [_thread_in_vm, id=8436, stack(0x00000022b5800000,0x00000022b5900000)]
  0x0000019c6dca4110 JavaThread "Reference Handler" daemon [_thread_blocked, id=26120, stack(0x00000022b5f00000,0x00000022b6000000)]
  0x0000019c6dca6ad0 JavaThread "Finalizer" daemon [_thread_blocked, id=8432, stack(0x00000022b6000000,0x00000022b6100000)]
  0x0000019c6dcb8450 JavaThread "Signal Dispatcher" daemon [_thread_blocked, id=8956, stack(0x00000022b6100000,0x00000022b6200000)]
  0x0000019c6dcb8e00 JavaThread "Attach Listener" daemon [_thread_blocked, id=13180, stack(0x00000022b6200000,0x00000022b6300000)]
  0x0000019c6dcbb7c0 JavaThread "Service Thread" daemon [_thread_blocked, id=21368, stack(0x00000022b6300000,0x00000022b6400000)]
  0x0000019c6dcbc170 JavaThread "Monitor Deflation Thread" daemon [_thread_blocked, id=12400, stack(0x00000022b6400000,0x00000022b6500000)]
  0x0000019c6dcbcbd0 JavaThread "C1 CompilerThread0" daemon [_thread_blocked, id=20460, stack(0x00000022b6500000,0x00000022b6600000)]
  0x0000019c6dcc6df0 JavaThread "Sweeper thread" daemon [_thread_blocked, id=4032, stack(0x00000022b6600000,0x00000022b6700000)]
  0x0000019c6dc8cb10 JavaThread "Common-Cleaner" daemon [_thread_blocked, id=22232, stack(0x00000022b6700000,0x00000022b6800000)]
  0x0000019c6dc8d090 JavaThread "C1 CompilerThread1" daemon [_thread_blocked, id=25832, stack(0x00000022b6800000,0x00000022b6900000)]
  0x0000019c6e86dfe0 JavaThread "C1 CompilerThread2" daemon [_thread_blocked, id=16444, stack(0x00000022b6900000,0x00000022b6a00000)]
  0x0000019c6dd3d670 JavaThread "C1 CompilerThread3" daemon [_thread_blocked, id=16056, stack(0x00000022b6a00000,0x00000022b6b00000)]
  0x0000019c6ebfc6f0 JavaThread "Monitor Ctrl-Break" daemon [_thread_in_native, id=10132, stack(0x00000022b6b00000,0x00000022b6c00000)]
  0x0000019c6ebfcbc0 JavaThread "Notification Thread" daemon [_thread_blocked, id=3464, stack(0x00000022b6c00000,0x00000022b6d00000)]
  0x0000019c6eef5020 JavaThread "RMI TCP Accept-0" daemon [_thread_in_native, id=8508, stack(0x00000022b6d00000,0x00000022b6e00000)]
=>0x0000019c6f29f010 JavaThread "background-preinit" [_thread_in_vm, id=3048, stack(0x00000022b7500000,0x00000022b7600000)]
  0x0000019c6f3af0c0 JavaThread "C1 CompilerThread4" daemon [_thread_blocked, id=22420, stack(0x00000022b7600000,0x00000022b7700000)]
  0x0000019c6f3fd7a0 JavaThread "C1 CompilerThread5" daemon [_thread_blocked, id=20656, stack(0x00000022b7700000,0x00000022b7800000)]
  0x0000019c6f3fdcb0 JavaThread "C1 CompilerThread6" daemon [_thread_blocked, id=21928, stack(0x00000022b7800000,0x00000022b7900000)]
  0x0000019c70520c90 JavaThread "RMI TCP Connection(1)-192.168.0.104" daemon [_thread_in_vm, id=22368, stack(0x00000022b7d00000,0x00000022b7e00000)]
  0x0000019c70550900 JavaThread "RMI Scheduler(0)" daemon [_thread_blocked, id=15944, stack(0x00000022b7e00000,0x00000022b7f00000)]

Other Threads:
  0x0000019c6dc9d260 VMThread "VM Thread" [stack: 0x00000022b5e00000,0x00000022b5f00000] [id=11208]
  0x0000019c5b915850 WatcherThread [stack: 0x00000022b6e00000,0x00000022b6f00000] [id=9756]
  0x0000019c5b8e66e0 GCTaskThread "GC Thread#0" [stack: 0x00000022b5900000,0x00000022b5a00000] [id=11220]
  0x0000019c6f198cc0 GCTaskThread "GC Thread#1" [stack: 0x00000022b6f00000,0x00000022b7000000] [id=13204]
  0x0000019c6f1ac810 GCTaskThread "GC Thread#2" [stack: 0x00000022b7000000,0x00000022b7100000] [id=13008]
  0x0000019c6f1acac0 GCTaskThread "GC Thread#3" [stack: 0x00000022b7100000,0x00000022b7200000] [id=23428]
  0x0000019c6f1ad9a0 GCTaskThread "GC Thread#4" [stack: 0x00000022b7200000,0x00000022b7300000] [id=22596]
  0x0000019c6f1ae880 GCTaskThread "GC Thread#5" [stack: 0x00000022b7300000,0x00000022b7400000] [id=16124]
  0x0000019c6f1aec40 GCTaskThread "GC Thread#6" [stack: 0x00000022b7400000,0x00000022b7500000] [id=18520]
  0x0000019c7047e400 GCTaskThread "GC Thread#7" [stack: 0x00000022b7900000,0x00000022b7a00000] [id=9448]
  0x0000019c7046a380 GCTaskThread "GC Thread#8" [stack: 0x00000022b7a00000,0x00000022b7b00000] [id=20596]
  0x0000019c7048d200 GCTaskThread "GC Thread#9" [stack: 0x00000022b7b00000,0x00000022b7c00000] [id=19260]
  0x0000019c7048e4d0 GCTaskThread "GC Thread#10" [stack: 0x00000022b7c00000,0x00000022b7d00000] [id=11216]
  0x0000019c5b8f6000 ConcurrentGCThread "G1 Main Marker" [stack: 0x00000022b5a00000,0x00000022b5b00000] [id=18548]
  0x0000019c5b8f81c0 ConcurrentGCThread "G1 Conc#0" [stack: 0x00000022b5b00000,0x00000022b5c00000] [id=17664]
  0x0000019c6db620b0 ConcurrentGCThread "G1 Refine#0" [stack: 0x00000022b5c00000,0x00000022b5d00000] [id=4508]
  0x0000019c6db62ad0 ConcurrentGCThread "G1 Service" [stack: 0x00000022b5d00000,0x00000022b5e00000] [id=2588]

Threads with active compile tasks:

VM state: not at safepoint (normal execution)

VM Mutex/Monitor currently owned by a thread:  ([mutex/lock_event])
[0x0000019c5b8a4580] Metaspace_lock - owner thread: 0x0000019c6f29f010

Heap address: 0x000000008bc00000, size: 1860 MB, Compressed Oops mode: 32-bit

CDS archive(s) mapped at: [0x0000000800000000-0x0000000800bc0000-0x0000000800bc0000), size 12320768, SharedBaseAddress: 0x0000000800000000, ArchiveRelocationMode: 0.
Compressed class space mapped at: 0x0000000800c00000-0x0000000840c00000, reserved size: 1073741824
Narrow klass base: 0x0000000800000000, Narrow klass shift: 0, Narrow klass range: 0x100000000

GC Precious Log:
 CPUs: 16 total, 16 available
 Memory: 7436M
 Large Page Support: Disabled
 NUMA Support: Disabled
 Compressed Oops: Enabled (32-bit)
 Heap Region Size: 1M
 Heap Min Capacity: 8M
 Heap Initial Capacity: 118M
 Heap Max Capacity: 1860M
 Pre-touch: Disabled
 Parallel Workers: 13
 Concurrent Workers: 3
 Concurrent Refinement Workers: 13
 Periodic GC: Disabled

Heap:
 garbage-first heap   total 120832K, used 20570K [0x000000008bc00000, 0x0000000100000000)
  region size 1024K, 14 young (14336K), 3 survivors (3072K)
 Metaspace       used 15600K, committed 15808K, reserved 1064960K
  class space    used 2042K, committed 2176K, reserved 1048576K

Heap Regions: E=young(eden), S=young(survivor), O=old, HS=humongous(starts), HC=humongous(continues), CS=collection set, F=free, OA=open archive, CA=closed archive, TAMS=top-at-mark-start (previous, next)
|   0|0x000000008bc00000, 0x000000008bd00000, 0x000000008bd00000|100%|HS|  |TAMS 0x000000008bc00000, 0x000000008bc00000| Complete 
|   1|0x000000008bd00000, 0x000000008be00000, 0x000000008be00000|100%| O|  |TAMS 0x000000008bd00000, 0x000000008bd00000| Untracked 
|   2|0x000000008be00000, 0x000000008bf00000, 0x000000008bf00000|100%| O|  |TAMS 0x000000008be00000, 0x000000008be00000| Untracked 
|   3|0x000000008bf00000, 0x000000008c000000, 0x000000008c000000|100%| O|  |TAMS 0x000000008bf00000, 0x000000008bf00000| Untracked 
|   4|0x000000008c000000, 0x000000008c100000, 0x000000008c100000|100%| O|  |TAMS 0x000000008c000000, 0x000000008c000000| Untracked 
|   5|0x000000008c100000, 0x000000008c200000, 0x000000008c200000|100%| O|  |TAMS 0x000000008c100000, 0x000000008c100000| Untracked 
|   6|0x000000008c200000, 0x000000008c300000, 0x000000008c300000|100%| O|  |TAMS 0x000000008c200000, 0x000000008c200000| Untracked 
|   7|0x000000008c300000, 0x000000008c3da800, 0x000000008c400000| 85%| O|  |TAMS 0x000000008c300000, 0x000000008c300000| Untracked 
|   8|0x000000008c400000, 0x000000008c400000, 0x000000008c500000|  0%| F|  |TAMS 0x000000008c400000, 0x000000008c400000| Untracked 
|   9|0x000000008c500000, 0x000000008c500000, 0x000000008c600000|  0%| F|  |TAMS 0x000000008c500000, 0x000000008c500000| Untracked 
|  10|0x000000008c600000, 0x000000008c600000, 0x000000008c700000|  0%| F|  |TAMS 0x000000008c600000, 0x000000008c600000| Untracked 
|  11|0x000000008c700000, 0x000000008c700000, 0x000000008c800000|  0%| F|  |TAMS 0x000000008c700000, 0x000000008c700000| Untracked 
|  12|0x000000008c800000, 0x000000008c800000, 0x000000008c900000|  0%| F|  |TAMS 0x000000008c800000, 0x000000008c800000| Untracked 
|  13|0x000000008c900000, 0x000000008c900000, 0x000000008ca00000|  0%| F|  |TAMS 0x000000008c900000, 0x000000008c900000| Untracked 
|  14|0x000000008ca00000, 0x000000008ca00000, 0x000000008cb00000|  0%| F|  |TAMS 0x000000008ca00000, 0x000000008ca00000| Untracked 
|  15|0x000000008cb00000, 0x000000008cb00000, 0x000000008cc00000|  0%| F|  |TAMS 0x000000008cb00000, 0x000000008cb00000| Untracked 
|  16|0x000000008cc00000, 0x000000008cc00000, 0x000000008cd00000|  0%| F|  |TAMS 0x000000008cc00000, 0x000000008cc00000| Untracked 
|  17|0x000000008cd00000, 0x000000008cd00000, 0x000000008ce00000|  0%| F|  |TAMS 0x000000008cd00000, 0x000000008cd00000| Untracked 
|  18|0x000000008ce00000, 0x000000008ce00000, 0x000000008cf00000|  0%| F|  |TAMS 0x000000008ce00000, 0x000000008ce00000| Untracked 
|  19|0x000000008cf00000, 0x000000008cf00000, 0x000000008d000000|  0%| F|  |TAMS 0x000000008cf00000, 0x000000008cf00000| Untracked 
|  20|0x000000008d000000, 0x000000008d000000, 0x000000008d100000|  0%| F|  |TAMS 0x000000008d000000, 0x000000008d000000| Untracked 
|  21|0x000000008d100000, 0x000000008d100000, 0x000000008d200000|  0%| F|  |TAMS 0x000000008d100000, 0x000000008d100000| Untracked 
|  22|0x000000008d200000, 0x000000008d200000, 0x000000008d300000|  0%| F|  |TAMS 0x000000008d200000, 0x000000008d200000| Untracked 
|  23|0x000000008d300000, 0x000000008d300000, 0x000000008d400000|  0%| F|  |TAMS 0x000000008d300000, 0x000000008d300000| Untracked 
|  24|0x000000008d400000, 0x000000008d400000, 0x000000008d500000|  0%| F|  |TAMS 0x000000008d400000, 0x000000008d400000| Untracked 
|  25|0x000000008d500000, 0x000000008d500000, 0x000000008d600000|  0%| F|  |TAMS 0x000000008d500000, 0x000000008d500000| Untracked 
|  26|0x000000008d600000, 0x000000008d600000, 0x000000008d700000|  0%| F|  |TAMS 0x000000008d600000, 0x000000008d600000| Untracked 
|  27|0x000000008d700000, 0x000000008d700000, 0x000000008d800000|  0%| F|  |TAMS 0x000000008d700000, 0x000000008d700000| Untracked 
|  28|0x000000008d800000, 0x000000008d800000, 0x000000008d900000|  0%| F|  |TAMS 0x000000008d800000, 0x000000008d800000| Untracked 
|  29|0x000000008d900000, 0x000000008d900000, 0x000000008da00000|  0%| F|  |TAMS 0x000000008d900000, 0x000000008d900000| Untracked 
|  30|0x000000008da00000, 0x000000008da00000, 0x000000008db00000|  0%| F|  |TAMS 0x000000008da00000, 0x000000008da00000| Untracked 
|  31|0x000000008db00000, 0x000000008db00000, 0x000000008dc00000|  0%| F|  |TAMS 0x000000008db00000, 0x000000008db00000| Untracked 
|  32|0x000000008dc00000, 0x000000008dc00000, 0x000000008dd00000|  0%| F|  |TAMS 0x000000008dc00000, 0x000000008dc00000| Untracked 
|  33|0x000000008dd00000, 0x000000008dd00000, 0x000000008de00000|  0%| F|  |TAMS 0x000000008dd00000, 0x000000008dd00000| Untracked 
|  34|0x000000008de00000, 0x000000008de00000, 0x000000008df00000|  0%| F|  |TAMS 0x000000008de00000, 0x000000008de00000| Untracked 
|  35|0x000000008df00000, 0x000000008df00000, 0x000000008e000000|  0%| F|  |TAMS 0x000000008df00000, 0x000000008df00000| Untracked 
|  36|0x000000008e000000, 0x000000008e000000, 0x000000008e100000|  0%| F|  |TAMS 0x000000008e000000, 0x000000008e000000| Untracked 
|  37|0x000000008e100000, 0x000000008e100000, 0x000000008e200000|  0%| F|  |TAMS 0x000000008e100000, 0x000000008e100000| Untracked 
|  38|0x000000008e200000, 0x000000008e200000, 0x000000008e300000|  0%| F|  |TAMS 0x000000008e200000, 0x000000008e200000| Untracked 
|  39|0x000000008e300000, 0x000000008e300000, 0x000000008e400000|  0%| F|  |TAMS 0x000000008e300000, 0x000000008e300000| Untracked 
|  40|0x000000008e400000, 0x000000008e400000, 0x000000008e500000|  0%| F|  |TAMS 0x000000008e400000, 0x000000008e400000| Untracked 
|  41|0x000000008e500000, 0x000000008e500000, 0x000000008e600000|  0%| F|  |TAMS 0x000000008e500000, 0x000000008e500000| Untracked 
|  42|0x000000008e600000, 0x000000008e600000, 0x000000008e700000|  0%| F|  |TAMS 0x000000008e600000, 0x000000008e600000| Untracked 
|  43|0x000000008e700000, 0x000000008e700000, 0x000000008e800000|  0%| F|  |TAMS 0x000000008e700000, 0x000000008e700000| Untracked 
|  44|0x000000008e800000, 0x000000008e800000, 0x000000008e900000|  0%| F|  |TAMS 0x000000008e800000, 0x000000008e800000| Untracked 
|  45|0x000000008e900000, 0x000000008e900000, 0x000000008ea00000|  0%| F|  |TAMS 0x000000008e900000, 0x000000008e900000| Untracked 
|  46|0x000000008ea00000, 0x000000008ea00000, 0x000000008eb00000|  0%| F|  |TAMS 0x000000008ea00000, 0x000000008ea00000| Untracked 
|  47|0x000000008eb00000, 0x000000008eb00000, 0x000000008ec00000|  0%| F|  |TAMS 0x000000008eb00000, 0x000000008eb00000| Untracked 
|  48|0x000000008ec00000, 0x000000008ec00000, 0x000000008ed00000|  0%| F|  |TAMS 0x000000008ec00000, 0x000000008ec00000| Untracked 
|  49|0x000000008ed00000, 0x000000008ed00000, 0x000000008ee00000|  0%| F|  |TAMS 0x000000008ed00000, 0x000000008ed00000| Untracked 
|  50|0x000000008ee00000, 0x000000008ee00000, 0x000000008ef00000|  0%| F|  |TAMS 0x000000008ee00000, 0x000000008ee00000| Untracked 
|  51|0x000000008ef00000, 0x000000008ef00000, 0x000000008f000000|  0%| F|  |TAMS 0x000000008ef00000, 0x000000008ef00000| Untracked 
|  52|0x000000008f000000, 0x000000008f000000, 0x000000008f100000|  0%| F|  |TAMS 0x000000008f000000, 0x000000008f000000| Untracked 
|  53|0x000000008f100000, 0x000000008f100000, 0x000000008f200000|  0%| F|  |TAMS 0x000000008f100000, 0x000000008f100000| Untracked 
|  54|0x000000008f200000, 0x000000008f200000, 0x000000008f300000|  0%| F|  |TAMS 0x000000008f200000, 0x000000008f200000| Untracked 
|  55|0x000000008f300000, 0x000000008f300000, 0x000000008f400000|  0%| F|  |TAMS 0x000000008f300000, 0x000000008f300000| Untracked 
|  56|0x000000008f400000, 0x000000008f400000, 0x000000008f500000|  0%| F|  |TAMS 0x000000008f400000, 0x000000008f400000| Untracked 
|  57|0x000000008f500000, 0x000000008f500000, 0x000000008f600000|  0%| F|  |TAMS 0x000000008f500000, 0x000000008f500000| Untracked 
|  58|0x000000008f600000, 0x000000008f600000, 0x000000008f700000|  0%| F|  |TAMS 0x000000008f600000, 0x000000008f600000| Untracked 
|  59|0x000000008f700000, 0x000000008f700000, 0x000000008f800000|  0%| F|  |TAMS 0x000000008f700000, 0x000000008f700000| Untracked 
|  60|0x000000008f800000, 0x000000008f800000, 0x000000008f900000|  0%| F|  |TAMS 0x000000008f800000, 0x000000008f800000| Untracked 
|  61|0x000000008f900000, 0x000000008f900000, 0x000000008fa00000|  0%| F|  |TAMS 0x000000008f900000, 0x000000008f900000| Untracked 
|  62|0x000000008fa00000, 0x000000008fa00000, 0x000000008fb00000|  0%| F|  |TAMS 0x000000008fa00000, 0x000000008fa00000| Untracked 
|  63|0x000000008fb00000, 0x000000008fb00000, 0x000000008fc00000|  0%| F|  |TAMS 0x000000008fb00000, 0x000000008fb00000| Untracked 
|  64|0x000000008fc00000, 0x000000008fc00000, 0x000000008fd00000|  0%| F|  |TAMS 0x000000008fc00000, 0x000000008fc00000| Untracked 
|  65|0x000000008fd00000, 0x000000008fd00000, 0x000000008fe00000|  0%| F|  |TAMS 0x000000008fd00000, 0x000000008fd00000| Untracked 
|  66|0x000000008fe00000, 0x000000008fe00000, 0x000000008ff00000|  0%| F|  |TAMS 0x000000008fe00000, 0x000000008fe00000| Untracked 
|  67|0x000000008ff00000, 0x000000008ff00000, 0x0000000090000000|  0%| F|  |TAMS 0x000000008ff00000, 0x000000008ff00000| Untracked 
|  68|0x0000000090000000, 0x0000000090000000, 0x0000000090100000|  0%| F|  |TAMS 0x0000000090000000, 0x0000000090000000| Untracked 
|  69|0x0000000090100000, 0x0000000090100000, 0x0000000090200000|  0%| F|  |TAMS 0x0000000090100000, 0x0000000090100000| Untracked 
|  70|0x0000000090200000, 0x0000000090200000, 0x0000000090300000|  0%| F|  |TAMS 0x0000000090200000, 0x0000000090200000| Untracked 
|  71|0x0000000090300000, 0x0000000090300000, 0x0000000090400000|  0%| F|  |TAMS 0x0000000090300000, 0x0000000090300000| Untracked 
|  72|0x0000000090400000, 0x0000000090400000, 0x0000000090500000|  0%| F|  |TAMS 0x0000000090400000, 0x0000000090400000| Untracked 
|  73|0x0000000090500000, 0x0000000090500000, 0x0000000090600000|  0%| F|  |TAMS 0x0000000090500000, 0x0000000090500000| Untracked 
|  74|0x0000000090600000, 0x0000000090600000, 0x0000000090700000|  0%| F|  |TAMS 0x0000000090600000, 0x0000000090600000| Untracked 
|  75|0x0000000090700000, 0x0000000090700000, 0x0000000090800000|  0%| F|  |TAMS 0x0000000090700000, 0x0000000090700000| Untracked 
|  76|0x0000000090800000, 0x0000000090800000, 0x0000000090900000|  0%| F|  |TAMS 0x0000000090800000, 0x0000000090800000| Untracked 
|  77|0x0000000090900000, 0x0000000090900000, 0x0000000090a00000|  0%| F|  |TAMS 0x0000000090900000, 0x0000000090900000| Untracked 
|  78|0x0000000090a00000, 0x0000000090a00000, 0x0000000090b00000|  0%| F|  |TAMS 0x0000000090a00000, 0x0000000090a00000| Untracked 
|  79|0x0000000090b00000, 0x0000000090b00000, 0x0000000090c00000|  0%| F|  |TAMS 0x0000000090b00000, 0x0000000090b00000| Untracked 
|  80|0x0000000090c00000, 0x0000000090c00000, 0x0000000090d00000|  0%| F|  |TAMS 0x0000000090c00000, 0x0000000090c00000| Untracked 
|  81|0x0000000090d00000, 0x0000000090d00000, 0x0000000090e00000|  0%| F|  |TAMS 0x0000000090d00000, 0x0000000090d00000| Untracked 
|  82|0x0000000090e00000, 0x0000000090e00000, 0x0000000090f00000|  0%| F|  |TAMS 0x0000000090e00000, 0x0000000090e00000| Untracked 
|  83|0x0000000090f00000, 0x0000000090f00000, 0x0000000091000000|  0%| F|  |TAMS 0x0000000090f00000, 0x0000000090f00000| Untracked 
|  84|0x0000000091000000, 0x0000000091000000, 0x0000000091100000|  0%| F|  |TAMS 0x0000000091000000, 0x0000000091000000| Untracked 
|  85|0x0000000091100000, 0x0000000091100000, 0x0000000091200000|  0%| F|  |TAMS 0x0000000091100000, 0x0000000091100000| Untracked 
|  86|0x0000000091200000, 0x0000000091200000, 0x0000000091300000|  0%| F|  |TAMS 0x0000000091200000, 0x0000000091200000| Untracked 
|  87|0x0000000091300000, 0x000000009133c1a0, 0x0000000091400000| 23%| S|CS|TAMS 0x0000000091300000, 0x0000000091300000| Complete 
|  88|0x0000000091400000, 0x0000000091500000, 0x0000000091500000|100%| S|CS|TAMS 0x0000000091400000, 0x0000000091400000| Complete 
|  89|0x0000000091500000, 0x0000000091600000, 0x0000000091600000|100%| S|CS|TAMS 0x0000000091500000, 0x0000000091500000| Complete 
|  90|0x0000000091600000, 0x0000000091600000, 0x0000000091700000|  0%| F|  |TAMS 0x0000000091600000, 0x0000000091600000| Untracked 
|  91|0x0000000091700000, 0x0000000091700000, 0x0000000091800000|  0%| F|  |TAMS 0x0000000091700000, 0x0000000091700000| Untracked 
|  92|0x0000000091800000, 0x0000000091800000, 0x0000000091900000|  0%| F|  |TAMS 0x0000000091800000, 0x0000000091800000| Untracked 
|  93|0x0000000091900000, 0x0000000091900000, 0x0000000091a00000|  0%| F|  |TAMS 0x0000000091900000, 0x0000000091900000| Untracked 
|  94|0x0000000091a00000, 0x0000000091a00000, 0x0000000091b00000|  0%| F|  |TAMS 0x0000000091a00000, 0x0000000091a00000| Untracked 
|  95|0x0000000091b00000, 0x0000000091b00000, 0x0000000091c00000|  0%| F|  |TAMS 0x0000000091b00000, 0x0000000091b00000| Untracked 
|  96|0x0000000091c00000, 0x0000000091c00000, 0x0000000091d00000|  0%| F|  |TAMS 0x0000000091c00000, 0x0000000091c00000| Untracked 
|  97|0x0000000091d00000, 0x0000000091d00000, 0x0000000091e00000|  0%| F|  |TAMS 0x0000000091d00000, 0x0000000091d00000| Untracked 
|  98|0x0000000091e00000, 0x0000000091e00000, 0x0000000091f00000|  0%| F|  |TAMS 0x0000000091e00000, 0x0000000091e00000| Untracked 
|  99|0x0000000091f00000, 0x0000000091f00000, 0x0000000092000000|  0%| F|  |TAMS 0x0000000091f00000, 0x0000000091f00000| Untracked 
| 100|0x0000000092000000, 0x0000000092000000, 0x0000000092100000|  0%| F|  |TAMS 0x0000000092000000, 0x0000000092000000| Untracked 
| 101|0x0000000092100000, 0x0000000092100000, 0x0000000092200000|  0%| F|  |TAMS 0x0000000092100000, 0x0000000092100000| Untracked 
| 102|0x0000000092200000, 0x0000000092200000, 0x0000000092300000|  0%| F|  |TAMS 0x0000000092200000, 0x0000000092200000| Untracked 
| 103|0x0000000092300000, 0x0000000092300000, 0x0000000092400000|  0%| F|  |TAMS 0x0000000092300000, 0x0000000092300000| Untracked 
| 104|0x0000000092400000, 0x0000000092400000, 0x0000000092500000|  0%| F|  |TAMS 0x0000000092400000, 0x0000000092400000| Untracked 
| 105|0x0000000092500000, 0x0000000092500000, 0x0000000092600000|  0%| F|  |TAMS 0x0000000092500000, 0x0000000092500000| Untracked 
| 106|0x0000000092600000, 0x0000000092600000, 0x0000000092700000|  0%| F|  |TAMS 0x0000000092600000, 0x0000000092600000| Untracked 
| 107|0x0000000092700000, 0x0000000092700800, 0x0000000092800000|  0%| E|  |TAMS 0x0000000092700000, 0x0000000092700000| Complete 
| 108|0x0000000092800000, 0x0000000092900000, 0x0000000092900000|100%| E|CS|TAMS 0x0000000092800000, 0x0000000092800000| Complete 
| 109|0x0000000092900000, 0x0000000092a00000, 0x0000000092a00000|100%| E|CS|TAMS 0x0000000092900000, 0x0000000092900000| Complete 
| 110|0x0000000092a00000, 0x0000000092b00000, 0x0000000092b00000|100%| E|CS|TAMS 0x0000000092a00000, 0x0000000092a00000| Complete 
| 111|0x0000000092b00000, 0x0000000092c00000, 0x0000000092c00000|100%| E|CS|TAMS 0x0000000092b00000, 0x0000000092b00000| Complete 
| 112|0x0000000092c00000, 0x0000000092d00000, 0x0000000092d00000|100%| E|CS|TAMS 0x0000000092c00000, 0x0000000092c00000| Complete 
| 113|0x0000000092d00000, 0x0000000092e00000, 0x0000000092e00000|100%| E|CS|TAMS 0x0000000092d00000, 0x0000000092d00000| Complete 
| 114|0x0000000092e00000, 0x0000000092f00000, 0x0000000092f00000|100%| E|CS|TAMS 0x0000000092e00000, 0x0000000092e00000| Complete 
| 115|0x0000000092f00000, 0x0000000093000000, 0x0000000093000000|100%| E|CS|TAMS 0x0000000092f00000, 0x0000000092f00000| Complete 
| 116|0x0000000093000000, 0x0000000093100000, 0x0000000093100000|100%| E|CS|TAMS 0x0000000093000000, 0x0000000093000000| Complete 
| 117|0x0000000093100000, 0x0000000093200000, 0x0000000093200000|100%| E|CS|TAMS 0x0000000093100000, 0x0000000093100000| Complete 

Card table byte_map: [0x0000019c66b20000,0x0000019c66ed0000] _byte_map_base: 0x0000019c666c2000

Marking Bits (Prev, Next): (CMBitMap*) 0x0000019c5b8e6cf0, (CMBitMap*) 0x0000019c5b8e6d30
 Prev Bits: [0x0000019c67280000, 0x0000019c68f90000)
 Next Bits: [0x0000019c68f90000, 0x0000019c6aca0000)

Polling page: 0x0000019c597d0000

Metaspace:

Usage:
  Non-class:     13.24 MB used.
      Class:      1.99 MB used.
       Both:     15.23 MB used.

Virtual space:
  Non-class space:       16.00 MB reserved,      13.31 MB ( 83%) committed,  2 nodes.
      Class space:        1.00 GB reserved,       2.12 MB ( <1%) committed,  1 nodes.
             Both:        1.02 GB reserved,      15.44 MB (  1%) committed. 

Chunk freelists:
   Non-Class:  2.05 MB
       Class:  1.70 MB
        Both:  3.75 MB

MaxMetaspaceSize: unlimited
CompressedClassSpaceSize: 1.00 GB
Initial GC threshold: 21.00 MB
Current GC threshold: 21.00 MB
CDS: on
MetaspaceReclaimPolicy: balanced
 - commit_granule_bytes: 65536.
 - commit_granule_words: 8192.
 - virtual_space_node_default_size: 1048576.
 - enlarge_chunks_in_place: 1.
 - new_chunks_are_fully_committed: 0.
 - uncommit_free_chunks: 1.
 - use_allocation_guard: 0.
 - handle_deallocations: 1.


Internal statistics:

num_allocs_failed_limit: 0.
num_arena_births: 210.
num_arena_deaths: 0.
num_vsnodes_births: 3.
num_vsnodes_deaths: 0.
num_space_committed: 247.
num_space_uncommitted: 0.
num_chunks_returned_to_freelist: 0.
num_chunks_taken_from_freelist: 649.
num_chunk_merges: 0.
num_chunk_splits: 446.
num_chunks_enlarged: 333.
num_purges: 0.
num_inconsistent_stats: 0.

CodeCache: size=49152Kb used=7593Kb max_used=7593Kb free=41558Kb
 bounds [0x0000019c630f0000, 0x0000019c63860000, 0x0000019c660f0000]
 total_blobs=2540 nmethods=2042 adapters=419
 compilation: enabled
              stopped_count=0, restarted_count=0
 full_count=0

Compilation events (20 events):
Event: 1.084 Thread 0x0000019c6f3fd7a0 2032       1       java.lang.invoke.LambdaFormEditor::bindArgumentL (59 bytes)
Event: 1.084 Thread 0x0000019c6f3fdcb0 2031       1       java.lang.invoke.BoundMethodHandle::bindArgumentL (11 bytes)
Event: 1.084 Thread 0x0000019c6f3fd7a0 nmethod 2032 0x0000019c63854f90 code [0x0000019c63855140, 0x0000019c638552a8]
Event: 1.084 Thread 0x0000019c6f3fdcb0 nmethod 2031 0x0000019c63855390 code [0x0000019c63855540, 0x0000019c63855738]
Event: 1.087 Thread 0x0000019c6f3af0c0 2033       1       java.lang.Class::copyConstructors (38 bytes)
Event: 1.087 Thread 0x0000019c6dcbcbd0 2034       1       java.lang.reflect.Constructor::getSharedParameterTypes (5 bytes)
Event: 1.088 Thread 0x0000019c6dcbcbd0 nmethod 2034 0x0000019c63855b90 code [0x0000019c63855d20, 0x0000019c63855df8]
Event: 1.088 Thread 0x0000019c6f3af0c0 nmethod 2033 0x0000019c63855e90 code [0x0000019c63856080, 0x0000019c63856458]
Event: 1.088 Thread 0x0000019c6dd3d670 2035       1       java.lang.reflect.Field::getName (5 bytes)
Event: 1.088 Thread 0x0000019c6dd3d670 nmethod 2035 0x0000019c63856710 code [0x0000019c638568a0, 0x0000019c63856978]
Event: 1.090 Thread 0x0000019c6f3fdcb0 2036       1       java.util.logging.Level::intValue (5 bytes)
Event: 1.090 Thread 0x0000019c6f3fdcb0 nmethod 2036 0x0000019c63856a10 code [0x0000019c63856ba0, 0x0000019c63856c78]
Event: 1.090 Thread 0x0000019c6dd3d670 2040       1       jdk.internal.misc.Unsafe::putIntUnaligned (14 bytes)
Event: 1.090 Thread 0x0000019c6e86dfe0 2039       1       java.lang.invoke.VarHandleByteArrayAsInts$ArrayHandle::set (39 bytes)
Event: 1.090 Thread 0x0000019c6dc8d090 2041       1       jdk.internal.misc.Unsafe::putIntUnaligned (79 bytes)
Event: 1.090 Thread 0x0000019c6dcbcbd0 2038       1       java.lang.invoke.VarHandleGuards::guard_LII_V (137 bytes)
Event: 1.090 Thread 0x0000019c6dd3d670 nmethod 2040 0x0000019c63857110 code [0x0000019c638572a0, 0x0000019c638573b8]
Event: 1.090 Thread 0x0000019c6dc8d090 nmethod 2041 0x0000019c63857410 code [0x0000019c638575c0, 0x0000019c638577a8]
Event: 1.090 Thread 0x0000019c6e86dfe0 nmethod 2039 0x0000019c63857810 code [0x0000019c63857a00, 0x0000019c63857e98]
Event: 1.092 Thread 0x0000019c6dcbcbd0 nmethod 2038 0x0000019c63858a90 code [0x0000019c63858da0, 0x0000019c63859d98]

GC Heap History (4 events):
Event: 0.664 GC heap before
{Heap before GC invocations=0 (full 0):
 garbage-first heap   total 120832K, used 24576K [0x000000008bc00000, 0x0000000100000000)
  region size 1024K, 23 young (23552K), 0 survivors (0K)
 Metaspace       used 7727K, committed 7936K, reserved 1056768K
  class space    used 986K, committed 1088K, reserved 1048576K
}
Event: 0.672 GC heap after
{Heap after GC invocations=1 (full 0):
 garbage-first heap   total 120832K, used 8164K [0x000000008bc00000, 0x0000000100000000)
  region size 1024K, 3 young (3072K), 3 survivors (3072K)
 Metaspace       used 7727K, committed 7936K, reserved 1056768K
  class space    used 986K, committed 1088K, reserved 1048576K
}
Event: 1.022 GC heap before
{Heap before GC invocations=1 (full 0):
 garbage-first heap   total 120832K, used 33764K [0x000000008bc00000, 0x0000000100000000)
  region size 1024K, 28 young (28672K), 3 survivors (3072K)
 Metaspace       used 13224K, committed 13440K, reserved 1064960K
  class space    used 1731K, committed 1856K, reserved 1048576K
}
Event: 1.027 GC heap after
{Heap after GC invocations=2 (full 0):
 garbage-first heap   total 120832K, used 10330K [0x000000008bc00000, 0x0000000100000000)
  region size 1024K, 3 young (3072K), 3 survivors (3072K)
 Metaspace       used 13224K, committed 13440K, reserved 1064960K
  class space    used 1731K, committed 1856K, reserved 1048576K
}

Deoptimization events (4 events):
Event: 0.549 Thread 0x0000019c5b8a8ea0 DEOPT PACKING pc=0x0000019c63457875 sp=0x00000022b58fd610
Event: 0.549 Thread 0x0000019c5b8a8ea0 DEOPT UNPACKING pc=0x0000019c63142b43 sp=0x00000022b58fca68 mode 3
Event: 1.016 Thread 0x0000019c5b8a8ea0 DEOPT PACKING pc=0x0000019c6382ba99 sp=0x00000022b58fd230
Event: 1.016 Thread 0x0000019c5b8a8ea0 DEOPT UNPACKING pc=0x0000019c63142b43 sp=0x00000022b58fc710 mode 3

Classes unloaded (0 events):
No events

Classes redefined (0 events):
No events

Internal exceptions (20 events):
Event: 0.742 Thread 0x0000019c5b8a8ea0 Exception <a 'java/lang/NoSuchMethodError'{0x0000000092effef8}: 'java.lang.Object java.lang.invoke.DirectMethodHandle$Holder.newInvokeSpecial(java.lang.Object, java.lang.Object, java.lang.Object, java.lang.Object, java.lang.Object, java.lang.Object, int)'> (0x0000000092effef8) 
thrown [t:\workspace\open\src\hotspot\share\interpreter\linkResolver.cpp, line 766]
Event: 0.742 Thread 0x0000019c5b8a8ea0 Exception <a 'java/lang/NoSuchMethodError'{0x0000000092d04fb0}: 'java.lang.Object java.lang.invoke.DirectMethodHandle$Holder.invokeSpecial(java.lang.Object, java.lang.Object, java.lang.Object, java.lang.Object, java.lang.Object, java.lang.Object, java.lang.Object, int)'> (0x0000000092d04fb0) 
thrown [t:\workspace\open\src\hotspot\share\interpreter\linkResolver.cpp, line 766]
Event: 0.794 Thread 0x0000019c5b8a8ea0 Exception <a 'java/lang/NoSuchMethodError'{0x0000000092b568a8}: 'java.lang.Object java.lang.invoke.DirectMethodHandle$Holder.invokeSpecial(java.lang.Object, java.lang.Object, java.lang.Object, int, java.lang.Object)'> (0x0000000092b568a8) 
thrown [t:\workspace\open\src\hotspot\share\interpreter\linkResolver.cpp, line 766]
Event: 0.795 Thread 0x0000019c5b8a8ea0 Exception <a 'java/lang/NoSuchMethodError'{0x0000000092b5ef08}: 'java.lang.Object java.lang.invoke.DirectMethodHandle$Holder.newInvokeSpecial(java.lang.Object, java.lang.Object, java.lang.Object, int, java.lang.Object)'> (0x0000000092b5ef08) 
thrown [t:\workspace\open\src\hotspot\share\interpreter\linkResolver.cpp, line 766]
Event: 0.796 Thread 0x0000019c5b8a8ea0 Exception <a 'java/lang/NoSuchMethodError'{0x0000000092b668d8}: 'java.lang.Object java.lang.invoke.Invokers$Holder.linkToTargetMethod(java.lang.Object, java.lang.Object, int, java.lang.Object, java.lang.Object)'> (0x0000000092b668d8) 
thrown [t:\workspace\open\src\hotspot\share\interpreter\linkResolver.cpp, line 766]
Event: 0.797 Thread 0x0000019c5b8a8ea0 Exception <a 'java/lang/NoSuchMethodError'{0x0000000092b75af8}: 'java.lang.Object java.lang.invoke.DirectMethodHandle$Holder.newInvokeSpecial(java.lang.Object, int, java.lang.Object)'> (0x0000000092b75af8) 
thrown [t:\workspace\open\src\hotspot\share\interpreter\linkResolver.cpp, line 766]
Event: 0.798 Thread 0x0000019c5b8a8ea0 Exception <a 'java/lang/NoSuchMethodError'{0x0000000092b7a538}: 'int java.lang.invoke.DirectMethodHandle$Holder.invokeSpecialIFC(java.lang.Object, java.lang.Object, java.lang.Object, java.lang.Object)'> (0x0000000092b7a538) 
thrown [t:\workspace\open\src\hotspot\share\interpreter\linkResolver.cpp, line 766]
Event: 0.815 Thread 0x0000019c5b8a8ea0 Exception <a 'java/lang/NoSuchMethodError'{0x0000000092a47b20}: 'void java.lang.invoke.DirectMethodHandle$Holder.invokeInterface(java.lang.Object, java.lang.Object, java.lang.Object)'> (0x0000000092a47b20) 
thrown [t:\workspace\open\src\hotspot\share\interpreter\linkResolver.cpp, line 766]
Event: 0.845 Thread 0x0000019c5b8a8ea0 Exception <a 'java/lang/NoSuchMethodError'{0x000000009298ff30}: 'void java.lang.invoke.DirectMethodHandle$Holder.invokeStatic(java.lang.Object, java.lang.Object, int)'> (0x000000009298ff30) 
thrown [t:\workspace\open\src\hotspot\share\interpreter\linkResolver.cpp, line 766]
Event: 0.847 Thread 0x0000019c5b8a8ea0 Exception <a 'java/lang/NoSuchMethodError'{0x0000000092997dc8}: 'void java.lang.invoke.DirectMethodHandle$Holder.invokeStaticInit(java.lang.Object, java.lang.Object)'> (0x0000000092997dc8) 
thrown [t:\workspace\open\src\hotspot\share\interpreter\linkResolver.cpp, line 766]
Event: 0.848 Thread 0x0000019c5b8a8ea0 Exception <a 'java/lang/NoSuchMethodError'{0x00000000929a72d8}: 'void java.lang.invoke.DirectMethodHandle$Holder.invokeStaticInit(java.lang.Object, java.lang.Object, java.lang.Object)'> (0x00000000929a72d8) 
thrown [t:\workspace\open\src\hotspot\share\interpreter\linkResolver.cpp, line 766]
Event: 0.853 Thread 0x0000019c5b8a8ea0 Exception <a 'java/lang/NoSuchMethodError'{0x00000000929e3500}: 'java.lang.Object java.lang.invoke.DirectMethodHandle$Holder.invokeStatic(java.lang.Object, java.lang.Object, long, java.lang.Object)'> (0x00000000929e3500) 
thrown [t:\workspace\open\src\hotspot\share\interpreter\linkResolver.cpp, line 766]
Event: 0.853 Thread 0x0000019c5b8a8ea0 Exception <a 'java/lang/NoSuchMethodError'{0x00000000929e6f98}: 'java.lang.Object java.lang.invoke.DirectMethodHandle$Holder.invokeStaticInit(java.lang.Object, java.lang.Object, long, java.lang.Object)'> (0x00000000929e6f98) 
thrown [t:\workspace\open\src\hotspot\share\interpreter\linkResolver.cpp, line 766]
Event: 0.853 Thread 0x0000019c5b8a8ea0 Exception <a 'java/lang/NoSuchMethodError'{0x00000000929ed5a8}: 'java.lang.Object java.lang.invoke.DirectMethodHandle$Holder.newInvokeSpecial(java.lang.Object, java.lang.Object, long)'> (0x00000000929ed5a8) 
thrown [t:\workspace\open\src\hotspot\share\interpreter\linkResolver.cpp, line 766]
Event: 0.854 Thread 0x0000019c5b8a8ea0 Exception <a 'java/lang/NoSuchMethodError'{0x00000000929f1118}: 'java.lang.Object java.lang.invoke.Invokers$Holder.linkToTargetMethod(java.lang.Object, long, java.lang.Object)'> (0x00000000929f1118) 
thrown [t:\workspace\open\src\hotspot\share\interpreter\linkResolver.cpp, line 766]
Event: 0.863 Thread 0x0000019c5b8a8ea0 Exception <a 'java/lang/NoSuchMethodError'{0x000000009283a930}: 'void java.lang.invoke.DirectMethodHandle$Holder.invokeVirtual(java.lang.Object, java.lang.Object, java.lang.Object, java.lang.Object)'> (0x000000009283a930) 
thrown [t:\workspace\open\src\hotspot\share\interpreter\linkResolver.cpp, line 766]
Event: 0.895 Thread 0x0000019c5b8a8ea0 Exception <a 'java/lang/NoSuchMethodError'{0x000000009279d140}: 'void java.lang.invoke.DirectMethodHandle$Holder.invokeSpecial(java.lang.Object, java.lang.Object, java.lang.Object)'> (0x000000009279d140) 
thrown [t:\workspace\open\src\hotspot\share\interpreter\linkResolver.cpp, line 766]
Event: 0.896 Thread 0x0000019c5b8a8ea0 Exception <a 'java/lang/NoSuchMethodError'{0x00000000927a3718}: 'void java.lang.invoke.DirectMethodHandle$Holder.invokeSpecial(java.lang.Object, java.lang.Object, java.lang.Object, java.lang.Object, java.lang.Object)'> (0x00000000927a3718) 
thrown [t:\workspace\open\src\hotspot\share\interpreter\linkResolver.cpp, line 766]
Event: 0.901 Thread 0x0000019c6f29f010 Exception <a 'java/lang/NoClassDefFoundError'{0x00000000926166c8}: jakarta/validation/Validation> (0x00000000926166c8) 
thrown [t:\workspace\open\src\hotspot\share\classfile\systemDictionary.cpp, line 245]
Event: 0.903 Thread 0x0000019c5b8a8ea0 Exception <a 'java/lang/IncompatibleClassChangeError'{0x00000000927d35f0}: Found class java.lang.Object, but interface was expected> (0x00000000927d35f0) 
thrown [t:\workspace\open\src\hotspot\share\interpreter\linkResolver.cpp, line 833]

VM Operations (20 events):
Event: 0.432 Executing VM operation: HandshakeAllThreads
Event: 0.432 Executing VM operation: HandshakeAllThreads done
Event: 0.623 Executing VM operation: HandshakeAllThreads
Event: 0.623 Executing VM operation: HandshakeAllThreads done
Event: 0.664 Executing VM operation: G1CollectForAllocation
Event: 0.672 Executing VM operation: G1CollectForAllocation done
Event: 0.773 Executing VM operation: HandshakeAllThreads
Event: 0.773 Executing VM operation: HandshakeAllThreads done
Event: 0.889 Executing VM operation: HandshakeAllThreads
Event: 0.889 Executing VM operation: HandshakeAllThreads done
Event: 0.893 Executing VM operation: HandshakeAllThreads
Event: 0.893 Executing VM operation: HandshakeAllThreads done
Event: 0.901 Executing VM operation: ICBufferFull
Event: 0.901 Executing VM operation: ICBufferFull done
Event: 1.022 Executing VM operation: G1CollectForAllocation
Event: 1.027 Executing VM operation: G1CollectForAllocation done
Event: 1.061 Executing VM operation: HandshakeAllThreads
Event: 1.062 Executing VM operation: HandshakeAllThreads done
Event: 1.089 Executing VM operation: HandshakeAllThreads
Event: 1.089 Executing VM operation: HandshakeAllThreads done

Events (20 events):
Event: 1.091 loading class java/util/concurrent/FutureTask done
Event: 1.091 loading class java/util/concurrent/ScheduledThreadPoolExecutor$ScheduledFutureTask done
Event: 1.092 loading class java/util/concurrent/FutureTask$WaitNode
Event: 1.092 loading class java/util/concurrent/FutureTask$WaitNode done
Event: 1.092 loading class java/util/concurrent/Executors$RunnableAdapter
Event: 1.092 loading class java/util/concurrent/Executors$RunnableAdapter done
Event: 1.092 Thread 0x0000019c70550900 Thread added: 0x0000019c70550900
Event: 1.092 loading class sun/rmi/transport/SequenceEntry
Event: 1.092 loading class sun/rmi/transport/SequenceEntry done
Event: 1.092 loading class java/util/concurrent/TimeUnit$1
Event: 1.092 loading class sun/rmi/server/MarshalOutputStream$1
Event: 1.093 loading class java/util/concurrent/TimeUnit$1 done
Event: 1.093 loading class sun/rmi/server/MarshalOutputStream$1 done
Event: 1.093 loading class java/util/concurrent/locks/AbstractQueuedSynchronizer$ConditionNode
Event: 1.093 loading class java/util/concurrent/locks/AbstractQueuedSynchronizer$Node
Event: 1.093 loading class java/util/concurrent/locks/AbstractQueuedSynchronizer$Node done
Event: 1.093 loading class java/util/concurrent/locks/AbstractQueuedSynchronizer$ConditionNode done
Event: 1.093 loading class java/io/ObjectStreamClass$1
Event: 1.093 loading class java/io/ObjectStreamClass$1 done
Event: 1.093 loading class java/io/ObjectStreamClass$MemberSignature


Dynamic libraries:
0x00007ff6ca5d0000 - 0x00007ff6ca5e0000 	C:\Program Files\Java\jdk-17.0.2\bin\java.exe
0x00007ff923d30000 - 0x00007ff923f44000 	C:\WINDOWS\SYSTEM32\ntdll.dll
0x00007ff921bd0000 - 0x00007ff921c92000 	C:\WINDOWS\System32\KERNEL32.DLL
0x00007ff921780000 - 0x00007ff921b23000 	C:\WINDOWS\System32\KERNELBASE.dll
0x00007ff921360000 - 0x00007ff921471000 	C:\WINDOWS\System32\ucrtbase.dll
0x00007ff90cbf0000 - 0x00007ff90cc0a000 	C:\Program Files\Java\jdk-17.0.2\bin\VCRUNTIME140.dll
0x00007ff90cc30000 - 0x00007ff90cc48000 	C:\Program Files\Java\jdk-17.0.2\bin\jli.dll
0x00007ff9232d0000 - 0x00007ff92337e000 	C:\WINDOWS\System32\ADVAPI32.dll
0x00007ff921d40000 - 0x00007ff921de7000 	C:\WINDOWS\System32\msvcrt.dll
0x00007ff923030000 - 0x00007ff9230d4000 	C:\WINDOWS\System32\sechost.dll
0x00007ff921fa0000 - 0x00007ff9220b7000 	C:\WINDOWS\System32\RPCRT4.dll
0x00007ff921df0000 - 0x00007ff921f9b000 	C:\WINDOWS\System32\USER32.dll
0x00007ff921150000 - 0x00007ff921176000 	C:\WINDOWS\System32\win32u.dll
0x00007ff90d250000 - 0x00007ff90d4de000 	C:\WINDOWS\WinSxS\amd64_microsoft.windows.common-controls_6595b64144ccf1df_6.0.22621.1635_none_270f70857386168e\COMCTL32.dll
0x00007ff9232a0000 - 0x00007ff9232c9000 	C:\WINDOWS\System32\GDI32.dll
0x00007ff9215f0000 - 0x00007ff921708000 	C:\WINDOWS\System32\gdi32full.dll
0x00007ff921240000 - 0x00007ff9212da000 	C:\WINDOWS\System32\msvcp_win.dll
0x00007ff919ac0000 - 0x00007ff919aca000 	C:\WINDOWS\SYSTEM32\VERSION.dll
0x00007ff922940000 - 0x00007ff922971000 	C:\WINDOWS\System32\IMM32.DLL
0x00007ff912460000 - 0x00007ff91246c000 	C:\Program Files\Java\jdk-17.0.2\bin\vcruntime140_1.dll
0x00007ff8e0fa0000 - 0x00007ff8e102d000 	C:\Program Files\Java\jdk-17.0.2\bin\msvcp140.dll
0x00007ff8d1d80000 - 0x00007ff8d2941000 	C:\Program Files\Java\jdk-17.0.2\bin\server\jvm.dll
0x00007ff922b70000 - 0x00007ff922b78000 	C:\WINDOWS\System32\PSAPI.DLL
0x00007ff917ef0000 - 0x00007ff917f24000 	C:\WINDOWS\SYSTEM32\WINMM.dll
0x00007ff8ff230000 - 0x00007ff8ff239000 	C:\WINDOWS\SYSTEM32\WSOCK32.dll
0x00007ff922e60000 - 0x00007ff922ed1000 	C:\WINDOWS\System32\WS2_32.dll
0x00007ff9201a0000 - 0x00007ff9201b8000 	C:\WINDOWS\SYSTEM32\kernel.appcore.dll
0x00007ff9119c0000 - 0x00007ff9119ca000 	C:\Program Files\Java\jdk-17.0.2\bin\jimage.dll
0x00007ff91e8c0000 - 0x00007ff91eaee000 	C:\WINDOWS\SYSTEM32\DBGHELP.DLL
0x00007ff9225a0000 - 0x00007ff922929000 	C:\WINDOWS\System32\combase.dll
0x00007ff922a90000 - 0x00007ff922b67000 	C:\WINDOWS\System32\OLEAUT32.dll
0x00007ff914650000 - 0x00007ff914682000 	C:\WINDOWS\SYSTEM32\dbgcore.DLL
0x00007ff9212e0000 - 0x00007ff92135b000 	C:\WINDOWS\System32\bcryptPrimitives.dll
0x00007ff91e1d0000 - 0x00007ff91e1de000 	C:\Program Files\Java\jdk-17.0.2\bin\instrument.dll
0x00007ff9071d0000 - 0x00007ff9071f5000 	C:\Program Files\Java\jdk-17.0.2\bin\java.dll
0x00007ff8e0af0000 - 0x00007ff8e0bc6000 	C:\Program Files\Java\jdk-17.0.2\bin\jsvml.dll
0x00007ff923430000 - 0x00007ff923c2a000 	C:\WINDOWS\System32\SHELL32.dll
0x00007ff91f150000 - 0x00007ff91fa1e000 	C:\WINDOWS\SYSTEM32\windows.storage.dll
0x00007ff91f010000 - 0x00007ff91f14e000 	C:\WINDOWS\SYSTEM32\wintypes.dll
0x00007ff922990000 - 0x00007ff922a81000 	C:\WINDOWS\System32\SHCORE.dll
0x00007ff9220c0000 - 0x00007ff92211e000 	C:\WINDOWS\System32\shlwapi.dll
0x00007ff921080000 - 0x00007ff9210a1000 	C:\WINDOWS\SYSTEM32\profapi.dll
0x00007ff8fdf20000 - 0x00007ff8fdf38000 	C:\Program Files\Java\jdk-17.0.2\bin\zip.dll
0x00007ff90ab00000 - 0x00007ff90ab19000 	C:\Program Files\Java\jdk-17.0.2\bin\net.dll
0x00007ff91b880000 - 0x00007ff91b9b7000 	C:\WINDOWS\SYSTEM32\WINHTTP.dll
0x00007ff920610000 - 0x00007ff920679000 	C:\WINDOWS\system32\mswsock.dll
0x00007ff902650000 - 0x00007ff902666000 	C:\Program Files\Java\jdk-17.0.2\bin\nio.dll
0x00007ff915360000 - 0x00007ff91537a000 	A:\installed games\IntelliJ IDEA 2021.3\bin\breakgen64.dll
0x00007ff91fcf0000 - 0x00007ff91fde3000 	C:\WINDOWS\SYSTEM32\DNSAPI.dll
0x00007ff91fc80000 - 0x00007ff91fcad000 	C:\WINDOWS\SYSTEM32\IPHLPAPI.DLL
0x00007ff922930000 - 0x00007ff922939000 	C:\WINDOWS\System32\NSI.dll
0x00007ff919dd0000 - 0x00007ff919dda000 	C:\Windows\System32\rasadhlp.dll
0x00007ff919040000 - 0x00007ff9190c4000 	C:\WINDOWS\System32\fwpuclnt.dll
0x00007ff91e1c0000 - 0x00007ff91e1c9000 	C:\Program Files\Java\jdk-17.0.2\bin\management.dll
0x00007ff91c4a0000 - 0x00007ff91c4ab000 	C:\Program Files\Java\jdk-17.0.2\bin\management_ext.dll
0x00007ff920870000 - 0x00007ff92088b000 	C:\WINDOWS\SYSTEM32\CRYPTSP.dll
0x00007ff920110000 - 0x00007ff920145000 	C:\WINDOWS\system32\rsaenh.dll
0x00007ff920710000 - 0x00007ff920738000 	C:\WINDOWS\SYSTEM32\USERENV.dll
0x00007ff920a10000 - 0x00007ff920a38000 	C:\WINDOWS\SYSTEM32\bcrypt.dll
0x00007ff920890000 - 0x00007ff92089c000 	C:\WINDOWS\SYSTEM32\CRYPTBASE.dll
0x00007ff91a030000 - 0x00007ff91a049000 	C:\WINDOWS\SYSTEM32\dhcpcsvc6.DLL
0x00007ff919ff0000 - 0x00007ff91a00f000 	C:\WINDOWS\SYSTEM32\dhcpcsvc.DLL
0x00007ff8fa2e0000 - 0x00007ff8fa2f7000 	C:\WINDOWS\system32\napinsp.dll
0x00007ff8fa2c0000 - 0x00007ff8fa2db000 	C:\WINDOWS\system32\pnrpnsp.dll
0x00007ff8fa2a0000 - 0x00007ff8fa2b1000 	C:\WINDOWS\System32\winrnr.dll
0x00007ff8f7ff0000 - 0x00007ff8f8005000 	C:\WINDOWS\system32\wshbth.dll
0x00007ff8f7fc0000 - 0x00007ff8f7fe1000 	C:\WINDOWS\system32\nlansp_c.dll
0x00007ff90cbe0000 - 0x00007ff90cbf0000 	C:\Program Files\Java\jdk-17.0.2\bin\verify.dll

dbghelp: loaded successfully - version: 4.0.5 - missing functions: none
symbol engine: initialized successfully - sym options: 0x614 - pdb path: .;C:\Program Files\Java\jdk-17.0.2\bin;C:\WINDOWS\SYSTEM32;C:\WINDOWS\WinSxS\amd64_microsoft.windows.common-controls_6595b64144ccf1df_6.0.22621.1635_none_270f70857386168e;C:\Program Files\Java\jdk-17.0.2\bin\server;A:\installed games\IntelliJ IDEA 2021.3\bin

VM Arguments:
jvm_args: -XX:TieredStopAtLevel=1 -Dspring.output.ansi.enabled=always -Dcom.sun.management.jmxremote -Dspring.jmx.enabled=true -Dspring.liveBeansView.mbeanDomain -Dspring.application.admin.enabled=true -Dmanagement.endpoints.jmx.exposure.include=* -javaagent:A:\installed games\IntelliJ IDEA 2021.3\lib\idea_rt.jar=1288:A:\installed games\IntelliJ IDEA 2021.3\bin -Dfile.encoding=UTF-8 
java_command: com.example.e_ticket_uz_railway.ETicketUzRailwayApplication
java_class_path (initial): A:\Documents\Java\6-modul\codes\E_Ticket_Uz_Railway\target\classes;C:\Users\turay\.m2\repository\org\springframework\boot\spring-boot-starter-data-jpa\3.0.6\spring-boot-starter-data-jpa-3.0.6.jar;C:\Users\turay\.m2\repository\org\springframework\boot\spring-boot-starter-aop\3.0.6\spring-boot-starter-aop-3.0.6.jar;C:\Users\turay\.m2\repository\org\aspectj\aspectjweaver\1.9.19\aspectjweaver-1.9.19.jar;C:\Users\turay\.m2\repository\org\springframework\boot\spring-boot-starter-jdbc\3.0.6\spring-boot-starter-jdbc-3.0.6.jar;C:\Users\turay\.m2\repository\com\zaxxer\HikariCP\5.0.1\HikariCP-5.0.1.jar;C:\Users\turay\.m2\repository\org\springframework\spring-jdbc\6.0.8\spring-jdbc-6.0.8.jar;C:\Users\turay\.m2\repository\org\hibernate\orm\hibernate-core\6.1.7.Final\hibernate-core-6.1.7.Final.jar;C:\Users\turay\.m2\repository\jakarta\persistence\jakarta.persistence-api\3.1.0\jakarta.persistence-api-3.1.0.jar;C:\Users\turay\.m2\repository\jakarta\transaction\jakarta.transaction-api\2.0.1\jakarta.transaction-api-2.0.1.jar;C:\Users\turay\.m2\repository\org\jboss\logging\jboss-logging\3.5.0.Final\jboss-logging-3.5.0.Final.jar;C:\Users\turay\.m2\repository\org\hibernate\common\hibernate-commons-annotations\6.0.6.Final\hibernate-commons-annotations-6.0.6.Final.jar;C:\Users\turay\.m2\repository\org\jboss\jandex\2.4.2.Final\jandex-2.4.2.Final.jar;C:\Users\turay\.m2\repository\com\fasterxml\classmate\1.5.1\classmate-1.5.1.jar;C:\Users\turay\.m2\repository\net\bytebuddy\byte-buddy\1.12.23\byte-buddy-1.12.23.jar;C:\Users\turay\.m2\repository\org\glassfish\jaxb\jaxb-runtime\4.0.2\jaxb-runtime-4.0.2.jar;C:\Users\turay\.m2\repository\org\glassfish\jaxb\jaxb-core\4.0.2\jaxb-core-4.0.2.jar;C:\Users\turay\.m2\repository\org\eclipse\angus\angus-activation\2.0.0\angus-activation-2.0.0.jar;C:\Users\turay\.m2\repository\org\glassfish\jaxb\txw2\4.0.2\txw2-4.0.2.jar;C:\Users\turay\.m2\repository\com\sun\istack\istack-commons-runtime\4.1.1\istack-commons-runtime-4.1.1.jar;C
Launcher Type: SUN_STANDARD

[Global flags]
     intx CICompilerCount                          = 12                                        {product} {ergonomic}
     uint ConcGCThreads                            = 3                                         {product} {ergonomic}
     uint G1ConcRefinementThreads                  = 13                                        {product} {ergonomic}
   size_t G1HeapRegionSize                         = 1048576                                   {product} {ergonomic}
    uintx GCDrainStackTargetSize                   = 64                                        {product} {ergonomic}
   size_t InitialHeapSize                          = 123731968                                 {product} {ergonomic}
     bool ManagementServer                         = true                                      {product} {command line}
   size_t MarkStackSize                            = 4194304                                   {product} {ergonomic}
   size_t MaxHeapSize                              = 1950351360                                {product} {ergonomic}
   size_t MaxNewSize                               = 1170210816                                {product} {ergonomic}
   size_t MinHeapDeltaBytes                        = 1048576                                   {product} {ergonomic}
   size_t MinHeapSize                              = 8388608                                   {product} {ergonomic}
    uintx NonProfiledCodeHeapSize                  = 0                                      {pd product} {ergonomic}
     bool ProfileInterpreter                       = false                                  {pd product} {command line}
    uintx ProfiledCodeHeapSize                     = 0                                      {pd product} {ergonomic}
   size_t SoftMaxHeapSize                          = 1950351360                             {manageable} {ergonomic}
     intx TieredStopAtLevel                        = 1                                         {product} {command line}
     bool UseCompressedClassPointers               = true                           {product lp64_product} {ergonomic}
     bool UseCompressedOops                        = true                           {product lp64_product} {ergonomic}
     bool UseG1GC                                  = true                                      {product} {ergonomic}
     bool UseLargePagesIndividualAllocation        = false                                  {pd product} {ergonomic}

Logging:
Log output configuration:
 #0: stdout all=warning uptime,level,tags
 #1: stderr all=off uptime,level,tags

Environment Variables:
JAVA_HOME=C:\Program Files\Java\jdk-17.0.2
PATH=C:\Program Files\Common Files\Oracle\Java\javapath;C:\WINDOWS\system32;C:\WINDOWS;C:\WINDOWS\System32\Wbem;C:\WINDOWS\System32\WindowsPowerShell\v1.0\;C:\WINDOWS\System32\OpenSSH\;C:\Program Files\dotnet\;C:\Program Files (x86)\NVIDIA Corporation\PhysX\Common;C:\Program Files\Java\jdk-17.0.2\bin;C:\WINDOWS\system32;C:\WINDOWS;C:\WINDOWS\System32\Wbem;C:\WINDOWS\System32\WindowsPowerShell\v1.0\;C:\WINDOWS\System32\OpenSSH\;C:\Program Files\Git\cmd;C:\Program Files\apache-maven-3.8.7\bin;;C:\Program Files\NVIDIA Corporation\NVIDIA NvDLISR;C:\Users\turay\AppData\Local\Microsoft\WindowsApps;;C:\Users\turay\.dotnet\tools;A:\installed games\IntelliJ IDEA 2021.3\bin;
USERNAME=Asadbek
OS=Windows_NT
PROCESSOR_IDENTIFIER=AMD64 Family 25 Model 68 Stepping 1, AuthenticAMD



---------------  S Y S T E M  ---------------

OS:
 Windows 11 , 64 bit Build 22621 (10.0.22621.1635)
OS uptime: 4 days 10:17 hours

CPU: total 16 (initial active 16) (16 cores per cpu, 2 threads per core) family 25 model 68 stepping 1 microcode 0x0, cx8, cmov, fxsr, ht, mmx, 3dnowpref, sse, sse2, sse3, ssse3, sse4a, sse4.1, sse4.2, popcnt, lzcnt, tsc, tscinvbit, avx, avx2, aes, erms, clmul, bmi1, bmi2, adx, sha, fma, vzeroupper, clflush, clflushopt

Memory: 4k page, system-wide physical 7436M (1155M free)
TotalPageFile size 18385M (AvailPageFile size 252M)
current process WorkingSet (physical memory assigned to process): 101M, peak: 101M
current process commit charge ("private bytes"): 238M, peak: 238M

vm_info: Java HotSpot(TM) 64-Bit Server VM (17.0.2+8-LTS-86) for windows-amd64 JRE (17.0.2+8-LTS-86), built on Dec  7 2021 21:51:03 by "mach5one" with MS VC++ 16.8 / 16.9 (VS2019)

END.
