#
# There is insufficient memory for the Java Runtime Environment to continue.
# Native memory allocation (mmap) failed to map 123731968 bytes for G1 virtual space
# Possible reasons:
#   The system is out of physical RAM or swap space
#   The process is running with CompressedOops enabled, and the Java Heap may be blocking the growth of the native heap
# Possible solutions:
#   Reduce memory load on the system
#   Increase physical memory or swap space
#   Check if swap backing store is full
#   Decrease Java heap size (-Xmx/-Xms)
#   Decrease number of Java threads
#   Decrease Java thread stack sizes (-Xss)
#   Set larger code cache with -XX:ReservedCodeCacheSize=
#   JVM is running with Unscaled Compressed Oops mode in which the Java heap is
#     placed in the first 4GB address space. The Java Heap base address is the
#     maximum limit for the native heap growth. Please use -XX:HeapBaseMinAddress
#     to set the Java Heap base and to place the Java Heap above 4GB virtual address.
# This output file may be truncated or incomplete.
#
#  Out of Memory Error (os_windows.cpp:3532), pid=20568, tid=10028
#
# JRE version:  (17.0.2+8) (build )
# Java VM: Java HotSpot(TM) 64-Bit Server VM (17.0.2+8-LTS-86, mixed mode, emulated-client, sharing, tiered, compressed oops, compressed class ptrs, g1 gc, windows-amd64)
# No core dump will be written. Minidumps are not enabled by default on client versions of Windows
#

---------------  S U M M A R Y ------------

Command Line: -XX:TieredStopAtLevel=1 -Dspring.output.ansi.enabled=always -Dcom.sun.management.jmxremote -Dspring.jmx.enabled=true -Dspring.liveBeansView.mbeanDomain -Dspring.application.admin.enabled=true -Dmanagement.endpoints.jmx.exposure.include=* -javaagent:A:\installed games\IntelliJ IDEA 2021.3\lib\idea_rt.jar=1239:A:\installed games\IntelliJ IDEA 2021.3\bin -Dfile.encoding=UTF-8 com.example.e_ticket_uz_railway.ETicketUzRailwayApplication

Host: AMD Ryzen 7 6800H with Radeon Graphics         , 16 cores, 7G,  Windows 11 , 64 bit Build 22621 (10.0.22621.1635)
Time: Sat May 20 22:54:25 2023 West Asia Standard Time elapsed time: 0.022946 seconds (0d 0h 0m 0s)

---------------  T H R E A D  ---------------

Current thread (0x0000014d7fcc9c00):  JavaThread "Unknown thread" [_thread_in_vm, id=10028, stack(0x000000362c000000,0x000000362c100000)]

Stack: [0x000000362c000000,0x000000362c100000]
Native frames: (J=compiled Java code, j=interpreted, Vv=VM code, C=native code)
V  [jvm.dll+0x670baa]
V  [jvm.dll+0x7cfcb4]
V  [jvm.dll+0x7d145e]
V  [jvm.dll+0x7d1ac3]
V  [jvm.dll+0x242bc5]
V  [jvm.dll+0x66dac9]
V  [jvm.dll+0x662412]
V  [jvm.dll+0x300c0b]
V  [jvm.dll+0x3081a6]
V  [jvm.dll+0x357d0e]
V  [jvm.dll+0x357f3f]
V  [jvm.dll+0x2d7ec8]
V  [jvm.dll+0x2d8e34]
V  [jvm.dll+0x7a18c1]
V  [jvm.dll+0x365a91]
V  [jvm.dll+0x780d2c]
V  [jvm.dll+0x3e845f]
V  [jvm.dll+0x3e9f01]
C  [jli.dll+0x527b]
C  [ucrtbase.dll+0x29363]
C  [KERNEL32.DLL+0x126ad]
C  [ntdll.dll+0x5a9f8]


---------------  P R O C E S S  ---------------

Threads class SMR info:
_java_thread_list=0x00007ff8d2819858, length=0, elements={
}

Java Threads: ( => current thread )

Other Threads:
  0x0000014d7fd07280 GCTaskThread "GC Thread#0" [stack: 0x000000362c100000,0x000000362c200000] [id=22144]
  0x0000014d7fd17bb0 ConcurrentGCThread "G1 Main Marker" [stack: 0x000000362c200000,0x000000362c300000] [id=24396]
  0x0000014d7fd19d70 ConcurrentGCThread "G1 Conc#0" [stack: 0x000000362c300000,0x000000362c400000] [id=3988]

[error occurred during error reporting (printing all threads), id 0xc0000005, EXCEPTION_ACCESS_VIOLATION (0xc0000005) at pc=0x00007ff8d20688a7]

VM state: not at safepoint (not fully initialized)

VM Mutex/Monitor currently owned by a thread:  ([mutex/lock_event])
[0x0000014d7fcc69b0] Heap_lock - owner thread: 0x0000014d7fcc9c00

Heap address: 0x000000008bc00000, size: 1860 MB, Compressed Oops mode: 32-bit

CDS archive(s) mapped at: [0x0000000000000000-0x0000000000000000-0x0000000000000000), size 0, SharedBaseAddress: 0x0000000800000000, ArchiveRelocationMode: 0.
Narrow klass base: 0x0000000000000000, Narrow klass shift: 0, Narrow klass range: 0x0

GC Precious Log:
<Empty>

Heap:
 garbage-first heap   total 0K, used 0K [0x000000008bc00000, 0x0000000100000000)
  region size 1024K, 0 young (0K), 0 survivors (0K)

[error occurred during error reporting (printing heap information), id 0xc0000005, EXCEPTION_ACCESS_VIOLATION (0xc0000005) at pc=0x00007ff8d2449f19]

GC Heap History (0 events):
No events

Deoptimization events (0 events):
No events

Classes unloaded (0 events):
No events

Classes redefined (0 events):
No events

Internal exceptions (0 events):
No events

VM Operations (0 events):
No events

Events (1 events):
Event: 0.016 Loaded shared library C:\Program Files\Java\jdk-17.0.2\bin\java.dll


Dynamic libraries:
0x00007ff6ca5d0000 - 0x00007ff6ca5e0000 	C:\Program Files\Java\jdk-17.0.2\bin\java.exe
0x00007ff923d30000 - 0x00007ff923f44000 	C:\WINDOWS\SYSTEM32\ntdll.dll
0x00007ff921bd0000 - 0x00007ff921c92000 	C:\WINDOWS\System32\KERNEL32.DLL
0x00007ff921780000 - 0x00007ff921b23000 	C:\WINDOWS\System32\KERNELBASE.dll
0x00007ff921360000 - 0x00007ff921471000 	C:\WINDOWS\System32\ucrtbase.dll
0x00007ff90cbf0000 - 0x00007ff90cc0a000 	C:\Program Files\Java\jdk-17.0.2\bin\VCRUNTIME140.dll
0x00007ff90cc30000 - 0x00007ff90cc48000 	C:\Program Files\Java\jdk-17.0.2\bin\jli.dll
0x00007ff9232d0000 - 0x00007ff92337e000 	C:\WINDOWS\System32\ADVAPI32.dll
0x00007ff921d40000 - 0x00007ff921de7000 	C:\WINDOWS\System32\msvcrt.dll
0x00007ff923030000 - 0x00007ff9230d4000 	C:\WINDOWS\System32\sechost.dll
0x00007ff921fa0000 - 0x00007ff9220b7000 	C:\WINDOWS\System32\RPCRT4.dll
0x00007ff921df0000 - 0x00007ff921f9b000 	C:\WINDOWS\System32\USER32.dll
0x00007ff90d250000 - 0x00007ff90d4de000 	C:\WINDOWS\WinSxS\amd64_microsoft.windows.common-controls_6595b64144ccf1df_6.0.22621.1635_none_270f70857386168e\COMCTL32.dll
0x00007ff921150000 - 0x00007ff921176000 	C:\WINDOWS\System32\win32u.dll
0x00007ff9232a0000 - 0x00007ff9232c9000 	C:\WINDOWS\System32\GDI32.dll
0x00007ff9215f0000 - 0x00007ff921708000 	C:\WINDOWS\System32\gdi32full.dll
0x00007ff921240000 - 0x00007ff9212da000 	C:\WINDOWS\System32\msvcp_win.dll
0x00007ff919ac0000 - 0x00007ff919aca000 	C:\WINDOWS\SYSTEM32\VERSION.dll
0x00007ff922940000 - 0x00007ff922971000 	C:\WINDOWS\System32\IMM32.DLL
0x00007ff912460000 - 0x00007ff91246c000 	C:\Program Files\Java\jdk-17.0.2\bin\vcruntime140_1.dll
0x00007ff8e0fa0000 - 0x00007ff8e102d000 	C:\Program Files\Java\jdk-17.0.2\bin\msvcp140.dll
0x00007ff8d1d80000 - 0x00007ff8d2941000 	C:\Program Files\Java\jdk-17.0.2\bin\server\jvm.dll
0x00007ff922b70000 - 0x00007ff922b78000 	C:\WINDOWS\System32\PSAPI.DLL
0x00007ff917ef0000 - 0x00007ff917f24000 	C:\WINDOWS\SYSTEM32\WINMM.dll
0x00007ff8ff230000 - 0x00007ff8ff239000 	C:\WINDOWS\SYSTEM32\WSOCK32.dll
0x00007ff922e60000 - 0x00007ff922ed1000 	C:\WINDOWS\System32\WS2_32.dll
0x00007ff9201a0000 - 0x00007ff9201b8000 	C:\WINDOWS\SYSTEM32\kernel.appcore.dll
0x00007ff9119c0000 - 0x00007ff9119ca000 	C:\Program Files\Java\jdk-17.0.2\bin\jimage.dll
0x00007ff91e8c0000 - 0x00007ff91eaee000 	C:\WINDOWS\SYSTEM32\DBGHELP.DLL
0x00007ff9225a0000 - 0x00007ff922929000 	C:\WINDOWS\System32\combase.dll
0x00007ff922a90000 - 0x00007ff922b67000 	C:\WINDOWS\System32\OLEAUT32.dll
0x00007ff914650000 - 0x00007ff914682000 	C:\WINDOWS\SYSTEM32\dbgcore.DLL
0x00007ff9212e0000 - 0x00007ff92135b000 	C:\WINDOWS\System32\bcryptPrimitives.dll
0x00007ff91e1d0000 - 0x00007ff91e1de000 	C:\Program Files\Java\jdk-17.0.2\bin\instrument.dll
0x00007ff9071d0000 - 0x00007ff9071f5000 	C:\Program Files\Java\jdk-17.0.2\bin\java.dll

dbghelp: loaded successfully - version: 4.0.5 - missing functions: none
symbol engine: initialized successfully - sym options: 0x614 - pdb path: .;C:\Program Files\Java\jdk-17.0.2\bin;C:\WINDOWS\SYSTEM32;C:\WINDOWS\WinSxS\amd64_microsoft.windows.common-controls_6595b64144ccf1df_6.0.22621.1635_none_270f70857386168e;C:\Program Files\Java\jdk-17.0.2\bin\server

VM Arguments:
jvm_args: -XX:TieredStopAtLevel=1 -Dspring.output.ansi.enabled=always -Dcom.sun.management.jmxremote -Dspring.jmx.enabled=true -Dspring.liveBeansView.mbeanDomain -Dspring.application.admin.enabled=true -Dmanagement.endpoints.jmx.exposure.include=* -javaagent:A:\installed games\IntelliJ IDEA 2021.3\lib\idea_rt.jar=1239:A:\installed games\IntelliJ IDEA 2021.3\bin -Dfile.encoding=UTF-8 
java_command: com.example.e_ticket_uz_railway.ETicketUzRailwayApplication
java_class_path (initial): A:\Documents\Java\6-modul\codes\E_Ticket_Uz_Railway\target\classes;C:\Users\turay\.m2\repository\org\springframework\boot\spring-boot-starter-data-jpa\3.0.6\spring-boot-starter-data-jpa-3.0.6.jar;C:\Users\turay\.m2\repository\org\springframework\boot\spring-boot-starter-aop\3.0.6\spring-boot-starter-aop-3.0.6.jar;C:\Users\turay\.m2\repository\org\aspectj\aspectjweaver\1.9.19\aspectjweaver-1.9.19.jar;C:\Users\turay\.m2\repository\org\springframework\boot\spring-boot-starter-jdbc\3.0.6\spring-boot-starter-jdbc-3.0.6.jar;C:\Users\turay\.m2\repository\com\zaxxer\HikariCP\5.0.1\HikariCP-5.0.1.jar;C:\Users\turay\.m2\repository\org\springframework\spring-jdbc\6.0.8\spring-jdbc-6.0.8.jar;C:\Users\turay\.m2\repository\org\hibernate\orm\hibernate-core\6.1.7.Final\hibernate-core-6.1.7.Final.jar;C:\Users\turay\.m2\repository\jakarta\persistence\jakarta.persistence-api\3.1.0\jakarta.persistence-api-3.1.0.jar;C:\Users\turay\.m2\repository\jakarta\transaction\jakarta.transaction-api\2.0.1\jakarta.transaction-api-2.0.1.jar;C:\Users\turay\.m2\repository\org\jboss\logging\jboss-logging\3.5.0.Final\jboss-logging-3.5.0.Final.jar;C:\Users\turay\.m2\repository\org\hibernate\common\hibernate-commons-annotations\6.0.6.Final\hibernate-commons-annotations-6.0.6.Final.jar;C:\Users\turay\.m2\repository\org\jboss\jandex\2.4.2.Final\jandex-2.4.2.Final.jar;C:\Users\turay\.m2\repository\com\fasterxml\classmate\1.5.1\classmate-1.5.1.jar;C:\Users\turay\.m2\repository\net\bytebuddy\byte-buddy\1.12.23\byte-buddy-1.12.23.jar;C:\Users\turay\.m2\repository\org\glassfish\jaxb\jaxb-runtime\4.0.2\jaxb-runtime-4.0.2.jar;C:\Users\turay\.m2\repository\org\glassfish\jaxb\jaxb-core\4.0.2\jaxb-core-4.0.2.jar;C:\Users\turay\.m2\repository\org\eclipse\angus\angus-activation\2.0.0\angus-activation-2.0.0.jar;C:\Users\turay\.m2\repository\org\glassfish\jaxb\txw2\4.0.2\txw2-4.0.2.jar;C:\Users\turay\.m2\repository\com\sun\istack\istack-commons-runtime\4.1.1\istack-commons-runtime-4.1.1.jar;C
Launcher Type: SUN_STANDARD

[Global flags]
     intx CICompilerCount                          = 12                                        {product} {ergonomic}
     uint ConcGCThreads                            = 3                                         {product} {ergonomic}
     uint G1ConcRefinementThreads                  = 13                                        {product} {ergonomic}
   size_t G1HeapRegionSize                         = 1048576                                   {product} {ergonomic}
    uintx GCDrainStackTargetSize                   = 64                                        {product} {ergonomic}
   size_t InitialHeapSize                          = 123731968                                 {product} {ergonomic}
     bool ManagementServer                         = true                                      {product} {command line}
   size_t MarkStackSize                            = 4194304                                   {product} {ergonomic}
   size_t MaxHeapSize                              = 1950351360                                {product} {ergonomic}
   size_t MinHeapDeltaBytes                        = 1048576                                   {product} {ergonomic}
   size_t MinHeapSize                              = 8388608                                   {product} {ergonomic}
    uintx NonProfiledCodeHeapSize                  = 0                                      {pd product} {ergonomic}
     bool ProfileInterpreter                       = false                                  {pd product} {command line}
    uintx ProfiledCodeHeapSize                     = 0                                      {pd product} {ergonomic}
   size_t SoftMaxHeapSize                          = 1950351360                             {manageable} {ergonomic}
     intx TieredStopAtLevel                        = 1                                         {product} {command line}
     bool UseCompressedClassPointers               = true                           {product lp64_product} {ergonomic}
     bool UseCompressedOops                        = true                           {product lp64_product} {ergonomic}
     bool UseG1GC                                  = true                                      {product} {ergonomic}
     bool UseLargePagesIndividualAllocation        = false                                  {pd product} {ergonomic}

Logging:
Log output configuration:
 #0: stdout all=warning uptime,level,tags
 #1: stderr all=off uptime,level,tags

Environment Variables:
JAVA_HOME=C:\Program Files\Java\jdk-17.0.2
PATH=C:\Program Files\Common Files\Oracle\Java\javapath;C:\WINDOWS\system32;C:\WINDOWS;C:\WINDOWS\System32\Wbem;C:\WINDOWS\System32\WindowsPowerShell\v1.0\;C:\WINDOWS\System32\OpenSSH\;C:\Program Files\dotnet\;C:\Program Files (x86)\NVIDIA Corporation\PhysX\Common;C:\Program Files\Java\jdk-17.0.2\bin;C:\WINDOWS\system32;C:\WINDOWS;C:\WINDOWS\System32\Wbem;C:\WINDOWS\System32\WindowsPowerShell\v1.0\;C:\WINDOWS\System32\OpenSSH\;C:\Program Files\Git\cmd;C:\Program Files\apache-maven-3.8.7\bin;;C:\Program Files\NVIDIA Corporation\NVIDIA NvDLISR;C:\Users\turay\AppData\Local\Microsoft\WindowsApps;;C:\Users\turay\.dotnet\tools;A:\installed games\IntelliJ IDEA 2021.3\bin;
USERNAME=Asadbek
OS=Windows_NT
PROCESSOR_IDENTIFIER=AMD64 Family 25 Model 68 Stepping 1, AuthenticAMD



---------------  S Y S T E M  ---------------

OS:
 Windows 11 , 64 bit Build 22621 (10.0.22621.1635)
OS uptime: 4 days 10:15 hours

CPU: total 16 (initial active 16) (16 cores per cpu, 2 threads per core) family 25 model 68 stepping 1 microcode 0x0, cx8, cmov, fxsr, ht, mmx, 3dnowpref, sse, sse2, sse3, ssse3, sse4a, sse4.1, sse4.2, popcnt, lzcnt, tsc, tscinvbit, avx, avx2, aes, erms, clmul, bmi1, bmi2, adx, sha, fma, vzeroupper, clflush, clflushopt

Memory: 4k page, system-wide physical 7436M (434M free)
TotalPageFile size 18385M (AvailPageFile size 44M)
current process WorkingSet (physical memory assigned to process): 11M, peak: 11M
current process commit charge ("private bytes"): 65M, peak: 183M

vm_info: Java HotSpot(TM) 64-Bit Server VM (17.0.2+8-LTS-86) for windows-amd64 JRE (17.0.2+8-LTS-86), built on Dec  7 2021 21:51:03 by "mach5one" with MS VC++ 16.8 / 16.9 (VS2019)

END.
