#
# There is insufficient memory for the Java Runtime Environment to continue.
# Native memory allocation (mmap) failed to map 65536 bytes for Failed to commit metaspace.
# Possible reasons:
#   The system is out of physical RAM or swap space
#   The process is running with CompressedOops enabled, and the Java Heap may be blocking the growth of the native heap
# Possible solutions:
#   Reduce memory load on the system
#   Increase physical memory or swap space
#   Check if swap backing store is full
#   Decrease Java heap size (-Xmx/-Xms)
#   Decrease number of Java threads
#   Decrease Java thread stack sizes (-Xss)
#   Set larger code cache with -XX:ReservedCodeCacheSize=
#   JVM is running with Unscaled Compressed Oops mode in which the Java heap is
#     placed in the first 4GB address space. The Java Heap base address is the
#     maximum limit for the native heap growth. Please use -XX:HeapBaseMinAddress
#     to set the Java Heap base and to place the Java Heap above 4GB virtual address.
# This output file may be truncated or incomplete.
#
#  Out of Memory Error (virtualSpaceNode.cpp:110), pid=18196, tid=25108
#
# JRE version: Java(TM) SE Runtime Environment (17.0.2+8) (build 17.0.2+8-LTS-86)
# Java VM: Java HotSpot(TM) 64-Bit Server VM (17.0.2+8-LTS-86, mixed mode, emulated-client, sharing, tiered, compressed oops, compressed class ptrs, g1 gc, windows-amd64)
# No core dump will be written. Minidumps are not enabled by default on client versions of Windows
#

---------------  S U M M A R Y ------------

Command Line: -XX:TieredStopAtLevel=1 -Dspring.output.ansi.enabled=always -Dcom.sun.management.jmxremote -Dspring.jmx.enabled=true -Dspring.liveBeansView.mbeanDomain -Dspring.application.admin.enabled=true -Dmanagement.endpoints.jmx.exposure.include=* -javaagent:A:\installed games\IntelliJ IDEA 2021.3\lib\idea_rt.jar=1459:A:\installed games\IntelliJ IDEA 2021.3\bin -Dfile.encoding=UTF-8 com.example.e_ticket_uz_railway.ETicketUzRailwayApplication

Host: AMD Ryzen 7 6800H with Radeon Graphics         , 16 cores, 7G,  Windows 11 , 64 bit Build 22621 (10.0.22621.1635)
Time: Sat May 20 23:01:31 2023 West Asia Standard Time elapsed time: 3.725017 seconds (0d 0h 0m 3s)

---------------  T H R E A D  ---------------

Current thread (0x000001fb0902a130):  JavaThread "main" [_thread_in_vm, id=25108, stack(0x00000060e4d00000,0x00000060e4e00000)]

Stack: [0x00000060e4d00000,0x00000060e4e00000]
Native frames: (J=compiled Java code, j=interpreted, Vv=VM code, C=native code)
V  [jvm.dll+0x670baa]
V  [jvm.dll+0x7cfcb4]
V  [jvm.dll+0x7d145e]
V  [jvm.dll+0x7d1ac3]
V  [jvm.dll+0x242bc5]
V  [jvm.dll+0x7cbc5b]
V  [jvm.dll+0x616966]
V  [jvm.dll+0x1be3ee]
V  [jvm.dll+0x6192a1]
V  [jvm.dll+0x617306]
V  [jvm.dll+0x24068c]
V  [jvm.dll+0x6c706d]
V  [jvm.dll+0x6c7a9f]
V  [jvm.dll+0x36c4c3]
V  [jvm.dll+0x36b682]
V  [jvm.dll+0x36b628]
V  [jvm.dll+0x559805]
V  [jvm.dll+0x55892d]
V  [jvm.dll+0x37f357]
V  [jvm.dll+0x37e9af]
C  0x000001fb10889222

Java frames: (J=compiled Java code, j=interpreted, Vv=VM code)
j  net.bytebuddy.implementation.bind.MethodDelegationBinder$TerminationHandler$Default$1.resolve(Lnet/bytebuddy/implementation/bytecode/assign/Assigner;Lnet/bytebuddy/implementation/bytecode/assign/Assigner$Typing;Lnet/bytebuddy/description/method/MethodDescription;Lnet/bytebuddy/description/method/MethodDescription;)Lnet/bytebuddy/implementation/bytecode/StackManipulation;+64
j  net.bytebuddy.implementation.bind.annotation.TargetMethodAnnotationDrivenBinder$Record.bind(Lnet/bytebuddy/implementation/Implementation$Target;Lnet/bytebuddy/description/method/MethodDescription;Lnet/bytebuddy/implementation/bind/MethodDelegationBinder$TerminationHandler;Lnet/bytebuddy/implementation/bind/MethodDelegationBinder$MethodInvoker;Lnet/bytebuddy/implementation/bytecode/assign/Assigner;)Lnet/bytebuddy/implementation/bind/MethodDelegationBinder$MethodBinding;+34
j  net.bytebuddy.implementation.bind.MethodDelegationBinder$Processor.bind(Lnet/bytebuddy/implementation/Implementation$Target;Lnet/bytebuddy/description/method/MethodDescription;Lnet/bytebuddy/implementation/bind/MethodDelegationBinder$TerminationHandler;Lnet/bytebuddy/implementation/bind/MethodDelegationBinder$MethodInvoker;Lnet/bytebuddy/implementation/bytecode/assign/Assigner;)Lnet/bytebuddy/implementation/bind/MethodDelegationBinder$MethodBinding;+51
j  net.bytebuddy.implementation.MethodDelegation$Appender.apply(Lnet/bytebuddy/jar/asm/MethodVisitor;Lnet/bytebuddy/implementation/Implementation$Context;Lnet/bytebuddy/description/method/MethodDescription;)Lnet/bytebuddy/implementation/bytecode/ByteCodeAppender$Size;+49
j  net.bytebuddy.dynamic.scaffold.TypeWriter$MethodPool$Record$ForDefinedMethod$WithBody.applyCode(Lnet/bytebuddy/jar/asm/MethodVisitor;Lnet/bytebuddy/implementation/Implementation$Context;)Lnet/bytebuddy/implementation/bytecode/ByteCodeAppender$Size;+10
j  net.bytebuddy.dynamic.scaffold.TypeWriter$MethodPool$Record$ForDefinedMethod$WithBody.applyBody(Lnet/bytebuddy/jar/asm/MethodVisitor;Lnet/bytebuddy/implementation/Implementation$Context;Lnet/bytebuddy/implementation/attribute/AnnotationValueFilter$Factory;)V+13
j  net.bytebuddy.dynamic.scaffold.TypeWriter$MethodPool$Record$ForDefinedMethod.apply(Lnet/bytebuddy/jar/asm/ClassVisitor;Lnet/bytebuddy/implementation/Implementation$Context;Lnet/bytebuddy/implementation/attribute/AnnotationValueFilter$Factory;)V+162
j  net.bytebuddy.dynamic.scaffold.TypeWriter$Default$ForCreation.create(Lnet/bytebuddy/dynamic/scaffold/TypeInitializer;Lnet/bytebuddy/dynamic/scaffold/TypeWriter$Default$ClassDumpAction$Dispatcher;)Lnet/bytebuddy/dynamic/scaffold/TypeWriter$Default$UnresolvedType;+984
j  net.bytebuddy.dynamic.scaffold.TypeWriter$Default.make(Lnet/bytebuddy/dynamic/TypeResolutionStrategy$Resolved;)Lnet/bytebuddy/dynamic/DynamicType$Unloaded;+38
j  net.bytebuddy.dynamic.DynamicType$Builder$AbstractBase$UsingTypeWriter.make(Lnet/bytebuddy/dynamic/TypeResolutionStrategy;)Lnet/bytebuddy/dynamic/DynamicType$Unloaded;+10
j  net.bytebuddy.dynamic.DynamicType$Builder$AbstractBase.make()Lnet/bytebuddy/dynamic/DynamicType$Unloaded;+4
j  org.hibernate.bytecode.internal.bytebuddy.ByteBuddyState.make(Lnet/bytebuddy/pool/TypePool;Lnet/bytebuddy/dynamic/DynamicType$Builder;)Lnet/bytebuddy/dynamic/DynamicType$Unloaded;+27
j  org.hibernate.bytecode.internal.bytebuddy.ByteBuddyState.make(Lnet/bytebuddy/dynamic/DynamicType$Builder;)Lnet/bytebuddy/dynamic/DynamicType$Unloaded;+3
j  org.hibernate.bytecode.internal.bytebuddy.ByteBuddyState$1.run()Ljava/lang/Class;+23
j  org.hibernate.bytecode.internal.bytebuddy.ByteBuddyState$1.run()Ljava/lang/Object;+1
j  org.hibernate.bytecode.internal.bytebuddy.ByteBuddyState.lambda$load$0(Ljava/util/function/Function;Ljava/lang/Class;)Ljava/lang/Class;+28
j  org.hibernate.bytecode.internal.bytebuddy.ByteBuddyState$$Lambda$909+0x0000000801216a48.call()Ljava/lang/Object;+12
j  net.bytebuddy.TypeCache.findOrInsert(Ljava/lang/ClassLoader;Ljava/lang/Object;Ljava/util/concurrent/Callable;)Ljava/lang/Class;+20
j  net.bytebuddy.TypeCache.findOrInsert(Ljava/lang/ClassLoader;Ljava/lang/Object;Ljava/util/concurrent/Callable;Ljava/lang/Object;)Ljava/lang/Class;+26
j  org.hibernate.bytecode.internal.bytebuddy.ByteBuddyState.load(Ljava/lang/Class;Lnet/bytebuddy/TypeCache;Lnet/bytebuddy/TypeCache$SimpleKey;Ljava/util/function/Function;)Ljava/lang/Class;+16
j  org.hibernate.bytecode.internal.bytebuddy.ByteBuddyState.loadProxy(Ljava/lang/Class;Lnet/bytebuddy/TypeCache$SimpleKey;Ljava/util/function/Function;)Ljava/lang/Class;+8
j  org.hibernate.proxy.pojo.bytebuddy.ByteBuddyProxyHelper.buildProxy(Ljava/lang/Class;[Ljava/lang/Class;)Ljava/lang/Class;+57
j  org.hibernate.proxy.pojo.bytebuddy.ByteBuddyProxyFactory.postInstantiate(Ljava/lang/String;Ljava/lang/Class;Ljava/util/Set;Ljava/lang/reflect/Method;Ljava/lang/reflect/Method;Lorg/hibernate/type/CompositeType;)V+55
j  org.hibernate.metamodel.internal.EntityRepresentationStrategyPojoStandard.createProxyFactory(Lorg/hibernate/mapping/PersistentClass;Lorg/hibernate/bytecode/spi/BytecodeProvider;Lorg/hibernate/metamodel/spi/RuntimeModelCreationContext;)Lorg/hibernate/proxy/ProxyFactory;+485
j  org.hibernate.metamodel.internal.EntityRepresentationStrategyPojoStandard.<init>(Lorg/hibernate/mapping/PersistentClass;Lorg/hibernate/persister/entity/EntityPersister;Lorg/hibernate/metamodel/spi/RuntimeModelCreationContext;)V+279
j  org.hibernate.metamodel.internal.ManagedTypeRepresentationResolverStandard.resolveStrategy(Lorg/hibernate/mapping/PersistentClass;Lorg/hibernate/persister/entity/EntityPersister;Lorg/hibernate/metamodel/spi/RuntimeModelCreationContext;)Lorg/hibernate/metamodel/spi/EntityRepresentationStrategy;+53
j  org.hibernate.persister.entity.AbstractEntityPersister.<init>(Lorg/hibernate/mapping/PersistentClass;Lorg/hibernate/cache/spi/access/EntityDataAccess;Lorg/hibernate/cache/spi/access/NaturalIdDataAccess;Lorg/hibernate/metamodel/spi/RuntimeModelCreationContext;)V+236
j  org.hibernate.persister.entity.SingleTableEntityPersister.<init>(Lorg/hibernate/mapping/PersistentClass;Lorg/hibernate/cache/spi/access/EntityDataAccess;Lorg/hibernate/cache/spi/access/NaturalIdDataAccess;Lorg/hibernate/metamodel/spi/RuntimeModelCreationContext;)V+6
v  ~StubRoutines::call_stub
J 1696  jdk.internal.reflect.NativeConstructorAccessorImpl.newInstance0(Ljava/lang/reflect/Constructor;[Ljava/lang/Object;)Ljava/lang/Object; java.base@17.0.2 (0 bytes) @ 0x000001fb10d8ba8e [0x000001fb10d8ba20+0x000000000000006e]
J 1695 c1 jdk.internal.reflect.NativeConstructorAccessorImpl.newInstance([Ljava/lang/Object;)Ljava/lang/Object; java.base@17.0.2 (122 bytes) @ 0x000001fb10d8c23c [0x000001fb10d8bf80+0x00000000000002bc]
J 1513 c1 jdk.internal.reflect.DelegatingConstructorAccessorImpl.newInstance([Ljava/lang/Object;)Ljava/lang/Object; java.base@17.0.2 (9 bytes) @ 0x000001fb10d55364 [0x000001fb10d55320+0x0000000000000044]
J 1487 c1 java.lang.reflect.Constructor.newInstanceWithCaller([Ljava/lang/Object;ZLjava/lang/Class;)Ljava/lang/Object; java.base@17.0.2 (75 bytes) @ 0x000001fb10d4c2ac [0x000001fb10d4c1e0+0x00000000000000cc]
J 1642 c1 java.lang.reflect.Constructor.newInstance([Ljava/lang/Object;)Ljava/lang/Object; java.base@17.0.2 (34 bytes) @ 0x000001fb10d7a2cc [0x000001fb10d7a240+0x000000000000008c]
j  org.hibernate.persister.internal.PersisterFactoryImpl.createEntityPersister(Ljava/lang/Class;Lorg/hibernate/mapping/PersistentClass;Lorg/hibernate/cache/spi/access/EntityDataAccess;Lorg/hibernate/cache/spi/access/NaturalIdDataAccess;Lorg/hibernate/metamodel/spi/RuntimeModelCreationContext;)Lorg/hibernate/persister/entity/EntityPersister;+31
j  org.hibernate.persister.internal.PersisterFactoryImpl.createEntityPersister(Lorg/hibernate/mapping/PersistentClass;Lorg/hibernate/cache/spi/access/EntityDataAccess;Lorg/hibernate/cache/spi/access/NaturalIdDataAccess;Lorg/hibernate/metamodel/spi/RuntimeModelCreationContext;)Lorg/hibernate/persister/entity/EntityPersister;+31
j  org.hibernate.metamodel.model.domain.internal.MappingMetamodelImpl.processBootEntities(Ljava/util/Collection;Lorg/hibernate/cache/spi/CacheImplementor;Lorg/hibernate/persister/spi/PersisterFactory;Lorg/hibernate/metamodel/spi/RuntimeModelCreationContext;)V+76
j  org.hibernate.metamodel.model.domain.internal.MappingMetamodelImpl.finishInitialization(Lorg/hibernate/boot/spi/MetadataImplementor;Lorg/hibernate/boot/spi/BootstrapContext;Lorg/hibernate/engine/spi/SessionFactoryImplementor;)V+113
j  org.hibernate.metamodel.internal.RuntimeMetamodelsImpl.finishInitialization(Lorg/hibernate/boot/spi/MetadataImplementor;Lorg/hibernate/boot/spi/BootstrapContext;Lorg/hibernate/internal/SessionFactoryImpl;)V+23
j  org.hibernate.internal.SessionFactoryImpl.<init>(Lorg/hibernate/boot/spi/MetadataImplementor;Lorg/hibernate/boot/spi/SessionFactoryOptions;)V+686
j  org.hibernate.boot.internal.SessionFactoryBuilderImpl.build()Lorg/hibernate/SessionFactory;+59
j  org.hibernate.jpa.boot.internal.EntityManagerFactoryBuilderImpl.build()Ljakarta/persistence/EntityManagerFactory;+22
j  org.springframework.orm.jpa.vendor.SpringHibernateJpaPersistenceProvider.createContainerEntityManagerFactory(Ljakarta/persistence/spi/PersistenceUnitInfo;Ljava/util/Map;)Ljakarta/persistence/EntityManagerFactory;+59
j  org.springframework.orm.jpa.LocalContainerEntityManagerFactoryBean.createNativeEntityManagerFactory()Ljakarta/persistence/EntityManagerFactory;+111
j  org.springframework.orm.jpa.AbstractEntityManagerFactoryBean.buildNativeEntityManagerFactory()Ljakarta/persistence/EntityManagerFactory;+1
j  org.springframework.orm.jpa.AbstractEntityManagerFactoryBean.afterPropertiesSet()V+192
j  org.springframework.orm.jpa.LocalContainerEntityManagerFactoryBean.afterPropertiesSet()V+84
j  org.springframework.beans.factory.support.AbstractAutowireCapableBeanFactory.invokeInitMethods(Ljava/lang/String;Ljava/lang/Object;Lorg/springframework/beans/factory/support/RootBeanDefinition;)V+56
j  org.springframework.beans.factory.support.AbstractAutowireCapableBeanFactory.initializeBean(Ljava/lang/String;Ljava/lang/Object;Lorg/springframework/beans/factory/support/RootBeanDefinition;)Ljava/lang/Object;+34
j  org.springframework.beans.factory.support.AbstractAutowireCapableBeanFactory.doCreateBean(Ljava/lang/String;Lorg/springframework/beans/factory/support/RootBeanDefinition;[Ljava/lang/Object;)Ljava/lang/Object;+228
j  org.springframework.beans.factory.support.AbstractAutowireCapableBeanFactory.createBean(Ljava/lang/String;Lorg/springframework/beans/factory/support/RootBeanDefinition;[Ljava/lang/Object;)Ljava/lang/Object;+153
j  org.springframework.beans.factory.support.AbstractBeanFactory.lambda$doGetBean$0(Ljava/lang/String;Lorg/springframework/beans/factory/support/RootBeanDefinition;[Ljava/lang/Object;)Ljava/lang/Object;+4
j  org.springframework.beans.factory.support.AbstractBeanFactory$$Lambda$321+0x0000000800ddf2f8.getObject()Ljava/lang/Object;+16
j  org.springframework.beans.factory.support.DefaultSingletonBeanRegistry.getSingleton(Ljava/lang/String;Lorg/springframework/beans/factory/ObjectFactory;)Ljava/lang/Object;+114
J 2580 c1 org.springframework.beans.factory.support.AbstractBeanFactory.doGetBean(Ljava/lang/String;Ljava/lang/Class;[Ljava/lang/Object;Z)Ljava/lang/Object; (714 bytes) @ 0x000001fb1102d584 [0x000001fb1102cfc0+0x00000000000005c4]
j  org.springframework.beans.factory.support.AbstractBeanFactory.getBean(Ljava/lang/String;)Ljava/lang/Object;+5
j  org.springframework.context.support.AbstractApplicationContext.getBean(Ljava/lang/String;)Ljava/lang/Object;+9
j  org.springframework.context.support.AbstractApplicationContext.finishBeanFactoryInitialization(Lorg/springframework/beans/factory/config/ConfigurableListableBeanFactory;)V+106
j  org.springframework.context.support.AbstractApplicationContext.refresh()V+86
j  org.springframework.boot.web.servlet.context.ServletWebServerApplicationContext.refresh()V+1
j  org.springframework.boot.SpringApplication.refresh(Lorg/springframework/context/ConfigurableApplicationContext;)V+1
j  org.springframework.boot.SpringApplication.refreshContext(Lorg/springframework/context/ConfigurableApplicationContext;)V+16
j  org.springframework.boot.SpringApplication.run([Ljava/lang/String;)Lorg/springframework/context/ConfigurableApplicationContext;+101
j  org.springframework.boot.SpringApplication.run([Ljava/lang/Class;[Ljava/lang/String;)Lorg/springframework/context/ConfigurableApplicationContext;+9
j  org.springframework.boot.SpringApplication.run(Ljava/lang/Class;[Ljava/lang/String;)Lorg/springframework/context/ConfigurableApplicationContext;+9
j  com.example.e_ticket_uz_railway.ETicketUzRailwayApplication.main([Ljava/lang/String;)V+3
v  ~StubRoutines::call_stub

---------------  P R O C E S S  ---------------

Threads class SMR info:
_java_thread_list=0x000001fb1ddaf730, length=25, elements={
0x000001fb0902a130, 0x000001fb1b4248b0, 0x000001fb1b425260, 0x000001fb1b439cb0,
0x000001fb1b43a660, 0x000001fb1b43b010, 0x000001fb1b43dfe0, 0x000001fb1b460270,
0x000001fb1b464160, 0x000001fb1c09c360, 0x000001fb1c0a3070, 0x000001fb1c0a5810,
0x000001fb1c3fded0, 0x000001fb1c4c4f10, 0x000001fb1c5f0b10, 0x000001fb1c8db5e0,
0x000001fb1cae1130, 0x000001fb1cb70ca0, 0x000001fb1d9d7f40, 0x000001fb1d9ba180,
0x000001fb1dea2470, 0x000001fb1dea2b50, 0x000001fb1dea3020, 0x000001fb1e29f530,
0x000001fb1e29fed0
}

Java Threads: ( => current thread )
=>0x000001fb0902a130 JavaThread "main" [_thread_in_vm, id=25108, stack(0x00000060e4d00000,0x00000060e4e00000)]
  0x000001fb1b4248b0 JavaThread "Reference Handler" daemon [_thread_blocked, id=15628, stack(0x00000060e5400000,0x00000060e5500000)]
  0x000001fb1b425260 JavaThread "Finalizer" daemon [_thread_blocked, id=18628, stack(0x00000060e5500000,0x00000060e5600000)]
  0x000001fb1b439cb0 JavaThread "Signal Dispatcher" daemon [_thread_blocked, id=13404, stack(0x00000060e5600000,0x00000060e5700000)]
  0x000001fb1b43a660 JavaThread "Attach Listener" daemon [_thread_blocked, id=1504, stack(0x00000060e5700000,0x00000060e5800000)]
  0x000001fb1b43b010 JavaThread "Service Thread" daemon [_thread_blocked, id=10012, stack(0x00000060e5800000,0x00000060e5900000)]
  0x000001fb1b43dfe0 JavaThread "Monitor Deflation Thread" daemon [_thread_blocked, id=9644, stack(0x00000060e5900000,0x00000060e5a00000)]
  0x000001fb1b460270 JavaThread "C1 CompilerThread0" daemon [_thread_blocked, id=12368, stack(0x00000060e5a00000,0x00000060e5b00000)]
  0x000001fb1b464160 JavaThread "Sweeper thread" daemon [_thread_blocked, id=21920, stack(0x00000060e5b00000,0x00000060e5c00000)]
  0x000001fb1c09c360 JavaThread "Common-Cleaner" daemon [_thread_blocked, id=18540, stack(0x00000060e5c00000,0x00000060e5d00000)]
  0x000001fb1c0a3070 JavaThread "C1 CompilerThread1" daemon [_thread_blocked, id=15896, stack(0x00000060e5d00000,0x00000060e5e00000)]
  0x000001fb1c0a5810 JavaThread "C1 CompilerThread2" daemon [_thread_blocked, id=23676, stack(0x00000060e5e00000,0x00000060e5f00000)]
  0x000001fb1c3fded0 JavaThread "Monitor Ctrl-Break" daemon [_thread_in_native, id=22312, stack(0x00000060e5f00000,0x00000060e6000000)]
  0x000001fb1c4c4f10 JavaThread "Notification Thread" daemon [_thread_blocked, id=11248, stack(0x00000060e6000000,0x00000060e6100000)]
  0x000001fb1c5f0b10 JavaThread "RMI TCP Accept-0" daemon [_thread_in_native, id=23700, stack(0x00000060e6100000,0x00000060e6200000)]
  0x000001fb1c8db5e0 JavaThread "C1 CompilerThread3" daemon [_thread_blocked, id=14908, stack(0x00000060e6300000,0x00000060e6400000)]
  0x000001fb1cae1130 JavaThread "C1 CompilerThread4" daemon [_thread_blocked, id=7400, stack(0x00000060e6b00000,0x00000060e6c00000)]
  0x000001fb1cb70ca0 JavaThread "C1 CompilerThread5" daemon [_thread_blocked, id=9220, stack(0x00000060e6c00000,0x00000060e6d00000)]
  0x000001fb1d9d7f40 JavaThread "RMI TCP Connection(1)-192.168.0.104" daemon [_thread_in_native, id=18952, stack(0x00000060e7100000,0x00000060e7200000)]
  0x000001fb1d9ba180 JavaThread "RMI Scheduler(0)" daemon [_thread_blocked, id=23736, stack(0x00000060e6a00000,0x00000060e6b00000)]
  0x000001fb1dea2470 JavaThread "Catalina-utility-1" [_thread_blocked, id=8248, stack(0x00000060e7600000,0x00000060e7700000)]
  0x000001fb1dea2b50 JavaThread "Catalina-utility-2" [_thread_blocked, id=6020, stack(0x00000060e7700000,0x00000060e7800000)]
  0x000001fb1dea3020 JavaThread "container-0" [_thread_blocked, id=16068, stack(0x00000060e7800000,0x00000060e7900000)]
  0x000001fb1e29f530 JavaThread "HikariPool-1 housekeeper" daemon [_thread_blocked, id=18384, stack(0x00000060e7a00000,0x00000060e7b00000)]
  0x000001fb1e29fed0 JavaThread "HikariPool-1 connection adder" daemon [_thread_blocked, id=18548, stack(0x00000060e7b00000,0x00000060e7c00000)]

Other Threads:
  0x000001fb1b41eb10 VMThread "VM Thread" [stack: 0x00000060e5300000,0x00000060e5400000] [id=21456]
  0x000001fb0902afa0 WatcherThread [stack: 0x00000060e6200000,0x00000060e6300000] [id=9804]
  0x000001fb09066960 GCTaskThread "GC Thread#0" [stack: 0x00000060e4e00000,0x00000060e4f00000] [id=19132]
  0x000001fb1c9605e0 GCTaskThread "GC Thread#1" [stack: 0x00000060e6400000,0x00000060e6500000] [id=9164]
  0x000001fb1c943160 GCTaskThread "GC Thread#2" [stack: 0x00000060e6500000,0x00000060e6600000] [id=15636]
  0x000001fb1c9aeb10 GCTaskThread "GC Thread#3" [stack: 0x00000060e6600000,0x00000060e6700000] [id=22008]
  0x000001fb1c9af1d0 GCTaskThread "GC Thread#4" [stack: 0x00000060e6700000,0x00000060e6800000] [id=20776]
  0x000001fb1c9afca0 GCTaskThread "GC Thread#5" [stack: 0x00000060e6800000,0x00000060e6900000] [id=17432]
  0x000001fb1c9aff50 GCTaskThread "GC Thread#6" [stack: 0x00000060e6900000,0x00000060e6a00000] [id=15748]
  0x000001fb1d89ede0 GCTaskThread "GC Thread#7" [stack: 0x00000060e6d00000,0x00000060e6e00000] [id=836]
  0x000001fb1d89f090 GCTaskThread "GC Thread#8" [stack: 0x00000060e6e00000,0x00000060e6f00000] [id=23320]
  0x000001fb1d89f340 GCTaskThread "GC Thread#9" [stack: 0x00000060e6f00000,0x00000060e7000000] [id=6816]
  0x000001fb1d8a1e20 GCTaskThread "GC Thread#10" [stack: 0x00000060e7000000,0x00000060e7100000] [id=4556]
  0x000001fb1d9f9390 GCTaskThread "GC Thread#11" [stack: 0x00000060e7200000,0x00000060e7300000] [id=24132]
  0x000001fb1d9f8370 GCTaskThread "GC Thread#12" [stack: 0x00000060e7300000,0x00000060e7400000] [id=7948]
  0x000001fb09076280 ConcurrentGCThread "G1 Main Marker" [stack: 0x00000060e4f00000,0x00000060e5000000] [id=22224]
  0x000001fb09078440 ConcurrentGCThread "G1 Conc#0" [stack: 0x00000060e5000000,0x00000060e5100000] [id=8516]
  0x000001fb1d9f78b0 ConcurrentGCThread "G1 Conc#1" [stack: 0x00000060e7400000,0x00000060e7500000] [id=25024]
  0x000001fb1d9f7e10 ConcurrentGCThread "G1 Conc#2" [stack: 0x00000060e7500000,0x00000060e7600000] [id=21980]
  0x000001fb1b2da4f0 ConcurrentGCThread "G1 Refine#0" [stack: 0x00000060e5100000,0x00000060e5200000] [id=22828]
  0x000001fb1b2dadb0 ConcurrentGCThread "G1 Service" [stack: 0x00000060e5200000,0x00000060e5300000] [id=7960]

Threads with active compile tasks:

VM state: not at safepoint (normal execution)

VM Mutex/Monitor currently owned by a thread:  ([mutex/lock_event])
[0x000001fb09025660] Metaspace_lock - owner thread: 0x000001fb0902a130

Heap address: 0x000000008bc00000, size: 1860 MB, Compressed Oops mode: 32-bit

CDS archive(s) mapped at: [0x0000000800000000-0x0000000800bc0000-0x0000000800bc0000), size 12320768, SharedBaseAddress: 0x0000000800000000, ArchiveRelocationMode: 0.
Compressed class space mapped at: 0x0000000800c00000-0x0000000840c00000, reserved size: 1073741824
Narrow klass base: 0x0000000800000000, Narrow klass shift: 0, Narrow klass range: 0x100000000

GC Precious Log:
 CPUs: 16 total, 16 available
 Memory: 7436M
 Large Page Support: Disabled
 NUMA Support: Disabled
 Compressed Oops: Enabled (32-bit)
 Heap Region Size: 1M
 Heap Min Capacity: 8M
 Heap Initial Capacity: 118M
 Heap Max Capacity: 1860M
 Pre-touch: Disabled
 Parallel Workers: 13
 Concurrent Workers: 3
 Concurrent Refinement Workers: 13
 Periodic GC: Disabled

Heap:
 garbage-first heap   total 61440K, used 30957K [0x000000008bc00000, 0x0000000100000000)
  region size 1024K, 14 young (14336K), 4 survivors (4096K)
 Metaspace       used 44491K, committed 44928K, reserved 1089536K
  class space    used 6371K, committed 6592K, reserved 1048576K

Heap Regions: E=young(eden), S=young(survivor), O=old, HS=humongous(starts), HC=humongous(continues), CS=collection set, F=free, OA=open archive, CA=closed archive, TAMS=top-at-mark-start (previous, next)
|   0|0x000000008bc00000, 0x000000008bd00000, 0x000000008bd00000|100%|HS|  |TAMS 0x000000008bd00000, 0x000000008bc00000| Complete 
|   1|0x000000008bd00000, 0x000000008be00000, 0x000000008be00000|100%| O|  |TAMS 0x000000008be00000, 0x000000008bd00000| Untracked 
|   2|0x000000008be00000, 0x000000008bf00000, 0x000000008bf00000|100%| O|  |TAMS 0x000000008bf00000, 0x000000008be00000| Untracked 
|   3|0x000000008bf00000, 0x000000008c000000, 0x000000008c000000|100%| O|  |TAMS 0x000000008c000000, 0x000000008bf00000| Untracked 
|   4|0x000000008c000000, 0x000000008c100000, 0x000000008c100000|100%| O|  |TAMS 0x000000008c100000, 0x000000008c000000| Untracked 
|   5|0x000000008c100000, 0x000000008c200000, 0x000000008c200000|100%| O|  |TAMS 0x000000008c200000, 0x000000008c100000| Untracked 
|   6|0x000000008c200000, 0x000000008c300000, 0x000000008c300000|100%| O|  |TAMS 0x000000008c300000, 0x000000008c200000| Untracked 
|   7|0x000000008c300000, 0x000000008c3cf800, 0x000000008c400000| 81%| O|  |TAMS 0x000000008c3cf800, 0x000000008c300000| Untracked 
|   8|0x000000008c400000, 0x000000008c500000, 0x000000008c500000|100%| O|  |TAMS 0x000000008c500000, 0x000000008c400000| Untracked 
|   9|0x000000008c500000, 0x000000008c600000, 0x000000008c600000|100%| O|  |TAMS 0x000000008c600000, 0x000000008c500000| Untracked 
|  10|0x000000008c600000, 0x000000008c700000, 0x000000008c700000|100%| O|  |TAMS 0x000000008c700000, 0x000000008c600000| Untracked 
|  11|0x000000008c700000, 0x000000008c800000, 0x000000008c800000|100%| O|  |TAMS 0x000000008c800000, 0x000000008c700000| Untracked 
|  12|0x000000008c800000, 0x000000008c900000, 0x000000008c900000|100%| O|  |TAMS 0x000000008c900000, 0x000000008c800000| Untracked 
|  13|0x000000008c900000, 0x000000008ca00000, 0x000000008ca00000|100%| O|  |TAMS 0x000000008ca00000, 0x000000008c900000| Untracked 
|  14|0x000000008ca00000, 0x000000008cb00000, 0x000000008cb00000|100%| O|  |TAMS 0x000000008cb00000, 0x000000008ca00000| Untracked 
|  15|0x000000008cb00000, 0x000000008cc00000, 0x000000008cc00000|100%| O|  |TAMS 0x000000008cc00000, 0x000000008cb00000| Untracked 
|  16|0x000000008cc00000, 0x000000008cd00000, 0x000000008cd00000|100%| O|  |TAMS 0x000000008cc6c400, 0x000000008cc00000| Untracked 
|  17|0x000000008cd00000, 0x000000008ce00000, 0x000000008ce00000|100%| O|  |TAMS 0x000000008cd00000, 0x000000008cd00000| Untracked 
|  18|0x000000008ce00000, 0x000000008ce0da00, 0x000000008cf00000|  5%| O|  |TAMS 0x000000008ce00000, 0x000000008ce00000| Untracked 
|  19|0x000000008cf00000, 0x000000008cf00000, 0x000000008d000000|  0%| F|  |TAMS 0x000000008cf00000, 0x000000008cf00000| Untracked 
|  20|0x000000008d000000, 0x000000008d000000, 0x000000008d100000|  0%| F|  |TAMS 0x000000008d000000, 0x000000008d000000| Untracked 
|  21|0x000000008d100000, 0x000000008d100000, 0x000000008d200000|  0%| F|  |TAMS 0x000000008d100000, 0x000000008d100000| Untracked 
|  22|0x000000008d200000, 0x000000008d200000, 0x000000008d300000|  0%| F|  |TAMS 0x000000008d200000, 0x000000008d200000| Untracked 
|  23|0x000000008d300000, 0x000000008d300000, 0x000000008d400000|  0%| F|  |TAMS 0x000000008d300000, 0x000000008d300000| Untracked 
|  24|0x000000008d400000, 0x000000008d400000, 0x000000008d500000|  0%| F|  |TAMS 0x000000008d400000, 0x000000008d400000| Untracked 
|  25|0x000000008d500000, 0x000000008d500000, 0x000000008d600000|  0%| F|  |TAMS 0x000000008d500000, 0x000000008d500000| Untracked 
|  26|0x000000008d600000, 0x000000008d600000, 0x000000008d700000|  0%| F|  |TAMS 0x000000008d600000, 0x000000008d600000| Untracked 
|  27|0x000000008d700000, 0x000000008d700000, 0x000000008d800000|  0%| F|  |TAMS 0x000000008d700000, 0x000000008d700000| Untracked 
|  28|0x000000008d800000, 0x000000008d800000, 0x000000008d900000|  0%| F|  |TAMS 0x000000008d800000, 0x000000008d800000| Untracked 
|  29|0x000000008d900000, 0x000000008d95e530, 0x000000008da00000| 36%| S|CS|TAMS 0x000000008d900000, 0x000000008d900000| Complete 
|  30|0x000000008da00000, 0x000000008db00000, 0x000000008db00000|100%| S|CS|TAMS 0x000000008da00000, 0x000000008da00000| Complete 
|  31|0x000000008db00000, 0x000000008dc00000, 0x000000008dc00000|100%| S|CS|TAMS 0x000000008db00000, 0x000000008db00000| Complete 
|  32|0x000000008dc00000, 0x000000008dd00000, 0x000000008dd00000|100%| S|CS|TAMS 0x000000008dc00000, 0x000000008dc00000| Complete 
|  33|0x000000008dd00000, 0x000000008dd00000, 0x000000008de00000|  0%| F|  |TAMS 0x000000008dd00000, 0x000000008dd00000| Untracked 
|  34|0x000000008de00000, 0x000000008de00000, 0x000000008df00000|  0%| F|  |TAMS 0x000000008de00000, 0x000000008de00000| Untracked 
|  35|0x000000008df00000, 0x000000008df00000, 0x000000008e000000|  0%| F|  |TAMS 0x000000008df00000, 0x000000008df00000| Untracked 
|  36|0x000000008e000000, 0x000000008e000000, 0x000000008e100000|  0%| F|  |TAMS 0x000000008e000000, 0x000000008e000000| Untracked 
|  37|0x000000008e100000, 0x000000008e100000, 0x000000008e200000|  0%| F|  |TAMS 0x000000008e100000, 0x000000008e100000| Untracked 
|  38|0x000000008e200000, 0x000000008e200000, 0x000000008e300000|  0%| F|  |TAMS 0x000000008e200000, 0x000000008e200000| Untracked 
|  39|0x000000008e300000, 0x000000008e300000, 0x000000008e400000|  0%| F|  |TAMS 0x000000008e300000, 0x000000008e300000| Untracked 
|  40|0x000000008e400000, 0x000000008e400000, 0x000000008e500000|  0%| F|  |TAMS 0x000000008e400000, 0x000000008e400000| Untracked 
|  41|0x000000008e500000, 0x000000008e500000, 0x000000008e600000|  0%| F|  |TAMS 0x000000008e500000, 0x000000008e500000| Untracked 
|  42|0x000000008e600000, 0x000000008e600000, 0x000000008e700000|  0%| F|  |TAMS 0x000000008e600000, 0x000000008e600000| Untracked 
|  43|0x000000008e700000, 0x000000008e700000, 0x000000008e800000|  0%| F|  |TAMS 0x000000008e700000, 0x000000008e700000| Untracked 
|  44|0x000000008e800000, 0x000000008e800000, 0x000000008e900000|  0%| F|  |TAMS 0x000000008e800000, 0x000000008e800000| Untracked 
|  45|0x000000008e900000, 0x000000008e900000, 0x000000008ea00000|  0%| F|  |TAMS 0x000000008e900000, 0x000000008e900000| Untracked 
|  46|0x000000008ea00000, 0x000000008ea00000, 0x000000008eb00000|  0%| F|  |TAMS 0x000000008ea00000, 0x000000008ea00000| Untracked 
|  47|0x000000008eb00000, 0x000000008eb00000, 0x000000008ec00000|  0%| F|  |TAMS 0x000000008eb00000, 0x000000008eb00000| Untracked 
|  48|0x000000008ec00000, 0x000000008ec00000, 0x000000008ed00000|  0%| F|  |TAMS 0x000000008ec00000, 0x000000008ec00000| Untracked 
|  49|0x000000008ed00000, 0x000000008ed00000, 0x000000008ee00000|  0%| F|  |TAMS 0x000000008ed00000, 0x000000008ed00000| Untracked 
|  50|0x000000008ee00000, 0x000000008ee83660, 0x000000008ef00000| 51%| E|  |TAMS 0x000000008ee00000, 0x000000008ee00000| Complete 
|  51|0x000000008ef00000, 0x000000008f000000, 0x000000008f000000|100%| E|CS|TAMS 0x000000008ef00000, 0x000000008ef00000| Complete 
|  52|0x000000008f000000, 0x000000008f100000, 0x000000008f100000|100%| E|CS|TAMS 0x000000008f000000, 0x000000008f000000| Complete 
|  53|0x000000008f100000, 0x000000008f200000, 0x000000008f200000|100%| E|CS|TAMS 0x000000008f100000, 0x000000008f100000| Complete 
|  54|0x000000008f200000, 0x000000008f300000, 0x000000008f300000|100%| E|CS|TAMS 0x000000008f200000, 0x000000008f200000| Complete 
|  55|0x000000008f300000, 0x000000008f400000, 0x000000008f400000|100%| E|CS|TAMS 0x000000008f300000, 0x000000008f300000| Complete 
|  56|0x000000008f400000, 0x000000008f500000, 0x000000008f500000|100%| E|CS|TAMS 0x000000008f400000, 0x000000008f400000| Complete 
|  57|0x000000008f500000, 0x000000008f600000, 0x000000008f600000|100%| E|CS|TAMS 0x000000008f500000, 0x000000008f500000| Complete 
|  58|0x000000008f600000, 0x000000008f700000, 0x000000008f700000|100%| E|CS|TAMS 0x000000008f600000, 0x000000008f600000| Complete 
| 117|0x0000000093100000, 0x0000000093200000, 0x0000000093200000|100%| E|CS|TAMS 0x0000000093100000, 0x0000000093100000| Complete 

Card table byte_map: [0x000001fb142a0000,0x000001fb14650000] _byte_map_base: 0x000001fb13e42000

Marking Bits (Prev, Next): (CMBitMap*) 0x000001fb09066f70, (CMBitMap*) 0x000001fb09066fb0
 Prev Bits: [0x000001fb14a00000, 0x000001fb16710000)
 Next Bits: [0x000001fb16710000, 0x000001fb18420000)

Polling page: 0x000001fb06f80000

Metaspace:

Usage:
  Non-class:     37.23 MB used.
      Class:      6.22 MB used.
       Both:     43.45 MB used.

Virtual space:
  Non-class space:       40.00 MB reserved,      37.44 MB ( 94%) committed,  5 nodes.
      Class space:        1.00 GB reserved,       6.44 MB ( <1%) committed,  1 nodes.
             Both:        1.04 GB reserved,      43.88 MB (  4%) committed. 

Chunk freelists:
   Non-Class:  2.55 MB
       Class:  1.61 MB
        Both:  4.16 MB

MaxMetaspaceSize: unlimited
CompressedClassSpaceSize: 1.00 GB
Initial GC threshold: 21.00 MB
Current GC threshold: 58.88 MB
CDS: on
MetaspaceReclaimPolicy: balanced
 - commit_granule_bytes: 65536.
 - commit_granule_words: 8192.
 - virtual_space_node_default_size: 1048576.
 - enlarge_chunks_in_place: 1.
 - new_chunks_are_fully_committed: 0.
 - uncommit_free_chunks: 1.
 - use_allocation_guard: 0.
 - handle_deallocations: 1.


Internal statistics:

num_allocs_failed_limit: 6.
num_arena_births: 610.
num_arena_deaths: 0.
num_vsnodes_births: 6.
num_vsnodes_deaths: 0.
num_space_committed: 702.
num_space_uncommitted: 0.
num_chunks_returned_to_freelist: 6.
num_chunks_taken_from_freelist: 2201.
num_chunk_merges: 6.
num_chunk_splits: 1593.
num_chunks_enlarged: 1221.
num_purges: 0.
num_inconsistent_stats: 0.

CodeCache: size=49152Kb used=10590Kb max_used=10590Kb free=38561Kb
 bounds [0x000001fb10870000, 0x000001fb112d0000, 0x000001fb13870000]
 total_blobs=4881 nmethods=4288 adapters=514
 compilation: enabled
              stopped_count=0, restarted_count=0
 full_count=0

Compilation events (20 events):
Event: 3.696 Thread 0x000001fb1cae1130 4279       1       net.bytebuddy.description.method.MethodDescription$TypeToken::equals (57 bytes)
Event: 3.696 Thread 0x000001fb1cae1130 nmethod 4279 0x000001fb112c4190 code [0x000001fb112c4340, 0x000001fb112c4598]
Event: 3.699 Thread 0x000001fb1b460270 4280       1       java.io.Bits::getShort (18 bytes)
Event: 3.699 Thread 0x000001fb1b460270 nmethod 4280 0x000001fb112c4690 code [0x000001fb112c4820, 0x000001fb112c4938]
Event: 3.700 Thread 0x000001fb1b460270 4281       1       java.io.ObjectOutputStream::writeClassDesc (60 bytes)
Event: 3.701 Thread 0x000001fb1b460270 nmethod 4281 0x000001fb112c4a10 code [0x000001fb112c4c20, 0x000001fb112c4f68]
Event: 3.702 Thread 0x000001fb1c8db5e0 4282       1       java.lang.AbstractStringBuilder::append (33 bytes)
Event: 3.702 Thread 0x000001fb1cae1130 4283       1       net.bytebuddy.matcher.ElementMatcher$Junction$ForNonNullValues::<init> (5 bytes)
Event: 3.702 Thread 0x000001fb1c8db5e0 nmethod 4282 0x000001fb112c5190 code [0x000001fb112c5340, 0x000001fb112c54a8]
Event: 3.702 Thread 0x000001fb1cae1130 nmethod 4283 0x000001fb112c5590 code [0x000001fb112c5720, 0x000001fb112c57d8]
Event: 3.703 Thread 0x000001fb1c8db5e0 4284       1       java.io.ObjectOutputStream::writeByte (9 bytes)
Event: 3.703 Thread 0x000001fb1c8db5e0 nmethod 4284 0x000001fb112c5890 code [0x000001fb112c5a20, 0x000001fb112c5b68]
Event: 3.707 Thread 0x000001fb1b460270 4285       1       net.bytebuddy.description.method.MethodDescription$TypeSubstituting::isTypeInitializer (10 bytes)
Event: 3.707 Thread 0x000001fb1b460270 nmethod 4285 0x000001fb112c6810 code [0x000001fb112c69a0, 0x000001fb112c6a88]
Event: 3.716 Thread 0x000001fb1b460270 4286       1       java.lang.Class::getDeclaringClass (31 bytes)
Event: 3.716 Thread 0x000001fb1b460270 nmethod 4286 0x000001fb112c6e10 code [0x000001fb112c6fc0, 0x000001fb112c7148]
Event: 3.717 Thread 0x000001fb1cb70ca0 4287       1       org.postgresql.Driver$$Lambda$798/0x00000008010c9f20::test (5 bytes)
Event: 3.717 Thread 0x000001fb1c0a3070 4288       1       org.postgresql.Driver::lambda$parseURL$0 (12 bytes)
Event: 3.717 Thread 0x000001fb1c0a3070 nmethod 4288 0x000001fb112c7290 code [0x000001fb112c7420, 0x000001fb112c74d8]
Event: 3.718 Thread 0x000001fb1cb70ca0 nmethod 4287 0x000001fb112c7590 code [0x000001fb112c7720, 0x000001fb112c77f8]

GC Heap History (16 events):
Event: 0.663 GC heap before
{Heap before GC invocations=0 (full 0):
 garbage-first heap   total 120832K, used 23552K [0x000000008bc00000, 0x0000000100000000)
  region size 1024K, 23 young (23552K), 0 survivors (0K)
 Metaspace       used 7616K, committed 7808K, reserved 1056768K
  class space    used 974K, committed 1088K, reserved 1048576K
}
Event: 0.670 GC heap after
{Heap after GC invocations=1 (full 0):
 garbage-first heap   total 120832K, used 8000K [0x000000008bc00000, 0x0000000100000000)
  region size 1024K, 3 young (3072K), 3 survivors (3072K)
 Metaspace       used 7616K, committed 7808K, reserved 1056768K
  class space    used 974K, committed 1088K, reserved 1048576K
}
Event: 1.002 GC heap before
{Heap before GC invocations=1 (full 0):
 garbage-first heap   total 120832K, used 33600K [0x000000008bc00000, 0x0000000100000000)
  region size 1024K, 28 young (28672K), 3 survivors (3072K)
 Metaspace       used 13196K, committed 13440K, reserved 1064960K
  class space    used 1733K, committed 1856K, reserved 1048576K
}
Event: 1.006 GC heap after
{Heap after GC invocations=2 (full 0):
 garbage-first heap   total 120832K, used 10275K [0x000000008bc00000, 0x0000000100000000)
  region size 1024K, 3 young (3072K), 3 survivors (3072K)
 Metaspace       used 13196K, committed 13440K, reserved 1064960K
  class space    used 1733K, committed 1856K, reserved 1048576K
}
Event: 1.742 GC heap before
{Heap before GC invocations=2 (full 0):
 garbage-first heap   total 120832K, used 67619K [0x000000008bc00000, 0x0000000100000000)
  region size 1024K, 60 young (61440K), 3 survivors (3072K)
 Metaspace       used 21268K, committed 21504K, reserved 1073152K
  class space    used 2887K, committed 3008K, reserved 1048576K
}
Event: 1.750 GC heap after
{Heap after GC invocations=3 (full 0):
 garbage-first heap   total 120832K, used 14142K [0x000000008bc00000, 0x0000000100000000)
  region size 1024K, 6 young (6144K), 6 survivors (6144K)
 Metaspace       used 21268K, committed 21504K, reserved 1073152K
  class space    used 2887K, committed 3008K, reserved 1048576K
}
Event: 2.149 GC heap before
{Heap before GC invocations=4 (full 0):
 garbage-first heap   total 51200K, used 38718K [0x000000008bc00000, 0x0000000100000000)
  region size 1024K, 30 young (30720K), 6 survivors (6144K)
 Metaspace       used 24910K, committed 25344K, reserved 1073152K
  class space    used 3492K, committed 3712K, reserved 1048576K
}
Event: 2.162 GC heap after
{Heap after GC invocations=5 (full 0):
 garbage-first heap   total 51200K, used 16766K [0x000000008bc00000, 0x0000000100000000)
  region size 1024K, 3 young (3072K), 3 survivors (3072K)
 Metaspace       used 24910K, committed 25344K, reserved 1073152K
  class space    used 3492K, committed 3712K, reserved 1048576K
}
Event: 2.492 GC heap before
{Heap before GC invocations=5 (full 0):
 garbage-first heap   total 51200K, used 35198K [0x000000008bc00000, 0x0000000100000000)
  region size 1024K, 21 young (21504K), 3 survivors (3072K)
 Metaspace       used 27818K, committed 28288K, reserved 1073152K
  class space    used 3866K, committed 4096K, reserved 1048576K
}
Event: 2.495 GC heap after
{Heap after GC invocations=6 (full 0):
 garbage-first heap   total 61440K, used 18506K [0x000000008bc00000, 0x0000000100000000)
  region size 1024K, 2 young (2048K), 2 survivors (2048K)
 Metaspace       used 27818K, committed 28288K, reserved 1073152K
  class space    used 3866K, committed 4096K, reserved 1048576K
}
Event: 3.054 GC heap before
{Heap before GC invocations=6 (full 0):
 garbage-first heap   total 61440K, used 42058K [0x000000008bc00000, 0x0000000100000000)
  region size 1024K, 26 young (26624K), 2 survivors (2048K)
 Metaspace       used 34205K, committed 34624K, reserved 1081344K
  class space    used 4806K, committed 4992K, reserved 1048576K
}
Event: 3.057 GC heap after
{Heap after GC invocations=7 (full 0):
 garbage-first heap   total 61440K, used 19663K [0x000000008bc00000, 0x0000000100000000)
  region size 1024K, 3 young (3072K), 3 survivors (3072K)
 Metaspace       used 34205K, committed 34624K, reserved 1081344K
  class space    used 4806K, committed 4992K, reserved 1048576K
}
Event: 3.114 GC heap before
{Heap before GC invocations=7 (full 0):
 garbage-first heap   total 61440K, used 21711K [0x000000008bc00000, 0x0000000100000000)
  region size 1024K, 7 young (7168K), 3 survivors (3072K)
 Metaspace       used 35541K, committed 35968K, reserved 1081344K
  class space    used 4929K, committed 5120K, reserved 1048576K
}
Event: 3.116 GC heap after
{Heap after GC invocations=8 (full 0):
 garbage-first heap   total 61440K, used 19994K [0x000000008bc00000, 0x0000000100000000)
  region size 1024K, 2 young (2048K), 2 survivors (2048K)
 Metaspace       used 35541K, committed 35968K, reserved 1081344K
  class space    used 4929K, committed 5120K, reserved 1048576K
}
Event: 3.547 GC heap before
{Heap before GC invocations=9 (full 0):
 garbage-first heap   total 61440K, used 44570K [0x000000008bc00000, 0x0000000100000000)
  region size 1024K, 27 young (27648K), 2 survivors (2048K)
 Metaspace       used 42055K, committed 42496K, reserved 1089536K
  class space    used 5938K, committed 6144K, reserved 1048576K
}
Event: 3.550 GC heap after
{Heap after GC invocations=10 (full 0):
 garbage-first heap   total 61440K, used 21741K [0x000000008bc00000, 0x0000000100000000)
  region size 1024K, 4 young (4096K), 4 survivors (4096K)
 Metaspace       used 42055K, committed 42496K, reserved 1089536K
  class space    used 5938K, committed 6144K, reserved 1048576K
}

Deoptimization events (14 events):
Event: 0.553 Thread 0x000001fb0902a130 DEOPT PACKING pc=0x000001fb10b4a6f5 sp=0x00000060e4dfd590
Event: 0.553 Thread 0x000001fb0902a130 DEOPT UNPACKING pc=0x000001fb108c2b43 sp=0x00000060e4dfc9e8 mode 3
Event: 0.992 Thread 0x000001fb0902a130 DEOPT PACKING pc=0x000001fb10f1b719 sp=0x00000060e4dfd1b0
Event: 0.992 Thread 0x000001fb0902a130 DEOPT UNPACKING pc=0x000001fb108c2b43 sp=0x00000060e4dfc690 mode 3
Event: 1.220 Thread 0x000001fb0902a130 DEOPT PACKING pc=0x000001fb10f58b2d sp=0x00000060e4dfe4a0
Event: 1.220 Thread 0x000001fb0902a130 DEOPT UNPACKING pc=0x000001fb108c2b43 sp=0x00000060e4dfd9e8 mode 3
Event: 1.883 Thread 0x000001fb0902a130 DEOPT PACKING pc=0x000001fb1114e175 sp=0x00000060e4dfca10
Event: 1.883 Thread 0x000001fb0902a130 DEOPT UNPACKING pc=0x000001fb108c2b43 sp=0x00000060e4dfbe80 mode 3
Event: 2.407 Thread 0x000001fb0902a130 DEOPT PACKING pc=0x000001fb111e7e1d sp=0x00000060e4dfc4f0
Event: 2.407 Thread 0x000001fb0902a130 DEOPT UNPACKING pc=0x000001fb108c2b43 sp=0x00000060e4dfba58 mode 3
Event: 2.427 Thread 0x000001fb0902a130 DEOPT PACKING pc=0x000001fb10f34d81 sp=0x00000060e4dfe5d0
Event: 2.427 Thread 0x000001fb0902a130 DEOPT UNPACKING pc=0x000001fb108c2b43 sp=0x00000060e4dfda60 mode 3
Event: 2.427 Thread 0x000001fb1dea2b50 DEOPT PACKING pc=0x000001fb10db6797 sp=0x00000060e77ff340
Event: 2.427 Thread 0x000001fb1dea2b50 DEOPT UNPACKING pc=0x000001fb108c2b43 sp=0x00000060e77fe798 mode 3

Classes unloaded (0 events):
No events

Classes redefined (0 events):
No events

Internal exceptions (20 events):
Event: 2.278 Thread 0x000001fb0902a130 Exception <a 'java/lang/NoSuchMethodError'{0x000000008f1cc1d0}: 'java.lang.Object java.lang.invoke.DirectMethodHandle$Holder.invokeSpecial(java.lang.Object, java.lang.Object, long, java.lang.Object, java.lang.Object, java.lang.Object, java.lang.Object, java.lang.Object, java.lang.Object)'> (0x000000008f1cc1d0) 
thrown [t:\workspace\open\src\hotspot\share\interpreter\linkResolver.cpp, line 766]
Event: 2.278 Thread 0x000001fb0902a130 Exception <a 'java/lang/NoSuchMethodError'{0x000000008f1d0cf8}: 'java.lang.Object java.lang.invoke.DelegatingMethodHandle$Holder.reinvoke_L(java.lang.Object, long, java.lang.Object, java.lang.Object, java.lang.Object, java.lang.Object, java.lang.Object, java.lang.Object)'> (0x000000008f1d0cf8) 
thrown [t:\workspace\open\src\hotspot\share\interpreter\linkResolver.cpp, line 766]
Event: 2.279 Thread 0x000001fb0902a130 Exception <a 'java/lang/NoSuchMethodError'{0x000000008f1dd6f8}: 'java.lang.Object java.lang.invoke.Invokers$Holder.linkToTargetMethod(java.lang.Object, java.lang.Object, java.lang.Object, java.lang.Object, java.lang.Object, java.lang.Object, java.lang.Object)'> (0x000000008f1dd6f8) 
thrown [t:\workspace\open\src\hotspot\share\interpreter\linkResolver.cpp, line 766]
Event: 2.341 Thread 0x000001fb0902a130 Exception <a 'java/io/FileNotFoundException'{0x000000008e595ce8}> (0x000000008e595ce8) 
thrown [t:\workspace\open\src\hotspot\share\prims\jni.cpp, line 516]
Event: 2.367 Thread 0x000001fb0902a130 Exception <a 'java/lang/NoSuchMethodError'{0x000000008e4f56e0}: 'int java.lang.invoke.DirectMethodHandle$Holder.invokeInterface(java.lang.Object, java.lang.Object, java.lang.Object, java.lang.Object)'> (0x000000008e4f56e0) 
thrown [t:\workspace\open\src\hotspot\share\interpreter\linkResolver.cpp, line 766]
Event: 2.412 Thread 0x000001fb0902a130 Exception <a 'java/lang/NoSuchMethodError'{0x000000008e157dc0}: 'long java.lang.invoke.DirectMethodHandle$Holder.invokeVirtual(java.lang.Object, java.lang.Object)'> (0x000000008e157dc0) 
thrown [t:\workspace\open\src\hotspot\share\interpreter\linkResolver.cpp, line 766]
Event: 2.689 Thread 0x000001fb1d9d7f40 Exception <a 'java/lang/reflect/InvocationTargetException'{0x000000008ee00b18}> (0x000000008ee00b18) 
thrown [t:\workspace\open\src\hotspot\share\runtime\reflection.cpp, line 1121]
Event: 2.976 Thread 0x000001fb0902a130 Exception <a 'java/lang/NoSuchMethodError'{0x000000008e1124d0}: 'int java.lang.invoke.DirectMethodHandle$Holder.invokeStaticInit(java.lang.Object, java.lang.Object, java.lang.Object, java.lang.Object)'> (0x000000008e1124d0) 
thrown [t:\workspace\open\src\hotspot\share\interpreter\linkResolver.cpp, line 766]
Event: 3.157 Thread 0x000001fb0902a130 Exception <a 'java/lang/NoSuchMethodError'{0x000000008f65bc00}: 'java.lang.Object java.lang.invoke.DirectMethodHandle$Holder.invokeStaticInit(java.lang.Object, java.lang.Object, java.lang.Object, java.lang.Object)'> (0x000000008f65bc00) 
thrown [t:\workspace\open\src\hotspot\share\interpreter\linkResolver.cpp, line 766]
Event: 3.195 Thread 0x000001fb1d9d7f40 Exception <a 'java/lang/reflect/InvocationTargetException'{0x000000008f1036e8}> (0x000000008f1036e8) 
thrown [t:\workspace\open\src\hotspot\share\runtime\reflection.cpp, line 1121]
Event: 3.247 Thread 0x000001fb0902a130 Exception <a 'java/lang/NoSuchMethodError'{0x000000008ee268e0}: 'java.lang.Object java.lang.invoke.DirectMethodHandle$Holder.newInvokeSpecial(java.lang.Object, java.lang.Object, java.lang.Object, int)'> (0x000000008ee268e0) 
thrown [t:\workspace\open\src\hotspot\share\interpreter\linkResolver.cpp, line 766]
Event: 3.247 Thread 0x000001fb0902a130 Exception <a 'java/lang/NoSuchMethodError'{0x000000008ee2abc8}: 'java.lang.Object java.lang.invoke.DirectMethodHandle$Holder.invokeSpecial(java.lang.Object, java.lang.Object, java.lang.Object, java.lang.Object, int)'> (0x000000008ee2abc8) 
thrown [t:\workspace\open\src\hotspot\share\interpreter\linkResolver.cpp, line 766]
Event: 3.248 Thread 0x000001fb0902a130 Exception <a 'java/lang/NoSuchMethodError'{0x000000008ee2e790}: 'java.lang.Object java.lang.invoke.Invokers$Holder.linkToTargetMethod(java.lang.Object, java.lang.Object, int, java.lang.Object)'> (0x000000008ee2e790) 
thrown [t:\workspace\open\src\hotspot\share\interpreter\linkResolver.cpp, line 766]
Event: 3.506 Thread 0x000001fb1e29fed0 Exception <a 'sun/net/ConnectionResetException'{0x000000008e1fbea0}: Connection reset> (0x000000008e1fbea0) 
thrown [t:\workspace\open\src\hotspot\share\prims\jni.cpp, line 535]
Event: 3.511 Thread 0x000001fb0902a130 Exception <a 'java/lang/NoSuchMethodError'{0x000000008df4f5e8}: 'java.lang.Object java.lang.invoke.DirectMethodHandle$Holder.invokeStatic(java.lang.Object, java.lang.Object, int, java.lang.Object)'> (0x000000008df4f5e8) 
thrown [t:\workspace\open\src\hotspot\share\interpreter\linkResolver.cpp, line 766]
Event: 3.511 Thread 0x000001fb0902a130 Exception <a 'java/lang/NoSuchMethodError'{0x000000008df53080}: 'java.lang.Object java.lang.invoke.DirectMethodHandle$Holder.invokeStaticInit(java.lang.Object, java.lang.Object, int, java.lang.Object)'> (0x000000008df53080) 
thrown [t:\workspace\open\src\hotspot\share\interpreter\linkResolver.cpp, line 766]
Event: 3.530 Thread 0x000001fb0902a130 Exception <a 'java/lang/IncompatibleClassChangeError'{0x000000008ded0500}: Found class java.lang.Object, but interface was expected> (0x000000008ded0500) 
thrown [t:\workspace\open\src\hotspot\share\interpreter\linkResolver.cpp, line 833]
Event: 3.629 Thread 0x000001fb1e29fed0 Exception <a 'sun/net/ConnectionResetException'{0x000000009319c660}: Connection reset> (0x000000009319c660) 
thrown [t:\workspace\open\src\hotspot\share\prims\jni.cpp, line 535]
Event: 3.702 Thread 0x000001fb1d9d7f40 Exception <a 'java/lang/reflect/InvocationTargetException'{0x000000008ef7a6f0}> (0x000000008ef7a6f0) 
thrown [t:\workspace\open\src\hotspot\share\runtime\reflection.cpp, line 1121]
Event: 3.719 Thread 0x000001fb1e29fed0 Exception <a 'sun/net/ConnectionResetException'{0x000000008ee07768}: Connection reset> (0x000000008ee07768) 
thrown [t:\workspace\open\src\hotspot\share\prims\jni.cpp, line 535]

VM Operations (20 events):
Event: 2.419 Executing VM operation: HandshakeAllThreads
Event: 2.419 Executing VM operation: HandshakeAllThreads done
Event: 2.471 Executing VM operation: HandshakeAllThreads
Event: 2.471 Executing VM operation: HandshakeAllThreads done
Event: 2.491 Executing VM operation: G1CollectForAllocation
Event: 2.495 Executing VM operation: G1CollectForAllocation done
Event: 2.586 Executing VM operation: HandshakeAllThreads
Event: 2.586 Executing VM operation: HandshakeAllThreads done
Event: 3.054 Executing VM operation: G1CollectForAllocation
Event: 3.057 Executing VM operation: G1CollectForAllocation done
Event: 3.114 Executing VM operation: CollectForMetadataAllocation
Event: 3.116 Executing VM operation: CollectForMetadataAllocation done
Event: 3.125 Executing VM operation: G1Concurrent
Event: 3.126 Executing VM operation: G1Concurrent done
Event: 3.131 Executing VM operation: G1Concurrent
Event: 3.131 Executing VM operation: G1Concurrent done
Event: 3.257 Executing VM operation: HandshakeAllThreads
Event: 3.257 Executing VM operation: HandshakeAllThreads done
Event: 3.547 Executing VM operation: G1CollectForAllocation
Event: 3.550 Executing VM operation: G1CollectForAllocation done

Events (20 events):
Event: 3.394 loading class javax/naming/StringRefAddr
Event: 3.394 loading class javax/naming/StringRefAddr done
Event: 3.410 loading class java/util/concurrent/CompletionStage
Event: 3.410 loading class java/util/concurrent/CompletionStage done
Event: 3.411 loading class java/util/concurrent/CompletableFuture
Event: 3.411 loading class java/util/concurrent/CompletableFuture done
Event: 3.412 loading class java/util/concurrent/CompletableFuture$AltResult
Event: 3.412 loading class java/util/concurrent/CompletableFuture$AltResult done
Event: 3.412 loading class java/util/concurrent/CompletableFuture$Completion
Event: 3.412 loading class java/util/concurrent/CompletableFuture$AsynchronousCompletionTask
Event: 3.412 loading class java/util/concurrent/CompletableFuture$AsynchronousCompletionTask done
Event: 3.412 loading class java/util/concurrent/CompletableFuture$Completion done
Event: 3.442 loading class java/util/concurrent/CancellationException
Event: 3.442 loading class java/util/concurrent/CancellationException done
Event: 3.506 loading class sun/net/ConnectionResetException
Event: 3.506 loading class sun/net/ConnectionResetException done
Event: 3.569 loading class java/text/MessageFormat$Field
Event: 3.569 loading class java/text/MessageFormat$Field done
Event: 3.699 Thread 0x000001fb1e2a0870 Thread added: 0x000001fb1e2a0870
Event: 3.703 Thread 0x000001fb1e2a0870 Thread exited: 0x000001fb1e2a0870


Dynamic libraries:
0x00007ff6ca5d0000 - 0x00007ff6ca5e0000 	C:\Program Files\Java\jdk-17.0.2\bin\java.exe
0x00007ff923d30000 - 0x00007ff923f44000 	C:\WINDOWS\SYSTEM32\ntdll.dll
0x00007ff921bd0000 - 0x00007ff921c92000 	C:\WINDOWS\System32\KERNEL32.DLL
0x00007ff921780000 - 0x00007ff921b23000 	C:\WINDOWS\System32\KERNELBASE.dll
0x00007ff921360000 - 0x00007ff921471000 	C:\WINDOWS\System32\ucrtbase.dll
0x00007ff90cbf0000 - 0x00007ff90cc0a000 	C:\Program Files\Java\jdk-17.0.2\bin\VCRUNTIME140.dll
0x00007ff90cc30000 - 0x00007ff90cc48000 	C:\Program Files\Java\jdk-17.0.2\bin\jli.dll
0x00007ff9232d0000 - 0x00007ff92337e000 	C:\WINDOWS\System32\ADVAPI32.dll
0x00007ff921d40000 - 0x00007ff921de7000 	C:\WINDOWS\System32\msvcrt.dll
0x00007ff923030000 - 0x00007ff9230d4000 	C:\WINDOWS\System32\sechost.dll
0x00007ff921fa0000 - 0x00007ff9220b7000 	C:\WINDOWS\System32\RPCRT4.dll
0x00007ff921df0000 - 0x00007ff921f9b000 	C:\WINDOWS\System32\USER32.dll
0x00007ff921150000 - 0x00007ff921176000 	C:\WINDOWS\System32\win32u.dll
0x00007ff90d250000 - 0x00007ff90d4de000 	C:\WINDOWS\WinSxS\amd64_microsoft.windows.common-controls_6595b64144ccf1df_6.0.22621.1635_none_270f70857386168e\COMCTL32.dll
0x00007ff9232a0000 - 0x00007ff9232c9000 	C:\WINDOWS\System32\GDI32.dll
0x00007ff9215f0000 - 0x00007ff921708000 	C:\WINDOWS\System32\gdi32full.dll
0x00007ff921240000 - 0x00007ff9212da000 	C:\WINDOWS\System32\msvcp_win.dll
0x00007ff919ac0000 - 0x00007ff919aca000 	C:\WINDOWS\SYSTEM32\VERSION.dll
0x00007ff922940000 - 0x00007ff922971000 	C:\WINDOWS\System32\IMM32.DLL
0x00007ff912460000 - 0x00007ff91246c000 	C:\Program Files\Java\jdk-17.0.2\bin\vcruntime140_1.dll
0x00007ff8e0fa0000 - 0x00007ff8e102d000 	C:\Program Files\Java\jdk-17.0.2\bin\msvcp140.dll
0x00007ff8d1d80000 - 0x00007ff8d2941000 	C:\Program Files\Java\jdk-17.0.2\bin\server\jvm.dll
0x00007ff922b70000 - 0x00007ff922b78000 	C:\WINDOWS\System32\PSAPI.DLL
0x00007ff8ff230000 - 0x00007ff8ff239000 	C:\WINDOWS\SYSTEM32\WSOCK32.dll
0x00007ff917ef0000 - 0x00007ff917f24000 	C:\WINDOWS\SYSTEM32\WINMM.dll
0x00007ff922e60000 - 0x00007ff922ed1000 	C:\WINDOWS\System32\WS2_32.dll
0x00007ff9201a0000 - 0x00007ff9201b8000 	C:\WINDOWS\SYSTEM32\kernel.appcore.dll
0x00007ff9119c0000 - 0x00007ff9119ca000 	C:\Program Files\Java\jdk-17.0.2\bin\jimage.dll
0x00007ff91e8c0000 - 0x00007ff91eaee000 	C:\WINDOWS\SYSTEM32\DBGHELP.DLL
0x00007ff9225a0000 - 0x00007ff922929000 	C:\WINDOWS\System32\combase.dll
0x00007ff922a90000 - 0x00007ff922b67000 	C:\WINDOWS\System32\OLEAUT32.dll
0x00007ff914650000 - 0x00007ff914682000 	C:\WINDOWS\SYSTEM32\dbgcore.DLL
0x00007ff9212e0000 - 0x00007ff92135b000 	C:\WINDOWS\System32\bcryptPrimitives.dll
0x00007ff91e1f0000 - 0x00007ff91e1fe000 	C:\Program Files\Java\jdk-17.0.2\bin\instrument.dll
0x00007ff9071d0000 - 0x00007ff9071f5000 	C:\Program Files\Java\jdk-17.0.2\bin\java.dll
0x00007ff8e0af0000 - 0x00007ff8e0bc6000 	C:\Program Files\Java\jdk-17.0.2\bin\jsvml.dll
0x00007ff923430000 - 0x00007ff923c2a000 	C:\WINDOWS\System32\SHELL32.dll
0x00007ff91f150000 - 0x00007ff91fa1e000 	C:\WINDOWS\SYSTEM32\windows.storage.dll
0x00007ff91f010000 - 0x00007ff91f14e000 	C:\WINDOWS\SYSTEM32\wintypes.dll
0x00007ff922990000 - 0x00007ff922a81000 	C:\WINDOWS\System32\SHCORE.dll
0x00007ff9220c0000 - 0x00007ff92211e000 	C:\WINDOWS\System32\shlwapi.dll
0x00007ff921080000 - 0x00007ff9210a1000 	C:\WINDOWS\SYSTEM32\profapi.dll
0x00007ff8fdf20000 - 0x00007ff8fdf38000 	C:\Program Files\Java\jdk-17.0.2\bin\zip.dll
0x00007ff90ab00000 - 0x00007ff90ab19000 	C:\Program Files\Java\jdk-17.0.2\bin\net.dll
0x00007ff91b880000 - 0x00007ff91b9b7000 	C:\WINDOWS\SYSTEM32\WINHTTP.dll
0x00007ff920610000 - 0x00007ff920679000 	C:\WINDOWS\system32\mswsock.dll
0x00007ff902650000 - 0x00007ff902666000 	C:\Program Files\Java\jdk-17.0.2\bin\nio.dll
0x00007ff91c4a0000 - 0x00007ff91c4ba000 	A:\installed games\IntelliJ IDEA 2021.3\bin\breakgen64.dll
0x00007ff91fcf0000 - 0x00007ff91fde3000 	C:\WINDOWS\SYSTEM32\DNSAPI.dll
0x00007ff91fc80000 - 0x00007ff91fcad000 	C:\WINDOWS\SYSTEM32\IPHLPAPI.DLL
0x00007ff922930000 - 0x00007ff922939000 	C:\WINDOWS\System32\NSI.dll
0x00007ff919dd0000 - 0x00007ff919dda000 	C:\Windows\System32\rasadhlp.dll
0x00007ff919040000 - 0x00007ff9190c4000 	C:\WINDOWS\System32\fwpuclnt.dll
0x00007ff91c1f0000 - 0x00007ff91c1f9000 	C:\Program Files\Java\jdk-17.0.2\bin\management.dll
0x00007ff91c1e0000 - 0x00007ff91c1eb000 	C:\Program Files\Java\jdk-17.0.2\bin\management_ext.dll
0x00007ff920870000 - 0x00007ff92088b000 	C:\WINDOWS\SYSTEM32\CRYPTSP.dll
0x00007ff920110000 - 0x00007ff920145000 	C:\WINDOWS\system32\rsaenh.dll
0x00007ff920710000 - 0x00007ff920738000 	C:\WINDOWS\SYSTEM32\USERENV.dll
0x00007ff920a10000 - 0x00007ff920a38000 	C:\WINDOWS\SYSTEM32\bcrypt.dll
0x00007ff920890000 - 0x00007ff92089c000 	C:\WINDOWS\SYSTEM32\CRYPTBASE.dll
0x00007ff91a030000 - 0x00007ff91a049000 	C:\WINDOWS\SYSTEM32\dhcpcsvc6.DLL
0x00007ff919ff0000 - 0x00007ff91a00f000 	C:\WINDOWS\SYSTEM32\dhcpcsvc.DLL
0x00007ff8fa2e0000 - 0x00007ff8fa2f7000 	C:\WINDOWS\system32\napinsp.dll
0x00007ff8fa2c0000 - 0x00007ff8fa2db000 	C:\WINDOWS\system32\pnrpnsp.dll
0x00007ff8fa2a0000 - 0x00007ff8fa2b1000 	C:\WINDOWS\System32\winrnr.dll
0x00007ff8f7ff0000 - 0x00007ff8f8005000 	C:\WINDOWS\system32\wshbth.dll
0x00007ff8f7fc0000 - 0x00007ff8f7fe1000 	C:\WINDOWS\system32\nlansp_c.dll
0x00007ff90cbe0000 - 0x00007ff90cbf0000 	C:\Program Files\Java\jdk-17.0.2\bin\verify.dll
0x00007ff919ea0000 - 0x00007ff919eae000 	C:\Program Files\Java\jdk-17.0.2\bin\sunmscapi.dll
0x00007ff921480000 - 0x00007ff9215e7000 	C:\WINDOWS\System32\CRYPT32.dll
0x00007ff9209e0000 - 0x00007ff920a0e000 	C:\WINDOWS\SYSTEM32\ncrypt.dll
0x00007ff9209a0000 - 0x00007ff9209d7000 	C:\WINDOWS\SYSTEM32\NTASN1.dll

dbghelp: loaded successfully - version: 4.0.5 - missing functions: none
symbol engine: initialized successfully - sym options: 0x614 - pdb path: .;C:\Program Files\Java\jdk-17.0.2\bin;C:\WINDOWS\SYSTEM32;C:\WINDOWS\WinSxS\amd64_microsoft.windows.common-controls_6595b64144ccf1df_6.0.22621.1635_none_270f70857386168e;C:\Program Files\Java\jdk-17.0.2\bin\server;A:\installed games\IntelliJ IDEA 2021.3\bin

VM Arguments:
jvm_args: -XX:TieredStopAtLevel=1 -Dspring.output.ansi.enabled=always -Dcom.sun.management.jmxremote -Dspring.jmx.enabled=true -Dspring.liveBeansView.mbeanDomain -Dspring.application.admin.enabled=true -Dmanagement.endpoints.jmx.exposure.include=* -javaagent:A:\installed games\IntelliJ IDEA 2021.3\lib\idea_rt.jar=1459:A:\installed games\IntelliJ IDEA 2021.3\bin -Dfile.encoding=UTF-8 
java_command: com.example.e_ticket_uz_railway.ETicketUzRailwayApplication
java_class_path (initial): A:\Documents\Java\6-modul\codes\E_Ticket_Uz_Railway\target\classes;C:\Users\turay\.m2\repository\org\springframework\boot\spring-boot-starter-data-jpa\3.0.6\spring-boot-starter-data-jpa-3.0.6.jar;C:\Users\turay\.m2\repository\org\springframework\boot\spring-boot-starter-aop\3.0.6\spring-boot-starter-aop-3.0.6.jar;C:\Users\turay\.m2\repository\org\aspectj\aspectjweaver\1.9.19\aspectjweaver-1.9.19.jar;C:\Users\turay\.m2\repository\org\springframework\boot\spring-boot-starter-jdbc\3.0.6\spring-boot-starter-jdbc-3.0.6.jar;C:\Users\turay\.m2\repository\com\zaxxer\HikariCP\5.0.1\HikariCP-5.0.1.jar;C:\Users\turay\.m2\repository\org\springframework\spring-jdbc\6.0.8\spring-jdbc-6.0.8.jar;C:\Users\turay\.m2\repository\org\hibernate\orm\hibernate-core\6.1.7.Final\hibernate-core-6.1.7.Final.jar;C:\Users\turay\.m2\repository\jakarta\persistence\jakarta.persistence-api\3.1.0\jakarta.persistence-api-3.1.0.jar;C:\Users\turay\.m2\repository\jakarta\transaction\jakarta.transaction-api\2.0.1\jakarta.transaction-api-2.0.1.jar;C:\Users\turay\.m2\repository\org\jboss\logging\jboss-logging\3.5.0.Final\jboss-logging-3.5.0.Final.jar;C:\Users\turay\.m2\repository\org\hibernate\common\hibernate-commons-annotations\6.0.6.Final\hibernate-commons-annotations-6.0.6.Final.jar;C:\Users\turay\.m2\repository\org\jboss\jandex\2.4.2.Final\jandex-2.4.2.Final.jar;C:\Users\turay\.m2\repository\com\fasterxml\classmate\1.5.1\classmate-1.5.1.jar;C:\Users\turay\.m2\repository\net\bytebuddy\byte-buddy\1.12.23\byte-buddy-1.12.23.jar;C:\Users\turay\.m2\repository\org\glassfish\jaxb\jaxb-runtime\4.0.2\jaxb-runtime-4.0.2.jar;C:\Users\turay\.m2\repository\org\glassfish\jaxb\jaxb-core\4.0.2\jaxb-core-4.0.2.jar;C:\Users\turay\.m2\repository\org\eclipse\angus\angus-activation\2.0.0\angus-activation-2.0.0.jar;C:\Users\turay\.m2\repository\org\glassfish\jaxb\txw2\4.0.2\txw2-4.0.2.jar;C:\Users\turay\.m2\repository\com\sun\istack\istack-commons-runtime\4.1.1\istack-commons-runtime-4.1.1.jar;C
Launcher Type: SUN_STANDARD

[Global flags]
     intx CICompilerCount                          = 12                                        {product} {ergonomic}
     uint ConcGCThreads                            = 3                                         {product} {ergonomic}
     uint G1ConcRefinementThreads                  = 13                                        {product} {ergonomic}
   size_t G1HeapRegionSize                         = 1048576                                   {product} {ergonomic}
    uintx GCDrainStackTargetSize                   = 64                                        {product} {ergonomic}
   size_t InitialHeapSize                          = 123731968                                 {product} {ergonomic}
     bool ManagementServer                         = true                                      {product} {command line}
   size_t MarkStackSize                            = 4194304                                   {product} {ergonomic}
   size_t MaxHeapSize                              = 1950351360                                {product} {ergonomic}
   size_t MaxNewSize                               = 1170210816                                {product} {ergonomic}
   size_t MinHeapDeltaBytes                        = 1048576                                   {product} {ergonomic}
   size_t MinHeapSize                              = 8388608                                   {product} {ergonomic}
    uintx NonProfiledCodeHeapSize                  = 0                                      {pd product} {ergonomic}
     bool ProfileInterpreter                       = false                                  {pd product} {command line}
    uintx ProfiledCodeHeapSize                     = 0                                      {pd product} {ergonomic}
   size_t SoftMaxHeapSize                          = 1950351360                             {manageable} {ergonomic}
     intx TieredStopAtLevel                        = 1                                         {product} {command line}
     bool UseCompressedClassPointers               = true                           {product lp64_product} {ergonomic}
     bool UseCompressedOops                        = true                           {product lp64_product} {ergonomic}
     bool UseG1GC                                  = true                                      {product} {ergonomic}
     bool UseLargePagesIndividualAllocation        = false                                  {pd product} {ergonomic}

Logging:
Log output configuration:
 #0: stdout all=warning uptime,level,tags
 #1: stderr all=off uptime,level,tags

Environment Variables:
JAVA_HOME=C:\Program Files\Java\jdk-17.0.2
PATH=C:\Program Files\Common Files\Oracle\Java\javapath;C:\WINDOWS\system32;C:\WINDOWS;C:\WINDOWS\System32\Wbem;C:\WINDOWS\System32\WindowsPowerShell\v1.0\;C:\WINDOWS\System32\OpenSSH\;C:\Program Files\dotnet\;C:\Program Files (x86)\NVIDIA Corporation\PhysX\Common;C:\Program Files\Java\jdk-17.0.2\bin;C:\WINDOWS\system32;C:\WINDOWS;C:\WINDOWS\System32\Wbem;C:\WINDOWS\System32\WindowsPowerShell\v1.0\;C:\WINDOWS\System32\OpenSSH\;C:\Program Files\Git\cmd;C:\Program Files\apache-maven-3.8.7\bin;;C:\Program Files\NVIDIA Corporation\NVIDIA NvDLISR;C:\Users\turay\AppData\Local\Microsoft\WindowsApps;;C:\Users\turay\.dotnet\tools;A:\installed games\IntelliJ IDEA 2021.3\bin;
USERNAME=Asadbek
OS=Windows_NT
PROCESSOR_IDENTIFIER=AMD64 Family 25 Model 68 Stepping 1, AuthenticAMD



---------------  S Y S T E M  ---------------

OS:
 Windows 11 , 64 bit Build 22621 (10.0.22621.1635)
OS uptime: 4 days 10:22 hours

CPU: total 16 (initial active 16) (16 cores per cpu, 2 threads per core) family 25 model 68 stepping 1 microcode 0x0, cx8, cmov, fxsr, ht, mmx, 3dnowpref, sse, sse2, sse3, ssse3, sse4a, sse4.1, sse4.2, popcnt, lzcnt, tsc, tscinvbit, avx, avx2, aes, erms, clmul, bmi1, bmi2, adx, sha, fma, vzeroupper, clflush, clflushopt

Memory: 4k page, system-wide physical 7436M (758M free)
TotalPageFile size 18385M (AvailPageFile size 4M)
current process WorkingSet (physical memory assigned to process): 173M, peak: 173M
current process commit charge ("private bytes"): 225M, peak: 250M

vm_info: Java HotSpot(TM) 64-Bit Server VM (17.0.2+8-LTS-86) for windows-amd64 JRE (17.0.2+8-LTS-86), built on Dec  7 2021 21:51:03 by "mach5one" with MS VC++ 16.8 / 16.9 (VS2019)

END.
